Log file open, 06/30/25 16:38:18
LogWindows: Failed to load 'aqProf.dll' (GetLastError=126)
LogWindows: File 'aqProf.dll' does not exist
LogWindows: Failed to load 'VtuneApi.dll' (GetLastError=126)
LogWindows: File 'VtuneApi.dll' does not exist
LogWindows: Failed to load 'VtuneApi32e.dll' (GetLastError=126)
LogWindows: File 'VtuneApi32e.dll' does not exist
LogConsoleResponse: Display: Failed to find resolution value strings in scalability ini. Falling back to default.
LogConsoleResponse: Display: Failed to find resolution value strings in scalability ini. Falling back to default.
LogInit: Display: Running engine for game: Sorry
LogPlatformFile: Not using cached read wrapper
LogTaskGraph: Started task graph with 5 named threads and 35 total threads with 3 sets of task threads.
LogStats: Stats thread started at 0.218130
LogICUInternationalization: ICU TimeZone Detection - Raw Offset: -3:00, Platform Override: ''
LogInit: Display: Loading text-based GConfig....
LogPluginManager: Mounting plugin MeshPainting
LogPluginManager: Mounting plugin XGEController
LogPluginManager: Mounting plugin AISupport
LogPluginManager: Mounting plugin Paper2D
LogPluginManager: Mounting plugin EnvironmentQueryEditor
LogPluginManager: Mounting plugin LightPropagationVolume
LogPluginManager: Mounting plugin AssetManagerEditor
LogPluginManager: Mounting plugin CryptoKeys
LogPluginManager: Mounting plugin CurveEditorTools
LogPluginManager: Mounting plugin DataValidation
LogPluginManager: Mounting plugin FacialAnimation
LogPluginManager: Mounting plugin GameplayTagsEditor
LogPluginManager: Mounting plugin MacGraphicsSwitching
LogPluginManager: Mounting plugin MaterialAnalyzer
LogPluginManager: Mounting plugin GeometryMode
LogPluginManager: Mounting plugin MobileLauncherProfileWizard
LogPluginManager: Mounting plugin PluginBrowser
LogPluginManager: Mounting plugin AnimationSharing
LogPluginManager: Mounting plugin CodeLiteSourceCodeAccess
LogPluginManager: Mounting plugin SpeedTreeImporter
LogPluginManager: Mounting plugin CLionSourceCodeAccess
LogPluginManager: Mounting plugin KDevelopSourceCodeAccess
LogPluginManager: Mounting plugin GitSourceControl
LogPluginManager: Mounting plugin NullSourceCodeAccess
LogPluginManager: Mounting plugin PerforceSourceControl
LogPluginManager: Mounting plugin PixWinPlugin
LogPluginManager: Mounting plugin PlasticSourceControl
LogPluginManager: Mounting plugin PropertyAccessNode
LogPluginManager: Mounting plugin RiderSourceCodeAccess
LogPluginManager: Mounting plugin SubversionSourceControl
LogPluginManager: Mounting plugin TextureFormatOodle
LogPluginManager: Mounting plugin UObjectPlugin
LogPluginManager: Mounting plugin VisualStudioCodeSourceCodeAccess
LogPluginManager: Mounting plugin VisualStudioSourceCodeAccess
LogPluginManager: Mounting plugin XCodeSourceCodeAccess
LogPluginManager: Mounting plugin DatasmithContent
LogPluginManager: Mounting plugin VariantManagerContent
LogPluginManager: Mounting plugin Niagara
LogPluginManager: Mounting plugin PluginUtils
LogPluginManager: Mounting plugin AlembicImporter
LogPluginManager: Mounting plugin AutomationUtils
LogPluginManager: Mounting plugin BackChannel
LogPluginManager: Mounting plugin ChaosCloth
LogPluginManager: Mounting plugin ChaosClothEditor
LogPluginManager: Mounting plugin ChaosEditor
LogPluginManager: Mounting plugin ChaosNiagara
LogPluginManager: Mounting plugin ChaosSolverPlugin
LogPluginManager: Mounting plugin CharacterAI
LogPluginManager: Mounting plugin GeometryCache
LogPluginManager: Mounting plugin GeometryCollectionPlugin
LogPluginManager: Mounting plugin LuminPlatformFeatures
LogPluginManager: Mounting plugin MagicLeap
LogPluginManager: Mounting plugin GeometryProcessing
LogPluginManager: Mounting plugin MotoSynth
LogPluginManager: Mounting plugin OpenImageDenoise
LogPluginManager: Mounting plugin ProxyLODPlugin
LogPluginManager: Mounting plugin PlanarCut
LogPluginManager: Mounting plugin PlatformCrypto
LogPluginManager: Mounting plugin PythonScriptPlugin
LogPluginManager: Mounting plugin SkeletalReduction
LogPluginManager: Mounting plugin MagicLeapLightEstimation
LogPluginManager: Mounting plugin MagicLeapMedia
LogPluginManager: Mounting plugin MagicLeapPassableWorld
LogPluginManager: Mounting plugin MLSDK
LogPluginManager: Mounting plugin AndroidMedia
LogPluginManager: Mounting plugin AvfMedia
LogPluginManager: Mounting plugin ImgMedia
LogPluginManager: Mounting plugin MediaPlayerEditor
LogPluginManager: Mounting plugin WebMMedia
LogPluginManager: Mounting plugin WmfMedia
LogPluginManager: Mounting plugin ActorSequence
LogPluginManager: Mounting plugin LevelSequenceEditor
LogPluginManager: Mounting plugin MatineeToLevelSequence
LogPluginManager: Mounting plugin TemplateSequence
LogPluginManager: Mounting plugin TcpMessaging
LogPluginManager: Mounting plugin UdpMessaging
LogPluginManager: Mounting plugin OnlineSubsystem
LogPluginManager: Mounting plugin OnlineSubsystemNull
LogPluginManager: Mounting plugin LauncherChunkInstaller
LogPluginManager: Mounting plugin OnlineSubsystemUtils
LogPluginManager: Mounting plugin MediaCompositing
LogPluginManager: Mounting plugin AndroidDeviceProfileSelector
LogPluginManager: Mounting plugin AndroidMoviePlayer
LogPluginManager: Mounting plugin AndroidPermission
LogPluginManager: Mounting plugin AppleImageUtils
LogPluginManager: Mounting plugin ActorLayerUtilities
LogPluginManager: Mounting plugin ArchVisCharacter
LogPluginManager: Mounting plugin AssetTags
LogPluginManager: Mounting plugin AudioCapture
LogPluginManager: Mounting plugin AudioSynesthesia
LogPluginManager: Mounting plugin CableComponent
LogPluginManager: Mounting plugin ChunkDownloader
LogPluginManager: Mounting plugin CustomMeshComponent
LogPluginManager: Mounting plugin AppleMoviePlayer
LogPluginManager: Mounting plugin ExampleDeviceProfileSelector
LogPluginManager: Mounting plugin EditableMesh
LogPluginManager: Mounting plugin ScreenshotTools
LogPluginManager: Mounting plugin GoogleCloudMessaging
LogPluginManager: Mounting plugin GooglePAD
LogPluginManager: Mounting plugin IOSDeviceProfileSelector
LogPluginManager: Mounting plugin LinuxDeviceProfileSelector
LogPluginManager: Mounting plugin LocationServicesBPLibrary
LogPluginManager: Mounting plugin MobilePatchingUtils
LogPluginManager: Mounting plugin OpenXR
LogPluginManager: Mounting plugin OpenXREyeTracker
LogPluginManager: Mounting plugin OpenXRHandTracking
LogPluginManager: Mounting plugin Takes
LogPluginManager: Mounting plugin PostSplashScreen
LogPluginManager: Mounting plugin PhysXVehicles
LogPluginManager: Mounting plugin PropertyAccessEditor
LogPluginManager: Mounting plugin SoundFields
LogPluginManager: Mounting plugin SignificanceManager
LogPluginManager: Mounting plugin RuntimePhysXCooking
LogPluginManager: Mounting plugin ProceduralMeshComponent
LogPluginManager: Mounting plugin Synthesis
LogPluginManager: Mounting plugin WebMMoviePlayer
LogPluginManager: Mounting plugin WindowsMoviePlayer
LogPluginManager: Mounting plugin OodleData
LogPluginManager: Mounting plugin OodleNetwork
LogPluginManager: Mounting plugin LiveLink
LogPluginManager: Mounting plugin CameraShakePreviewer
LogPluginManager: Mounting plugin GameplayCameras
LogPluginManager: Mounting plugin ContentBrowserAssetDataSource
LogPluginManager: Mounting plugin ContentBrowserClassDataSource
LogPluginManager: Mounting plugin ContentBrowserFileDataSource
LogPluginManager: Mounting plugin OnlineSubsystemGooglePlay
LogPluginManager: Mounting plugin OnlineSubsystemIOS
LogPluginManager: Mounting plugin OculusVR
LogPluginManager: Mounting plugin SteamVR
PixWinPlugin: PIX capture plugin failed to initialize! Check that the process is launched from PIX.
LogInit: Using libcurl 7.55.1-DEV
LogInit:  - built for x86_64-pc-win32
LogInit:  - supports SSL with OpenSSL/1.1.1
LogInit:  - supports HTTP deflate (compression) using libz 1.2.8
LogInit:  - other features:
LogInit:      CURL_VERSION_SSL
LogInit:      CURL_VERSION_LIBZ
LogInit:      CURL_VERSION_IPV6
LogInit:      CURL_VERSION_ASYNCHDNS
LogInit:      CURL_VERSION_LARGEFILE
LogInit:      CURL_VERSION_IDN
LogInit:  CurlRequestOptions (configurable via config and command line):
LogInit:  - bVerifyPeer = true  - Libcurl will verify peer certificate
LogInit:  - bUseHttpProxy = false  - Libcurl will NOT use HTTP proxy
LogInit:  - bDontReuseConnections = false  - Libcurl will reuse connections
LogInit:  - MaxHostConnections = 16  - Libcurl will limit the number of connections to a host
LogInit:  - LocalHostAddr = Default
LogInit:  - BufferSize = 65536
LogOnline: OSS: Creating online subsystem instance for: NULL
LogInit: WinSock: version 1.1 (2.2), MaxSocks=32767, MaxUdp=65467
LogOnline: OSS: TryLoadSubsystemAndSetDefault: Loaded subsystem for module [NULL]
LogOculusPluginWrapper: OculusPlugin initialized successfully
LogHMD: Failed initializing OVRPlugin 1.59.0
LogInit: Build: ++UE4+Release-4.27-CL-18319896
LogInit: Engine Version: 4.27.2-18319896+++UE4+Release-4.27
LogInit: Compatible Engine Version: 4.27.0-17155196+++UE4+Release-4.27
LogInit: Net CL: 17155196
LogInit: OS: Windows 10 (Release 2009) (), CPU: Intel(R) Core(TM) i5-10400 CPU @ 2.90GHz, GPU: Intel(R) UHD Graphics 630
LogInit: Compiled (64-bit): Nov 30 2021 07:12:08
LogInit: Compiled with Visual C++: 19.24.28315.00
LogInit: Build Configuration: Development
LogInit: Branch Name: ++UE4+Release-4.27
LogInit: Command Line:  -AUTH_LOGIN=unused -AUTH_PASSWORD=31ac927e08254b0684aaf2c8fcc4d06b -AUTH_TYPE=exchangecode -epicapp=UE_4.27 -epicenv=Prod -EpicPortal -epicusername=StingyCereal6537 -epicuserid=b6b3a5d3b5a1401a86053e3da5219de6 -epiclocale=pt-BR -epicsandboxid=ue
LogInit: Base Directory: C:/Program Files/Epic Games/UE_4.27/Engine/Binaries/Win64/
LogInit: Allocator: TBB
LogInit: Installed Engine Build: 1
LogDevObjectVersion: Number of dev versions registered: 29
LogDevObjectVersion:   Dev-Blueprints (B0D832E4-1F89-4F0D-ACCF-7EB736FD4AA2): 10
LogDevObjectVersion:   Dev-Build (E1C64328-A22C-4D53-A36C-8E866417BD8C): 0
LogDevObjectVersion:   Dev-Core (375EC13C-06E4-48FB-B500-84F0262A717E): 4
LogDevObjectVersion:   Dev-Editor (E4B068ED-F494-42E9-A231-DA0B2E46BB41): 40
LogDevObjectVersion:   Dev-Framework (CFFC743F-43B0-4480-9391-14DF171D2073): 37
LogDevObjectVersion:   Dev-Mobile (B02B49B5-BB20-44E9-A304-32B752E40360): 3
LogDevObjectVersion:   Dev-Networking (A4E4105C-59A1-49B5-A7C5-40C4547EDFEE): 0
LogDevObjectVersion:   Dev-Online (39C831C9-5AE6-47DC-9A44-9C173E1C8E7C): 0
LogDevObjectVersion:   Dev-Physics (78F01B33-EBEA-4F98-B9B4-84EACCB95AA2): 14
LogDevObjectVersion:   Dev-Platform (6631380F-2D4D-43E0-8009-CF276956A95A): 0
LogDevObjectVersion:   Dev-Rendering (12F88B9F-8875-4AFC-A67C-D90C383ABD29): 45
LogDevObjectVersion:   Dev-Sequencer (7B5AE74C-D270-4C10-A958-57980B212A5A): 13
LogDevObjectVersion:   Dev-VR (D7296918-1DD6-4BDD-9DE2-64A83CC13884): 3
LogDevObjectVersion:   Dev-LoadTimes (C2A15278-BFE7-4AFE-6C17-90FF531DF755): 1
LogDevObjectVersion:   Private-Geometry (6EACA3D4-40EC-4CC1-B786-8BED09428FC5): 3
LogDevObjectVersion:   Dev-AnimPhys (29E575DD-E0A3-4627-9D10-D276232CDCEA): 17
LogDevObjectVersion:   Dev-Anim (AF43A65D-7FD3-4947-9873-3E8ED9C1BB05): 15
LogDevObjectVersion:   Dev-ReflectionCapture (6B266CEC-1EC7-4B8F-A30B-E4D90942FC07): 1
LogDevObjectVersion:   Dev-Automation (0DF73D61-A23F-47EA-B727-89E90C41499A): 1
LogDevObjectVersion:   FortniteMain (601D1886-AC64-4F84-AA16-D3DE0DEAC7D6): 47
LogDevObjectVersion:   FortniteRelease (E7086368-6B23-4C58-8439-1B7016265E91): 1
LogDevObjectVersion:   Dev-Enterprise (9DFFBCD6-494F-0158-E221-12823C92A888): 10
LogDevObjectVersion:   Dev-Niagara (F2AED0AC-9AFE-416F-8664-AA7FFA26D6FC): 1
LogDevObjectVersion:   Dev-Destruction (174F1F0B-B4C6-45A5-B13F-2EE8D0FB917D): 10
LogDevObjectVersion:   Dev-Physics-Ext (35F94A83-E258-406C-A318-09F59610247C): 41
LogDevObjectVersion:   Dev-PhysicsMaterial-Chaos (B68FC16E-8B1B-42E2-B453-215C058844FE): 1
LogDevObjectVersion:   Dev-CineCamera (B2E18506-4273-CFC2-A54E-F4BB758BBA07): 1
LogDevObjectVersion:   Dev-VirtualProduction (64F58936-FD1B-42BA-BA96-7289D5D0FA4E): 1
LogDevObjectVersion:   Dev-MediaFramework (6F0ED827-A609-4895-9C91-998D90180EA4): 2
LogInit: Presizing for max 25165824 objects, including 0 objects not considered by GC, pre-allocating 0 bytes for permanent pool.
LogConfig: Applying CVar settings from Section [/Script/Engine.StreamingSettings] File [C:/Users/lorenzo.holanda/Documents/TCC/Sorry/Saved/Config/Windows/Engine.ini]
LogConfig: Setting CVar [[s.MinBulkDataSizeForAsyncLoading:131072]]
LogConfig: Setting CVar [[s.AsyncLoadingThreadEnabled:0]]
LogConfig: Setting CVar [[s.EventDrivenLoaderEnabled:1]]
LogConfig: Setting CVar [[s.WarnIfTimeLimitExceeded:0]]
LogConfig: Setting CVar [[s.TimeLimitExceededMultiplier:1.5]]
LogConfig: Setting CVar [[s.TimeLimitExceededMinTime:0.005]]
LogConfig: Setting CVar [[s.UseBackgroundLevelStreaming:1]]
LogConfig: Setting CVar [[s.PriorityAsyncLoadingExtraTime:15.0]]
LogConfig: Setting CVar [[s.LevelStreamingActorsUpdateTimeLimit:5.0]]
LogConfig: Setting CVar [[s.PriorityLevelStreamingActorsUpdateExtraTime:5.0]]
LogConfig: Setting CVar [[s.LevelStreamingComponentsRegistrationGranularity:10]]
LogConfig: Setting CVar [[s.UnregisterComponentsTimeLimit:1.0]]
LogConfig: Setting CVar [[s.LevelStreamingComponentsUnregistrationGranularity:5]]
LogConfig: Setting CVar [[s.FlushStreamingOnExit:1]]
LogInit: Object subsystem initialized
LogConfig: Setting CVar [[con.DebugEarlyDefault:1]]
LogConfig: Setting CVar [[r.setres:1280x720]]
[2025.06.30-19.38.19:141][  0]LogConfig: Setting CVar [[r.VSync:0]]
[2025.06.30-19.38.19:141][  0]LogConfig: Setting CVar [[r.RHICmdBypass:0]]
[2025.06.30-19.38.19:141][  0]LogConfig: Applying CVar settings from Section [/Script/Engine.RendererSettings] File [C:/Users/lorenzo.holanda/Documents/TCC/Sorry/Saved/Config/Windows/Engine.ini]
[2025.06.30-19.38.19:141][  0]LogConfig: Setting CVar [[r.GPUCrashDebugging:0]]
[2025.06.30-19.38.19:141][  0]LogConfig: Applying CVar settings from Section [/Script/Engine.RendererOverrideSettings] File [C:/Users/lorenzo.holanda/Documents/TCC/Sorry/Saved/Config/Windows/Engine.ini]
[2025.06.30-19.38.19:141][  0]LogConfig: Applying CVar settings from Section [/Script/Engine.StreamingSettings] File [C:/Users/lorenzo.holanda/Documents/TCC/Sorry/Saved/Config/Windows/Engine.ini]
[2025.06.30-19.38.19:141][  0]LogConfig: Setting CVar [[s.MinBulkDataSizeForAsyncLoading:131072]]
[2025.06.30-19.38.19:141][  0]LogConfig: Setting CVar [[s.AsyncLoadingThreadEnabled:0]]
[2025.06.30-19.38.19:141][  0]LogConfig: Setting CVar [[s.EventDrivenLoaderEnabled:1]]
[2025.06.30-19.38.19:141][  0]LogConfig: Setting CVar [[s.WarnIfTimeLimitExceeded:0]]
[2025.06.30-19.38.19:141][  0]LogConfig: Setting CVar [[s.TimeLimitExceededMultiplier:1.5]]
[2025.06.30-19.38.19:141][  0]LogConfig: Setting CVar [[s.TimeLimitExceededMinTime:0.005]]
[2025.06.30-19.38.19:141][  0]LogConfig: Setting CVar [[s.UseBackgroundLevelStreaming:1]]
[2025.06.30-19.38.19:141][  0]LogConfig: Setting CVar [[s.PriorityAsyncLoadingExtraTime:15.0]]
[2025.06.30-19.38.19:141][  0]LogConfig: Setting CVar [[s.LevelStreamingActorsUpdateTimeLimit:5.0]]
[2025.06.30-19.38.19:141][  0]LogConfig: Setting CVar [[s.PriorityLevelStreamingActorsUpdateExtraTime:5.0]]
[2025.06.30-19.38.19:141][  0]LogConfig: Setting CVar [[s.LevelStreamingComponentsRegistrationGranularity:10]]
[2025.06.30-19.38.19:141][  0]LogConfig: Setting CVar [[s.UnregisterComponentsTimeLimit:1.0]]
[2025.06.30-19.38.19:141][  0]LogConfig: Setting CVar [[s.LevelStreamingComponentsUnregistrationGranularity:5]]
[2025.06.30-19.38.19:141][  0]LogConfig: Setting CVar [[s.FlushStreamingOnExit:1]]
[2025.06.30-19.38.19:141][  0]LogConfig: Applying CVar settings from Section [/Script/Engine.GarbageCollectionSettings] File [C:/Users/lorenzo.holanda/Documents/TCC/Sorry/Saved/Config/Windows/Engine.ini]
[2025.06.30-19.38.19:141][  0]LogConfig: Setting CVar [[gc.MaxObjectsNotConsideredByGC:1]]
[2025.06.30-19.38.19:141][  0]LogConfig: Setting CVar [[gc.SizeOfPermanentObjectPool:0]]
[2025.06.30-19.38.19:141][  0]LogConfig: Setting CVar [[gc.FlushStreamingOnGC:0]]
[2025.06.30-19.38.19:141][  0]LogConfig: Setting CVar [[gc.NumRetriesBeforeForcingGC:10]]
[2025.06.30-19.38.19:141][  0]LogConfig: Setting CVar [[gc.AllowParallelGC:1]]
[2025.06.30-19.38.19:141][  0]LogConfig: Setting CVar [[gc.TimeBetweenPurgingPendingKillObjects:61.1]]
[2025.06.30-19.38.19:141][  0]LogConfig: Setting CVar [[gc.MaxObjectsInEditor:25165824]]
[2025.06.30-19.38.19:141][  0]LogConfig: Setting CVar [[gc.IncrementalBeginDestroyEnabled:1]]
[2025.06.30-19.38.19:141][  0]LogConfig: Setting CVar [[gc.CreateGCClusters:1]]
[2025.06.30-19.38.19:141][  0]LogConfig: Setting CVar [[gc.MinGCClusterSize:5]]
[2025.06.30-19.38.19:141][  0]LogConfig: Setting CVar [[gc.ActorClusteringEnabled:0]]
[2025.06.30-19.38.19:141][  0]LogConfig: Setting CVar [[gc.BlueprintClusteringEnabled:0]]
[2025.06.30-19.38.19:141][  0]LogConfig: Setting CVar [[gc.UseDisregardForGCOnDedicatedServers:0]]
[2025.06.30-19.38.19:142][  0]LogConfig: Setting CVar [[gc.MultithreadedDestructionEnabled:1]]
[2025.06.30-19.38.19:142][  0]LogConfig: Applying CVar settings from Section [/Script/Engine.NetworkSettings] File [C:/Users/lorenzo.holanda/Documents/TCC/Sorry/Saved/Config/Windows/Engine.ini]
[2025.06.30-19.38.19:142][  0]LogConfig: Applying CVar settings from Section [/Script/UnrealEd.CookerSettings] File [C:/Users/lorenzo.holanda/Documents/TCC/Sorry/Saved/Config/Windows/Engine.ini]
[2025.06.30-19.38.19:161][  0]LogConfig: Applying CVar settings from Section [ViewDistanceQuality@3] File [C:/Users/lorenzo.holanda/Documents/TCC/Sorry/Saved/Config/Windows/Scalability.ini]
[2025.06.30-19.38.19:161][  0]LogConfig: Setting CVar [[r.SkeletalMeshLODBias:0]]
[2025.06.30-19.38.19:161][  0]LogConfig: Setting CVar [[r.ViewDistanceScale:1.0]]
[2025.06.30-19.38.19:161][  0]LogConfig: Applying CVar settings from Section [AntiAliasingQuality@3] File [C:/Users/lorenzo.holanda/Documents/TCC/Sorry/Saved/Config/Windows/Scalability.ini]
[2025.06.30-19.38.19:161][  0]LogConfig: Setting CVar [[r.PostProcessAAQuality:4]]
[2025.06.30-19.38.19:161][  0]LogConfig: Applying CVar settings from Section [ShadowQuality@3] File [C:/Users/lorenzo.holanda/Documents/TCC/Sorry/Saved/Config/Windows/Scalability.ini]
[2025.06.30-19.38.19:161][  0]LogConfig: Setting CVar [[r.LightFunctionQuality:1]]
[2025.06.30-19.38.19:161][  0]LogConfig: Setting CVar [[r.ShadowQuality:5]]
[2025.06.30-19.38.19:161][  0]LogConfig: Setting CVar [[r.Shadow.CSM.MaxCascades:10]]
[2025.06.30-19.38.19:161][  0]LogConfig: Setting CVar [[r.Shadow.MaxResolution:2048]]
[2025.06.30-19.38.19:161][  0]LogConfig: Setting CVar [[r.Shadow.MaxCSMResolution:2048]]
[2025.06.30-19.38.19:161][  0]LogConfig: Setting CVar [[r.Shadow.RadiusThreshold:0.01]]
[2025.06.30-19.38.19:161][  0]LogConfig: Setting CVar [[r.Shadow.DistanceScale:1.0]]
[2025.06.30-19.38.19:161][  0]LogConfig: Setting CVar [[r.Shadow.CSM.TransitionScale:1.0]]
[2025.06.30-19.38.19:161][  0]LogConfig: Setting CVar [[r.Shadow.PreShadowResolutionFactor:1.0]]
[2025.06.30-19.38.19:161][  0]LogConfig: Setting CVar [[r.DistanceFieldShadowing:1]]
[2025.06.30-19.38.19:161][  0]LogConfig: Setting CVar [[r.DistanceFieldAO:1]]
[2025.06.30-19.38.19:161][  0]LogConfig: Setting CVar [[r.AOQuality:2]]
[2025.06.30-19.38.19:161][  0]LogConfig: Setting CVar [[r.VolumetricFog:1]]
[2025.06.30-19.38.19:161][  0]LogConfig: Setting CVar [[r.VolumetricFog.GridPixelSize:8]]
[2025.06.30-19.38.19:161][  0]LogConfig: Setting CVar [[r.VolumetricFog.GridSizeZ:128]]
[2025.06.30-19.38.19:161][  0]LogConfig: Setting CVar [[r.VolumetricFog.HistoryMissSupersampleCount:4]]
[2025.06.30-19.38.19:161][  0]LogConfig: Setting CVar [[r.LightMaxDrawDistanceScale:1]]
[2025.06.30-19.38.19:161][  0]LogConfig: Setting CVar [[r.CapsuleShadows:1]]
[2025.06.30-19.38.19:161][  0]LogConfig: Applying CVar settings from Section [PostProcessQuality@3] File [C:/Users/lorenzo.holanda/Documents/TCC/Sorry/Saved/Config/Windows/Scalability.ini]
[2025.06.30-19.38.19:161][  0]LogConfig: Setting CVar [[r.MotionBlurQuality:4]]
[2025.06.30-19.38.19:161][  0]LogConfig: Setting CVar [[r.AmbientOcclusionMipLevelFactor:0.4]]
[2025.06.30-19.38.19:161][  0]LogConfig: Setting CVar [[r.AmbientOcclusionMaxQuality:100]]
[2025.06.30-19.38.19:161][  0]LogConfig: Setting CVar [[r.AmbientOcclusionLevels:-1]]
[2025.06.30-19.38.19:161][  0]LogConfig: Setting CVar [[r.AmbientOcclusionRadiusScale:1.0]]
[2025.06.30-19.38.19:161][  0]LogConfig: Setting CVar [[r.DepthOfFieldQuality:2]]
[2025.06.30-19.38.19:161][  0]LogConfig: Setting CVar [[r.RenderTargetPoolMin:400]]
[2025.06.30-19.38.19:161][  0]LogConfig: Setting CVar [[r.LensFlareQuality:2]]
[2025.06.30-19.38.19:161][  0]LogConfig: Setting CVar [[r.SceneColorFringeQuality:1]]
[2025.06.30-19.38.19:161][  0]LogConfig: Setting CVar [[r.EyeAdaptationQuality:2]]
[2025.06.30-19.38.19:161][  0]LogConfig: Setting CVar [[r.BloomQuality:5]]
[2025.06.30-19.38.19:161][  0]LogConfig: Setting CVar [[r.FastBlurThreshold:100]]
[2025.06.30-19.38.19:161][  0]LogConfig: Setting CVar [[r.Upscale.Quality:3]]
[2025.06.30-19.38.19:161][  0]LogConfig: Setting CVar [[r.Tonemapper.GrainQuantization:1]]
[2025.06.30-19.38.19:161][  0]LogConfig: Setting CVar [[r.LightShaftQuality:1]]
[2025.06.30-19.38.19:161][  0]LogConfig: Setting CVar [[r.Filter.SizeScale:1]]
[2025.06.30-19.38.19:161][  0]LogConfig: Setting CVar [[r.Tonemapper.Quality:5]]
[2025.06.30-19.38.19:161][  0]LogConfig: Setting CVar [[r.DOF.Gather.AccumulatorQuality:1        ; higher gathering accumulator quality]]
[2025.06.30-19.38.19:161][  0]LogConfig: Setting CVar [[r.DOF.Gather.PostfilterMethod:1          ; Median3x3 postfilering method]]
[2025.06.30-19.38.19:161][  0]LogConfig: Setting CVar [[r.DOF.Gather.EnableBokehSettings:0       ; no bokeh simulation when gathering]]
[2025.06.30-19.38.19:161][  0]LogConfig: Setting CVar [[r.DOF.Gather.RingCount:4                 ; medium number of samples when gathering]]
[2025.06.30-19.38.19:161][  0]LogConfig: Setting CVar [[r.DOF.Scatter.ForegroundCompositing:1    ; additive foreground scattering]]
[2025.06.30-19.38.19:161][  0]LogConfig: Setting CVar [[r.DOF.Scatter.BackgroundCompositing:2    ; additive background scattering]]
[2025.06.30-19.38.19:161][  0]LogConfig: Setting CVar [[r.DOF.Scatter.EnableBokehSettings:1      ; bokeh simulation when scattering]]
[2025.06.30-19.38.19:161][  0]LogConfig: Setting CVar [[r.DOF.Scatter.MaxSpriteRatio:0.1         ; only a maximum of 10% of scattered bokeh]]
[2025.06.30-19.38.19:161][  0]LogConfig: Setting CVar [[r.DOF.Recombine.Quality:1                ; cheap slight out of focus]]
[2025.06.30-19.38.19:161][  0]LogConfig: Setting CVar [[r.DOF.Recombine.EnableBokehSettings:0    ; no bokeh simulation on slight out of focus]]
[2025.06.30-19.38.19:161][  0]LogConfig: Setting CVar [[r.DOF.TemporalAAQuality:1                ; more stable temporal accumulation]]
[2025.06.30-19.38.19:161][  0]LogConfig: Setting CVar [[r.DOF.Kernel.MaxForegroundRadius:0.025]]
[2025.06.30-19.38.19:161][  0]LogConfig: Setting CVar [[r.DOF.Kernel.MaxBackgroundRadius:0.025]]
[2025.06.30-19.38.19:161][  0]LogConfig: Applying CVar settings from Section [TextureQuality@3] File [C:/Users/lorenzo.holanda/Documents/TCC/Sorry/Saved/Config/Windows/Scalability.ini]
[2025.06.30-19.38.19:161][  0]LogConfig: Setting CVar [[r.Streaming.MipBias:0]]
[2025.06.30-19.38.19:161][  0]LogConfig: Setting CVar [[r.Streaming.AmortizeCPUToGPUCopy:0]]
[2025.06.30-19.38.19:161][  0]LogConfig: Setting CVar [[r.Streaming.MaxNumTexturesToStreamPerFrame:0]]
[2025.06.30-19.38.19:161][  0]LogConfig: Setting CVar [[r.Streaming.Boost:1]]
[2025.06.30-19.38.19:161][  0]LogConfig: Setting CVar [[r.MaxAnisotropy:8]]
[2025.06.30-19.38.19:161][  0]LogConfig: Setting CVar [[r.VT.MaxAnisotropy:8]]
[2025.06.30-19.38.19:161][  0]LogConfig: Setting CVar [[r.Streaming.LimitPoolSizeToVRAM:0]]
[2025.06.30-19.38.19:161][  0]LogConfig: Setting CVar [[r.Streaming.PoolSize:1000]]
[2025.06.30-19.38.19:161][  0]LogConfig: Setting CVar [[r.Streaming.MaxEffectiveScreenSize:0]]
[2025.06.30-19.38.19:161][  0]LogConfig: Applying CVar settings from Section [EffectsQuality@3] File [C:/Users/lorenzo.holanda/Documents/TCC/Sorry/Saved/Config/Windows/Scalability.ini]
[2025.06.30-19.38.19:161][  0]LogConfig: Setting CVar [[r.TranslucencyLightingVolumeDim:64]]
[2025.06.30-19.38.19:161][  0]LogConfig: Setting CVar [[r.RefractionQuality:2]]
[2025.06.30-19.38.19:161][  0]LogConfig: Setting CVar [[r.SSR.Quality:3]]
[2025.06.30-19.38.19:161][  0]LogConfig: Setting CVar [[r.SSR.HalfResSceneColor:0]]
[2025.06.30-19.38.19:161][  0]LogConfig: Setting CVar [[r.SceneColorFormat:4]]
[2025.06.30-19.38.19:161][  0]LogConfig: Setting CVar [[r.DetailMode:2]]
[2025.06.30-19.38.19:161][  0]LogConfig: Setting CVar [[r.TranslucencyVolumeBlur:1]]
[2025.06.30-19.38.19:161][  0]LogConfig: Setting CVar [[r.MaterialQualityLevel:1 ; High quality]]
[2025.06.30-19.38.19:161][  0]LogConfig: Setting CVar [[r.AnisotropicMaterials:1]]
[2025.06.30-19.38.19:161][  0]LogConfig: Setting CVar [[r.SSS.Scale:1]]
[2025.06.30-19.38.19:161][  0]LogConfig: Setting CVar [[r.SSS.SampleSet:2]]
[2025.06.30-19.38.19:161][  0]LogConfig: Setting CVar [[r.SSS.Quality:1]]
[2025.06.30-19.38.19:161][  0]LogConfig: Setting CVar [[r.SSS.HalfRes:0]]
[2025.06.30-19.38.19:161][  0]LogConfig: Setting CVar [[r.SSGI.Quality:3]]
[2025.06.30-19.38.19:161][  0]LogConfig: Setting CVar [[r.EmitterSpawnRateScale:1.0]]
[2025.06.30-19.38.19:161][  0]LogConfig: Setting CVar [[r.ParticleLightQuality:2]]
[2025.06.30-19.38.19:161][  0]LogConfig: Setting CVar [[r.SkyAtmosphere.AerialPerspectiveLUT.FastApplyOnOpaque:1 ; Always have FastSkyLUT 1 in this case to avoid wrong sky]]
[2025.06.30-19.38.19:161][  0]LogConfig: Setting CVar [[r.SkyAtmosphere.AerialPerspectiveLUT.SampleCountMaxPerSlice:4]]
[2025.06.30-19.38.19:161][  0]LogConfig: Setting CVar [[r.SkyAtmosphere.AerialPerspectiveLUT.DepthResolution:16.0]]
[2025.06.30-19.38.19:161][  0]LogConfig: Setting CVar [[r.SkyAtmosphere.FastSkyLUT:1]]
[2025.06.30-19.38.19:161][  0]LogConfig: Setting CVar [[r.SkyAtmosphere.FastSkyLUT.SampleCountMin:4.0]]
[2025.06.30-19.38.19:161][  0]LogConfig: Setting CVar [[r.SkyAtmosphere.FastSkyLUT.SampleCountMax:128.0]]
[2025.06.30-19.38.19:161][  0]LogConfig: Setting CVar [[r.SkyAtmosphere.SampleCountMin:4.0]]
[2025.06.30-19.38.19:161][  0]LogConfig: Setting CVar [[r.SkyAtmosphere.SampleCountMax:128.0]]
[2025.06.30-19.38.19:161][  0]LogConfig: Setting CVar [[r.SkyAtmosphere.TransmittanceLUT.UseSmallFormat:0]]
[2025.06.30-19.38.19:162][  0]LogConfig: Setting CVar [[r.SkyAtmosphere.TransmittanceLUT.SampleCount:10.0]]
[2025.06.30-19.38.19:162][  0]LogConfig: Setting CVar [[r.SkyAtmosphere.MultiScatteringLUT.SampleCount:15.0]]
[2025.06.30-19.38.19:162][  0]LogConfig: Setting CVar [[r.SkyLight.RealTimeReflectionCapture:1]]
[2025.06.30-19.38.19:162][  0]LogConfig: Applying CVar settings from Section [FoliageQuality@3] File [C:/Users/lorenzo.holanda/Documents/TCC/Sorry/Saved/Config/Windows/Scalability.ini]
[2025.06.30-19.38.19:162][  0]LogConfig: Setting CVar [[foliage.DensityScale:1.0]]
[2025.06.30-19.38.19:162][  0]LogConfig: Setting CVar [[grass.DensityScale:1.0]]
[2025.06.30-19.38.19:162][  0]LogConfig: Applying CVar settings from Section [ShadingQuality@3] File [C:/Users/lorenzo.holanda/Documents/TCC/Sorry/Saved/Config/Windows/Scalability.ini]
[2025.06.30-19.38.19:162][  0]LogConfig: Setting CVar [[r.HairStrands.SkyLighting.IntegrationType:2]]
[2025.06.30-19.38.19:162][  0]LogConfig: Setting CVar [[r.HairStrands.SkyAO.SampleCount:4]]
[2025.06.30-19.38.19:162][  0]LogConfig: Setting CVar [[r.HairStrands.Visibility.MSAA.SamplePerPixel:4]]
[2025.06.30-19.38.19:162][  0]LogInit: Selected Device Profile: [Windows]
[2025.06.30-19.38.19:162][  0]LogInit: Applying CVar settings loaded from the selected device profile: [Windows]
[2025.06.30-19.38.19:162][  0]LogHAL: Display: Platform has ~ 16 GB [16949673984 / 17179869184 / 16], which maps to Larger [LargestMinGB=32, LargerMinGB=12, DefaultMinGB=8, SmallerMinGB=6, SmallestMinGB=0)
[2025.06.30-19.38.19:162][  0]LogInit: Going up to parent DeviceProfile []
[2025.06.30-19.38.19:162][  0]LogConfig: Applying CVar settings from Section [ViewDistanceQuality@0] File [C:/Users/lorenzo.holanda/Documents/TCC/Sorry/Saved/Config/Windows/Scalability.ini]
[2025.06.30-19.38.19:162][  0]LogConfig: Setting CVar [[r.SkeletalMeshLODBias:2]]
[2025.06.30-19.38.19:162][  0]LogConfig: Setting CVar [[r.ViewDistanceScale:0.4]]
[2025.06.30-19.38.19:162][  0]LogConfig: Applying CVar settings from Section [AntiAliasingQuality@0] File [C:/Users/lorenzo.holanda/Documents/TCC/Sorry/Saved/Config/Windows/Scalability.ini]
[2025.06.30-19.38.19:162][  0]LogConfig: Setting CVar [[r.PostProcessAAQuality:0]]
[2025.06.30-19.38.19:162][  0]LogConfig: Applying CVar settings from Section [ShadowQuality@0] File [C:/Users/lorenzo.holanda/Documents/TCC/Sorry/Saved/Config/Windows/Scalability.ini]
[2025.06.30-19.38.19:162][  0]LogConfig: Setting CVar [[r.LightFunctionQuality:0]]
[2025.06.30-19.38.19:162][  0]LogConfig: Setting CVar [[r.ShadowQuality:0]]
[2025.06.30-19.38.19:162][  0]LogConfig: Setting CVar [[r.Shadow.CSM.MaxCascades:1]]
[2025.06.30-19.38.19:162][  0]LogConfig: Setting CVar [[r.Shadow.MaxResolution:512]]
[2025.06.30-19.38.19:162][  0]LogConfig: Setting CVar [[r.Shadow.MaxCSMResolution:512]]
[2025.06.30-19.38.19:162][  0]LogConfig: Setting CVar [[r.Shadow.RadiusThreshold:0.06]]
[2025.06.30-19.38.19:162][  0]LogConfig: Setting CVar [[r.Shadow.DistanceScale:0.6]]
[2025.06.30-19.38.19:162][  0]LogConfig: Setting CVar [[r.Shadow.CSM.TransitionScale:0]]
[2025.06.30-19.38.19:162][  0]LogConfig: Setting CVar [[r.Shadow.PreShadowResolutionFactor:0.5]]
[2025.06.30-19.38.19:162][  0]LogConfig: Setting CVar [[r.DistanceFieldShadowing:0]]
[2025.06.30-19.38.19:162][  0]LogConfig: Setting CVar [[r.DistanceFieldAO:0]]
[2025.06.30-19.38.19:162][  0]LogConfig: Setting CVar [[r.VolumetricFog:0]]
[2025.06.30-19.38.19:162][  0]LogConfig: Setting CVar [[r.LightMaxDrawDistanceScale:0]]
[2025.06.30-19.38.19:162][  0]LogConfig: Setting CVar [[r.CapsuleShadows:0]]
[2025.06.30-19.38.19:162][  0]LogConfig: Applying CVar settings from Section [PostProcessQuality@0] File [C:/Users/lorenzo.holanda/Documents/TCC/Sorry/Saved/Config/Windows/Scalability.ini]
[2025.06.30-19.38.19:162][  0]LogConfig: Setting CVar [[r.MotionBlurQuality:0]]
[2025.06.30-19.38.19:162][  0]LogConfig: Setting CVar [[r.AmbientOcclusionMipLevelFactor:1.0]]
[2025.06.30-19.38.19:162][  0]LogConfig: Setting CVar [[r.AmbientOcclusionMaxQuality:0]]
[2025.06.30-19.38.19:162][  0]LogConfig: Setting CVar [[r.AmbientOcclusionLevels:0]]
[2025.06.30-19.38.19:162][  0]LogConfig: Setting CVar [[r.AmbientOcclusionRadiusScale:1.2]]
[2025.06.30-19.38.19:162][  0]LogConfig: Setting CVar [[r.DepthOfFieldQuality:0]]
[2025.06.30-19.38.19:162][  0]LogConfig: Setting CVar [[r.RenderTargetPoolMin:300]]
[2025.06.30-19.38.19:162][  0]LogConfig: Setting CVar [[r.LensFlareQuality:0]]
[2025.06.30-19.38.19:162][  0]LogConfig: Setting CVar [[r.SceneColorFringeQuality:0]]
[2025.06.30-19.38.19:162][  0]LogConfig: Setting CVar [[r.EyeAdaptationQuality:2]]
[2025.06.30-19.38.19:162][  0]LogConfig: Setting CVar [[r.BloomQuality:4]]
[2025.06.30-19.38.19:162][  0]LogConfig: Setting CVar [[r.FastBlurThreshold:0]]
[2025.06.30-19.38.19:162][  0]LogConfig: Setting CVar [[r.Upscale.Quality:1]]
[2025.06.30-19.38.19:162][  0]LogConfig: Setting CVar [[r.Tonemapper.GrainQuantization:0]]
[2025.06.30-19.38.19:162][  0]LogConfig: Setting CVar [[r.LightShaftQuality:0]]
[2025.06.30-19.38.19:162][  0]LogConfig: Setting CVar [[r.Filter.SizeScale:0.6]]
[2025.06.30-19.38.19:162][  0]LogConfig: Setting CVar [[r.Tonemapper.Quality:0]]
[2025.06.30-19.38.19:162][  0]LogConfig: Applying CVar settings from Section [TextureQuality@0] File [C:/Users/lorenzo.holanda/Documents/TCC/Sorry/Saved/Config/Windows/Scalability.ini]
[2025.06.30-19.38.19:162][  0]LogConfig: Setting CVar [[r.Streaming.MipBias:16]]
[2025.06.30-19.38.19:162][  0]LogConfig: Setting CVar [[r.Streaming.AmortizeCPUToGPUCopy:1]]
[2025.06.30-19.38.19:162][  0]LogConfig: Setting CVar [[r.Streaming.MaxNumTexturesToStreamPerFrame:1]]
[2025.06.30-19.38.19:162][  0]LogConfig: Setting CVar [[r.Streaming.Boost:0.3]]
[2025.06.30-19.38.19:162][  0]LogConfig: Setting CVar [[r.MaxAnisotropy:0]]
[2025.06.30-19.38.19:162][  0]LogConfig: Setting CVar [[r.VT.MaxAnisotropy:4]]
[2025.06.30-19.38.19:162][  0]LogConfig: Setting CVar [[r.Streaming.LimitPoolSizeToVRAM:1]]
[2025.06.30-19.38.19:162][  0]LogConfig: Setting CVar [[r.Streaming.PoolSize:400]]
[2025.06.30-19.38.19:162][  0]LogConfig: Setting CVar [[r.Streaming.MaxEffectiveScreenSize:0]]
[2025.06.30-19.38.19:162][  0]LogConfig: Applying CVar settings from Section [EffectsQuality@0] File [C:/Users/lorenzo.holanda/Documents/TCC/Sorry/Saved/Config/Windows/Scalability.ini]
[2025.06.30-19.38.19:162][  0]LogConfig: Setting CVar [[r.TranslucencyLightingVolumeDim:24]]
[2025.06.30-19.38.19:162][  0]LogConfig: Setting CVar [[r.RefractionQuality:0]]
[2025.06.30-19.38.19:162][  0]LogConfig: Setting CVar [[r.SSR.Quality:0]]
[2025.06.30-19.38.19:162][  0]LogConfig: Setting CVar [[r.SSR.HalfResSceneColor:1]]
[2025.06.30-19.38.19:162][  0]LogConfig: Setting CVar [[r.SceneColorFormat:3]]
[2025.06.30-19.38.19:162][  0]LogConfig: Setting CVar [[r.DetailMode:0]]
[2025.06.30-19.38.19:162][  0]LogConfig: Setting CVar [[r.TranslucencyVolumeBlur:0]]
[2025.06.30-19.38.19:162][  0]LogConfig: Setting CVar [[r.MaterialQualityLevel:0 ; Low quality]]
[2025.06.30-19.38.19:162][  0]LogConfig: Setting CVar [[r.AnisotropicMaterials:0]]
[2025.06.30-19.38.19:162][  0]LogConfig: Setting CVar [[r.SSS.Scale:0]]
[2025.06.30-19.38.19:162][  0]LogConfig: Setting CVar [[r.SSS.SampleSet:0]]
[2025.06.30-19.38.19:162][  0]LogConfig: Setting CVar [[r.SSS.Quality:0]]
[2025.06.30-19.38.19:162][  0]LogConfig: Setting CVar [[r.SSS.HalfRes:1]]
[2025.06.30-19.38.19:162][  0]LogConfig: Setting CVar [[r.SSGI.Quality:0]]
[2025.06.30-19.38.19:162][  0]LogConfig: Setting CVar [[r.EmitterSpawnRateScale:0.125]]
[2025.06.30-19.38.19:162][  0]LogConfig: Setting CVar [[r.ParticleLightQuality:0]]
[2025.06.30-19.38.19:162][  0]LogConfig: Setting CVar [[r.SkyAtmosphere.AerialPerspectiveLUT.FastApplyOnOpaque:1 ; Always have FastSkyLUT 1 in this case to avoid wrong sky]]
[2025.06.30-19.38.19:162][  0]LogConfig: Setting CVar [[r.SkyAtmosphere.AerialPerspectiveLUT.SampleCountMaxPerSlice:1]]
[2025.06.30-19.38.19:162][  0]LogConfig: Setting CVar [[r.SkyAtmosphere.AerialPerspectiveLUT.DepthResolution:8.0]]
[2025.06.30-19.38.19:162][  0]LogConfig: Setting CVar [[r.SkyAtmosphere.FastSkyLUT:1]]
[2025.06.30-19.38.19:162][  0]LogConfig: Setting CVar [[r.SkyAtmosphere.FastSkyLUT.SampleCountMin:2.0]]
[2025.06.30-19.38.19:162][  0]LogConfig: Setting CVar [[r.SkyAtmosphere.FastSkyLUT.SampleCountMax:16.0]]
[2025.06.30-19.38.19:162][  0]LogConfig: Setting CVar [[r.SkyAtmosphere.SampleCountMin:2.0]]
[2025.06.30-19.38.19:162][  0]LogConfig: Setting CVar [[r.SkyAtmosphere.SampleCountMax:16.0]]
[2025.06.30-19.38.19:162][  0]LogConfig: Setting CVar [[r.SkyAtmosphere.TransmittanceLUT.UseSmallFormat:1]]
[2025.06.30-19.38.19:162][  0]LogConfig: Setting CVar [[r.SkyAtmosphere.TransmittanceLUT.SampleCount:10.0]]
[2025.06.30-19.38.19:162][  0]LogConfig: Setting CVar [[r.SkyAtmosphere.MultiScatteringLUT.SampleCount:15.0]]
[2025.06.30-19.38.19:162][  0]LogConfig: Setting CVar [[r.SkyLight.RealTimeReflectionCapture:0]]
[2025.06.30-19.38.19:162][  0]LogConfig: Applying CVar settings from Section [FoliageQuality@0] File [C:/Users/lorenzo.holanda/Documents/TCC/Sorry/Saved/Config/Windows/Scalability.ini]
[2025.06.30-19.38.19:162][  0]LogConfig: Setting CVar [[foliage.DensityScale:0]]
[2025.06.30-19.38.19:163][  0]LogConfig: Setting CVar [[grass.DensityScale:0]]
[2025.06.30-19.38.19:163][  0]LogConfig: Applying CVar settings from Section [ShadingQuality@0] File [C:/Users/lorenzo.holanda/Documents/TCC/Sorry/Saved/Config/Windows/Scalability.ini]
[2025.06.30-19.38.19:163][  0]LogConfig: Setting CVar [[r.HairStrands.SkyLighting.IntegrationType:2]]
[2025.06.30-19.38.19:163][  0]LogConfig: Setting CVar [[r.HairStrands.SkyAO.SampleCount:4]]
[2025.06.30-19.38.19:163][  0]LogConfig: Setting CVar [[r.HairStrands.Visibility.MSAA.SamplePerPixel:1]]
[2025.06.30-19.38.19:163][  0]LogConfig: Applying CVar settings from Section [Startup] File [../../../Engine/Config/ConsoleVariables.ini]
[2025.06.30-19.38.19:163][  0]LogConfig: Setting CVar [[net.UseAdaptiveNetUpdateFrequency:0]]
[2025.06.30-19.38.19:163][  0]LogConfig: Setting CVar [[p.chaos.AllowCreatePhysxBodies:1]]
[2025.06.30-19.38.19:163][  0]LogConfig: Setting CVar [[fx.SkipVectorVMBackendOptimizations:1]]
[2025.06.30-19.38.19:163][  0]LogConfig: Applying CVar settings from Section [ConsoleVariables] File [C:/Users/lorenzo.holanda/Documents/TCC/Sorry/Saved/Config/Windows/Engine.ini]
[2025.06.30-19.38.19:163][  0]LogConfig: Applying CVar settings from Section [ConsoleVariables] File [C:/Users/lorenzo.holanda/Documents/TCC/Sorry/Saved/Config/Windows/Editor.ini]
[2025.06.30-19.38.19:163][  0]LogInit: Computer: SGS1-D10
[2025.06.30-19.38.19:163][  0]LogInit: User: lorenzoholanda
[2025.06.30-19.38.19:163][  0]LogInit: CPU Page size=4096, Cores=6
[2025.06.30-19.38.19:163][  0]LogInit: High frequency timer resolution =10.000000 MHz
[2025.06.30-19.38.19:163][  0]LogMemory: Memory total: Physical=15.8GB (16GB approx)
[2025.06.30-19.38.19:163][  0]LogMemory: Platform Memory Stats for Windows
[2025.06.30-19.38.19:163][  0]LogMemory: Process Physical Memory: 145.32 MB used, 145.32 MB peak
[2025.06.30-19.38.19:163][  0]LogMemory: Process Virtual Memory: 127.65 MB used, 127.65 MB peak
[2025.06.30-19.38.19:163][  0]LogMemory: Physical Memory: 6927.47 MB used,  9237.00 MB free, 16164.47 MB total
[2025.06.30-19.38.19:163][  0]LogMemory: Virtual Memory: 134206048.00 MB used,  11678.66 MB free, 134217728.00 MB total
[2025.06.30-19.38.19:168][  0]LogWindows: WindowsPlatformFeatures enabled
[2025.06.30-19.38.19:185][  0]LogInit: Physics initialised using underlying interface: PhysX
[2025.06.30-19.38.19:186][  0]LogInit: Using OS detected language (pt-BR).
[2025.06.30-19.38.19:186][  0]LogInit: Using OS detected locale (pt-BR).
[2025.06.30-19.38.19:210][  0]LogTextLocalizationResource: LocRes '../../../Engine/Content/Localization/Editor/pt/Editor.locres' could not be opened for reading!
[2025.06.30-19.38.19:210][  0]LogTextLocalizationResource: LocRes '../../../Engine/Content/Localization/EditorTutorials/pt/EditorTutorials.locres' could not be opened for reading!
[2025.06.30-19.38.19:211][  0]LogTextLocalizationResource: LocRes '../../../Engine/Content/Localization/Keywords/pt/Keywords.locres' could not be opened for reading!
[2025.06.30-19.38.19:211][  0]LogTextLocalizationResource: LocRes '../../../Engine/Content/Localization/Category/pt/Category.locres' could not be opened for reading!
[2025.06.30-19.38.19:211][  0]LogTextLocalizationResource: LocRes '../../../Engine/Content/Localization/ToolTips/pt/ToolTips.locres' could not be opened for reading!
[2025.06.30-19.38.19:211][  0]LogTextLocalizationResource: LocRes '../../../Engine/Content/Localization/PropertyNames/pt/PropertyNames.locres' could not be opened for reading!
[2025.06.30-19.38.19:211][  0]LogTextLocalizationResource: LocRes '../../../Engine/Content/Localization/Engine/pt/Engine.locres' could not be opened for reading!
[2025.06.30-19.38.19:211][  0]LogTextLocalizationResource: LocRes '../../../Engine/Plugins/Online/OnlineSubsystem/Content/Localization/OnlineSubsystem/pt/OnlineSubsystem.locres' could not be opened for reading!
[2025.06.30-19.38.19:211][  0]LogTextLocalizationResource: LocRes '../../../Engine/Plugins/Online/OnlineSubsystemUtils/Content/Localization/OnlineSubsystemUtils/pt/OnlineSubsystemUtils.locres' could not be opened for reading!
[2025.06.30-19.38.19:211][  0]LogTextLocalizationResource: LocRes '../../../Engine/Plugins/Online/Android/OnlineSubsystemGooglePlay/Content/Localization/OnlineSubsystemGooglePlay/pt/OnlineSubsystemGooglePlay.locres' could not be opened for reading!
[2025.06.30-19.38.19:211][  0]LogTextLocalizationResource: LocRes '../../../Engine/Plugins/Online/IOS/OnlineSubsystemIOS/Content/Localization/OnlineSubsystemIOS/pt/OnlineSubsystemIOS.locres' could not be opened for reading!
[2025.06.30-19.38.19:218][  0]LogInit: Setting process to per monitor DPI aware
[2025.06.30-19.38.19:228][  0]LogWindowsTextInputMethodSystem: Display: IME system deactivated.
[2025.06.30-19.38.19:238][  0]LogSlate: New Slate User Created.  User Index 0, Is Virtual User: 0
[2025.06.30-19.38.19:238][  0]LogSlate: Slate User Registered.  User Index 0, Is Virtual User: 0
[2025.06.30-19.38.19:364][  0]LogD3D11RHI: Loaded GFSDK_Aftermath_Lib.x64.dll
[2025.06.30-19.38.19:366][  0]LogHMD: Failed to initialize OpenVR with code 110
[2025.06.30-19.38.19:366][  0]LogD3D11RHI: D3D11 min allowed feature level: 11_0
[2025.06.30-19.38.19:366][  0]LogD3D11RHI: D3D11 max allowed feature level: 11_0
[2025.06.30-19.38.19:366][  0]LogD3D11RHI: D3D11 adapters:
[2025.06.30-19.38.19:430][  0]LogD3D11RHI:    0. 'Intel(R) UHD Graphics 630' (Feature Level 11_0)
[2025.06.30-19.38.19:430][  0]LogD3D11RHI:       128/0/8082 MB DedicatedVideo/DedicatedSystem/SharedSystem, Outputs:1, VendorId:0x8086
[2025.06.30-19.38.19:432][  0]LogD3D11RHI:    1. 'Microsoft Basic Render Driver' (Feature Level 11_0)
[2025.06.30-19.38.19:432][  0]LogD3D11RHI:       0/0/8082 MB DedicatedVideo/DedicatedSystem/SharedSystem, Outputs:0, VendorId:0x1414
[2025.06.30-19.38.19:432][  0]LogD3D11RHI: Chosen D3D11 Adapter:
[2025.06.30-19.38.19:432][  0]LogD3D11RHI:     Description : Intel(R) UHD Graphics 630
[2025.06.30-19.38.19:432][  0]LogD3D11RHI:     VendorId    : 8086
[2025.06.30-19.38.19:432][  0]LogD3D11RHI:     DeviceId    : 9bc8
[2025.06.30-19.38.19:432][  0]LogD3D11RHI:     SubSysId    : 86941043
[2025.06.30-19.38.19:432][  0]LogD3D11RHI:     Revision    : 0003
[2025.06.30-19.38.19:432][  0]LogD3D11RHI:     DedicatedVideoMemory : 134217728 bytes
[2025.06.30-19.38.19:432][  0]LogD3D11RHI:     DedicatedSystemMemory : 0 bytes
[2025.06.30-19.38.19:432][  0]LogD3D11RHI:     SharedSystemMemory : 8474836992 bytes
[2025.06.30-19.38.19:432][  0]LogD3D11RHI:     AdapterLuid : 0 47999
[2025.06.30-19.38.19:436][  0]LogD3D11RHI: Creating new Direct3DDevice
[2025.06.30-19.38.19:436][  0]LogD3D11RHI:     GPU DeviceId: 0x9bc8 (for the marketing name, search the web for "GPU Device Id")
[2025.06.30-19.38.19:436][  0]LogWindows: EnumDisplayDevices:
[2025.06.30-19.38.19:436][  0]LogWindows:    0. 'Intel(R) UHD Graphics 630' (P:1 D:1)
[2025.06.30-19.38.19:437][  0]LogWindows:    1. 'Intel(R) UHD Graphics 630' (P:0 D:0)
[2025.06.30-19.38.19:437][  0]LogWindows: DebugString: FoundDriverCount:2 
[2025.06.30-19.38.19:437][  0]LogD3D11RHI:     Adapter Name: Intel(R) UHD Graphics 630
[2025.06.30-19.38.19:437][  0]LogD3D11RHI:   Driver Version: 30.0.100.9805 (internal:30.0.100.9805, unified:30.0.100.9805)
[2025.06.30-19.38.19:437][  0]LogD3D11RHI:      Driver Date: 7-23-2021
[2025.06.30-19.38.19:437][  0]LogRHI: Texture pool is 1523 MB (70% of 2176 MB)
[2025.06.30-19.38.19:445][  0]LogD3D11RHI: Creating D3DDevice using adapter:
[2025.06.30-19.38.19:445][  0]LogD3D11RHI:     Description : Intel(R) UHD Graphics 630
[2025.06.30-19.38.19:445][  0]LogD3D11RHI:     VendorId    : 8086
[2025.06.30-19.38.19:445][  0]LogD3D11RHI:     DeviceId    : 9bc8
[2025.06.30-19.38.19:445][  0]LogD3D11RHI:     SubSysId    : 86941043
[2025.06.30-19.38.19:445][  0]LogD3D11RHI:     Revision    : 0003
[2025.06.30-19.38.19:445][  0]LogD3D11RHI:     DedicatedVideoMemory : 134217728 bytes
[2025.06.30-19.38.19:445][  0]LogD3D11RHI:     DedicatedSystemMemory : 0 bytes
[2025.06.30-19.38.19:445][  0]LogD3D11RHI:     SharedSystemMemory : 8474836992 bytes
[2025.06.30-19.38.19:445][  0]LogD3D11RHI:     AdapterLuid : 0 47999
[2025.06.30-19.38.19:484][  0]LogD3D11RHI: RHI does not have support for 64 bit atomics
[2025.06.30-19.38.19:493][  0]LogD3D11RHI: Intel Extensions support version Full=16777216, Major=1, Minor=0, Revision=0
[2025.06.30-19.38.19:493][  0]LogD3D11RHI: Intel Extensions support version Full=16777217, Major=1, Minor=0, Revision=1
[2025.06.30-19.38.19:493][  0]LogD3D11RHI: Intel Extensions Framework enabled
[2025.06.30-19.38.19:494][  0]LogD3D11RHI: [IntelMetricsDiscovery] Started
[2025.06.30-19.38.19:494][  0]LogD3D11RHI: Async texture creation enabled
[2025.06.30-19.38.19:494][  0]LogD3D11RHI: Array index from any shader is supported
[2025.06.30-19.38.19:499][  0]LogD3D11RHI: GPU Timing Frequency: 12.000048 (Debug: 2 0)
[2025.06.30-19.38.19:752][  0]LogTargetPlatformManager: Display: Loaded TargetPlatform 'AllDesktop'
[2025.06.30-19.38.19:771][  0]LogTargetPlatformManager: Display: Loaded TargetPlatform 'Android'
[2025.06.30-19.38.19:771][  0]LogTargetPlatformManager: Display: Loaded TargetPlatform 'Android_ASTC'
[2025.06.30-19.38.19:771][  0]LogTargetPlatformManager: Display: Loaded TargetPlatform 'Android_DXT'
[2025.06.30-19.38.19:771][  0]LogTargetPlatformManager: Display: Loaded TargetPlatform 'Android_ETC2'
[2025.06.30-19.38.19:771][  0]LogTargetPlatformManager: Display: Loaded TargetPlatform 'AndroidClient'
[2025.06.30-19.38.19:771][  0]LogTargetPlatformManager: Display: Loaded TargetPlatform 'Android_ASTCClient'
[2025.06.30-19.38.19:771][  0]LogTargetPlatformManager: Display: Loaded TargetPlatform 'Android_DXTClient'
[2025.06.30-19.38.19:771][  0]LogTargetPlatformManager: Display: Loaded TargetPlatform 'Android_ETC2Client'
[2025.06.30-19.38.19:771][  0]LogTargetPlatformManager: Display: Loaded TargetPlatform 'Android_Multi'
[2025.06.30-19.38.19:771][  0]LogTargetPlatformManager: Display: Loaded TargetPlatform 'Android_MultiClient'
[2025.06.30-19.38.19:787][  0]LogTargetPlatformManager: Display: Loaded TargetPlatform 'IOSClient'
[2025.06.30-19.38.19:787][  0]LogTargetPlatformManager: Display: Loaded TargetPlatform 'IOS'
[2025.06.30-19.38.19:796][  0]LogTargetPlatformManager: Display: Loaded TargetPlatform 'Linux'
[2025.06.30-19.38.19:800][  0]LogTargetPlatformManager: Display: Loaded TargetPlatform 'LinuxNoEditor'
[2025.06.30-19.38.19:804][  0]LogTargetPlatformManager: Display: Loaded TargetPlatform 'LinuxClient'
[2025.06.30-19.38.19:808][  0]LogTargetPlatformManager: Display: Loaded TargetPlatform 'LinuxServer'
[2025.06.30-19.38.19:817][  0]LogTargetPlatformManager: Display: Loaded TargetPlatform 'LinuxAArch64NoEditor'
[2025.06.30-19.38.19:821][  0]LogTargetPlatformManager: Display: Loaded TargetPlatform 'LinuxAArch64Client'
[2025.06.30-19.38.19:824][  0]LogTargetPlatformManager: Display: Loaded TargetPlatform 'LinuxAArch64Server'
[2025.06.30-19.38.19:846][  0]LogTargetPlatformManager: Display: Loaded TargetPlatform 'Lumin'
[2025.06.30-19.38.19:846][  0]LogTargetPlatformManager: Display: Loaded TargetPlatform 'LuminClient'
[2025.06.30-19.38.19:853][  0]LogTargetPlatformManager: Display: Loaded TargetPlatform 'MacNoEditor'
[2025.06.30-19.38.19:857][  0]LogTargetPlatformManager: Display: Loaded TargetPlatform 'Mac'
[2025.06.30-19.38.19:861][  0]LogTargetPlatformManager: Display: Loaded TargetPlatform 'MacClient'
[2025.06.30-19.38.19:865][  0]LogTargetPlatformManager: Display: Loaded TargetPlatform 'MacServer'
[2025.06.30-19.38.19:874][  0]LogTargetPlatformManager: Display: Loaded TargetPlatform 'TVOSClient'
[2025.06.30-19.38.19:874][  0]LogTargetPlatformManager: Display: Loaded TargetPlatform 'TVOS'
[2025.06.30-19.38.19:882][  0]LogTargetPlatformManager: Display: Loaded TargetPlatform 'WindowsNoEditor'
[2025.06.30-19.38.19:886][  0]LogTargetPlatformManager: Display: Loaded TargetPlatform 'Windows'
[2025.06.30-19.38.19:889][  0]LogTargetPlatformManager: Display: Loaded TargetPlatform 'WindowsClient'
[2025.06.30-19.38.19:893][  0]LogTargetPlatformManager: Display: Loaded TargetPlatform 'WindowsServer'
[2025.06.30-19.38.19:893][  0]LogTargetPlatformManager: Display: Building Assets For Windows
[2025.06.30-19.38.19:899][  0]LogAudioDebug: Display: Lib vorbis DLL was dynamically loaded.
[2025.06.30-19.38.19:928][  0]LogTextureFormatOodle: Display: Oodle Texture 2.9.0 init RDO Off
[2025.06.30-19.38.19:954][  0]LogRendererCore: Ray tracing is disabled. Reason: r.RayTracing=0.
[2025.06.30-19.38.19:954][  0]LogShaderCompilers: Guid format shader working directory is -4 characters bigger than the processId version (../../../../../../Users/lorenzo.holanda/Documents/TCC/Sorry/Intermediate/Shaders/WorkingDirectory/15484/).
[2025.06.30-19.38.19:954][  0]LogShaderCompilers: Cleaned the shader compiler working directory 'C:/Users/lorenzo.holanda/AppData/Local/Temp/UnrealShaderWorkingDir/86DE9EAE4EC6DE42EBB142AC75BB077C/'.
[2025.06.30-19.38.19:955][  0]LogXGEController: Cannot use XGE Controller as Incredibuild is not installed on this machine.
[2025.06.30-19.38.19:955][  0]LogShaderCompilers: Cannot use XGE Shader Compiler as Incredibuild is not installed on this machine.
[2025.06.30-19.38.19:955][  0]LogShaderCompilers: Display: Using Local Shader Compiler.
[2025.06.30-19.38.20:655][  0]LogDerivedDataCache: Display: Max Cache Size: 512 MB
[2025.06.30-19.38.20:702][  0]LogDerivedDataCache: Loaded boot cache 0.05s 94MB C:/Users/lorenzo.holanda/AppData/Local/UnrealEngine/4.27/DerivedDataCache/Boot.ddc.
[2025.06.30-19.38.20:703][  0]LogDerivedDataCache: Display: Loaded Boot cache: C:/Users/lorenzo.holanda/AppData/Local/UnrealEngine/4.27/DerivedDataCache/Boot.ddc
[2025.06.30-19.38.20:703][  0]LogDerivedDataCache: FDerivedDataBackendGraph:  Pak pak cache file ../../../../../../Users/lorenzo.holanda/Documents/TCC/Sorry/DerivedDataCache/DDC.ddp not found, will not use a pak cache.
[2025.06.30-19.38.20:703][  0]LogDerivedDataCache: Unable to find inner node Pak for hierarchical cache Hierarchy.
[2025.06.30-19.38.20:703][  0]LogDerivedDataCache: FDerivedDataBackendGraph:  CompressedPak pak cache file ../../../../../../Users/lorenzo.holanda/Documents/TCC/Sorry/DerivedDataCache/Compressed.ddp not found, will not use a pak cache.
[2025.06.30-19.38.20:703][  0]LogDerivedDataCache: Unable to find inner node CompressedPak for hierarchical cache Hierarchy.
[2025.06.30-19.38.20:718][  0]LogDerivedDataCache: Display: Pak cache opened for reading ../../../Engine/DerivedDataCache/Compressed.ddp.
[2025.06.30-19.38.20:718][  0]LogDerivedDataCache: FDerivedDataBackendGraph:  EnterprisePak pak cache file ../../../Enterprise/DerivedDataCache/Compressed.ddp not found, will not use a pak cache.
[2025.06.30-19.38.20:718][  0]LogDerivedDataCache: Unable to find inner node EnterprisePak for hierarchical cache Hierarchy.
[2025.06.30-19.38.20:724][  0]LogDerivedDataCache: Speed tests for C:/Users/lorenzo.holanda/AppData/Local/UnrealEngine/Common/DerivedDataCache took 0.01 seconds
[2025.06.30-19.38.20:724][  0]LogDerivedDataCache: Display: Performance to C:/Users/lorenzo.holanda/AppData/Local/UnrealEngine/Common/DerivedDataCache: Latency=0.03ms. RandomReadSpeed=1281.62MBs, RandomWriteSpeed=195.37MBs. Assigned SpeedClass 'Local'
[2025.06.30-19.38.20:724][  0]LogDerivedDataCache: Using Local data cache path C:/Users/lorenzo.holanda/AppData/Local/UnrealEngine/Common/DerivedDataCache: Writable
[2025.06.30-19.38.20:724][  0]LogDerivedDataCache: Shared data cache path not found in *engine.ini, will not use an Shared cache.
[2025.06.30-19.38.20:725][  0]LogDerivedDataCache: Unable to find inner node Shared for hierarchical cache Hierarchy.
[2025.06.30-19.38.20:769][  0]LogSlate: Using FreeType 2.10.0
[2025.06.30-19.38.20:770][  0]LogSlate: SlateFontServices - WITH_FREETYPE: 1, WITH_HARFBUZZ: 1
[2025.06.30-19.38.20:791][  0]LogAssetRegistry: FAssetRegistry took 0.0021 seconds to start up
[2025.06.30-19.38.21:002][  0]LogInit: Selected Device Profile: [Windows]
[2025.06.30-19.38.21:002][  0]LogInit: Active device profile: [000001D2CD960900][000001D2C3C8F640 49] Windows
[2025.06.30-19.38.21:002][  0]LogInit: Profiles: [000001D2CD960900][000001D2C3C8F640 49] Windows, [000001D2CD92B800][000001D2C3C977C0 49] WindowsNoEditor, [000001D2CD963500][000001D2C3C9B940 49] WindowsServer, [000001D2CD928E00][000001D2C3C9FAC0 49] WindowsClient, [000001D2CD963800][000001D2C3CA20C0 49] IOS, [000001D2CD92A800][000001D2C3CA6240 49] iPadAir, [000001D2CD962000][000001D2C3CAA3C0 49] iPadAir2, [000001D2CD8ACA00][000001D2CBDB4680 49] IPadPro, [000001D2CD8ACB00][000001D2CBDAC6C0 49] iPadAir3, [000001D2CD929700][000001D2C3C92800 49] iPadAir4, [000001D2CD8AF400][000001D2CBE46940 49] iPadMini2, [000001D2CD92AA00][000001D2CDF52A80 49] iPadMini3, [000001D2CD8AD700][000001D2CDFF4BC0 49] iPadMini4, [000001D2CD960F00][000001D2CE0ACD40 49] iPadMini5, [000001D2CD8C0300][000001D2CBAD7000 49] iPhone6, [000001D2CD8C0400][000001D2CE0B1040 49] iPodTouch6, [000001D2CD8AF600][000001D2CBC47300 49] iPhone7, [000001D2CD8AD800][000001D2CBC3F340 49] iPodTouch7, [000001D2CD8C3F00][000001D2CBC4B4C0 49] iPhone5S, [000001D2CD92A300][000001D2CBC75640 49] iPhone6Plus, [000001D2CD8AC200][000001D2CBC7D7C0 49] iPhone6S, [000001D2CD92A200][000001D2CBC8D940 49] iPhone6SPlus, [000001D2CD8AFC00][000001D2CBCA1AC0 49] iPhone7Plus, [000001D2CD92BD00][000001D2CBCA40C0 49] iPhoneSE, [000001D2CD8AF500][000001D2CE298240 49] iPhone8, [000001D2CD929E00][000001D2CE29C3C0 49] iPhone8Plus, [000001D2CD8AE600][000001D2CBDFA540 49] iPhoneX, [000001D2CD92A500][000001D2CDF2E6C0 49] iPhoneXS, [000001D2CD8AE000][000001D2CDF32840 49] iPhoneXSMax, [000001D2CD92BA00][000001D2CE0A8980 49] iPhoneXR, [000001D2CD8AF700][000001D2CDFECAC0 49] iPhone11, [000001D2CD928D00][000001D2CDFF0C00 49] iPhone11Pro, [000001D2CD8AF800][000001D2CBE2AD40 49] iPhone11ProMax, [000001D2CD928F00][000001D2CBE32EC0 49] iPhoneSE2, [000001D2CD8AEE00][000001D2CBE37040 49] iPhone12Mini, [000001D2CD92A700][000001D2CDF371C0 49] iPhone12, [000001D2CD8AD100][000001D2CDF3B340 49] iPhone12Pro, [000001D2CD92B600][000001D2CDF3F4C0 49] iPhone12ProMax, [000001D2CD8AE300][000001D2CE071640 49] iPadPro105, [000001D2CD928C00][000001D2CE0857C0 49] iPadPro129, [000001D2CD8AF300][000001D2CE089940 49] iPadPro97, [000001D2CD929F00][000001D2CE08DAC0 49] iPadPro2_129, [000001D2CD8AD400][000001D2CE09A0C0 49] iPad5, [000001D2CD92B400][000001D2CE09E240 49] iPad6, [000001D2CD8AF100][000001D2CE0A23C0 49] iPad7, [000001D2CD929A00][000001D2CE620540 49] iPad8, [000001D2CD8AE800][000001D2CE6246C0 49] iPadPro11, [000001D2CD929B00][000001D2CE628840 49] iPadPro2_11, [000001D2CD8ADB00][000001D2CBADE9C0 49] iPadPro3_129, [000001D2CD92B900][000001D2CBAE2B40 49] iPadPro4_129, [000001D2CD8AD500][000001D2CBE2EC80 49] AppleTV, [000001D2CD92A000][000001D2CE6B0DC0 49] AppleTV4K, [000001D2CD8AC100][000001D2CBB22F00 49] TVOS, [000001D2CD92A600][000001D2CBB2B080 49] Mac, [000001D2CD8AE700][000001D2CE6B5200 49] MacClient, [000001D2CD92AF00][000001D2CE6BD380 49] MacNoEditor, [000001D2CD8AF900][000001D2CE6C1500 49] MacServer, [000001D2CD92B500][000001D2CE6C9680 49] Linux, [000001D2CD8AE200][000001D2CE6CD800 49] LinuxAArch64, [000001D2CD928B00][000001D2CE215980 49] LinuxNoEditor, [000001D2CD8AFB00][000001D2CE2A1B00 49] LinuxAArch64NoEditor, [000001D2CD928100][000001D2CE2A4100 49] LinuxClient, [000001D2CD8ADD00][000001D2CE2A8280 49] LinuxAArch64Client, [000001D2CD929600][000001D2CE6C4400 49] LinuxServer, [000001D2CD8AE100][000001D2CE6B8580 49] LinuxAArch64Server, [000001D2CD929300][000001D2CE2B8700 49] Android, [000001D2CD8AC500][000001D2CE2BC880 49] Android_Low, [000001D2CD92AB00][000001D2CE22EA00 49] Android_Mid, [000001D2CD963A00][000001D2CBE3AB80 49] Android_High, [000001D2CD8C1C00][000001D2CBC78D00 49] Android_Default, [000001D2CD962100][000001D2CBB26E40 49] Android_Adreno4xx, [000001D2CD8C2700][000001D2CBC80F80 49] Android_Adreno5xx_Low, [000001D2CD960B00][000001D2CE2330C0 49] Android_Adreno5xx, [000001D2CD8C2D00][000001D2CE23B240 49] Android_Adreno6xx, [000001D2CD961200][000001D2CE23F3C0 49] Android_Adreno6xx_Vulkan, [000001D2CD8C2800][000001D2CE243540 49] Android_Mali_T6xx, [000001D2CD963200][000001D2CE2476C0 49] Android_Mali_T7xx, [000001D2CD8C2E00][000001D2CE24B840 49] Android_Mali_T8xx, [000001D2CD962500][000001D2CE24F9C0 49] Android_Mali_G71, [000001D2CD8C3E00][000001D2CE253B40 49] Android_Mali_G72, [000001D2CD962A00][000001D2CE256140 49] Android_Mali_G72_Vulkan, [000001D2CD8C1B00][000001D2CE25A2C0 49] Android_Mali_G76, [000001D2CD961D00][000001D2CE25E440 49] Android_Mali_G76_Vulkan, [000001D2CD8C3000][000001D2CE2625C0 49] Android_Mali_G77, [000001D2CD962D00][000001D2CE266740 49] Android_Mali_G77_Vulkan, [000001D2CD8C3A00][000001D2CE1488C0 49] Android_Mali_G78, [000001D2CD960D00][000001D2CE14CA40 49] Android_Mali_G78_Vulkan, [000001D2CD8C0500][000001D2CE150BC0 49] Android_Mali_G710, [000001D2CD961300][000001D2CE154D40 49] Android_Mali_G710_Vulkan, [000001D2CD8C3500][000001D2CE158EC0 49] Android_Vulkan_SM5, [000001D2CD963300][000001D2CE237000 49] Android_PowerVR_G6xxx, [000001D2CD8C2C00][000001D2CE15D140 49] Android_PowerVR_GT7xxx, [000001D2CD963C00][000001D2CE161280 49] Android_PowerVR_GE8xxx, [000001D2CD8C1200][000001D2CE1653C0 49] Android_PowerVR_GM9xxx, [000001D2CD963000][000001D2CE16D540 49] Android_PowerVR_GM9xxx_Vulkan, [000001D2CD8C2900][000001D2CE1716C0 49] Android_TegraK1, [000001D2CD961100][000001D2CE175840 49] Android_Unknown_Vulkan, [000001D2CD928600][000001D2CE1799C0 49] Lumin, [000001D2CD962900][000001D2CE17DB40 49] Lumin_Desktop, [000001D2CD929200][000001D2CE62C140 49] HoloLens, 
[2025.06.30-19.38.21:121][  0]LogMeshReduction: Using QuadricMeshReduction for automatic static mesh reduction
[2025.06.30-19.38.21:121][  0]LogMeshReduction: Using SimplygonMeshReduction for automatic skeletal mesh reduction
[2025.06.30-19.38.21:121][  0]LogMeshReduction: Using ProxyLODMeshReduction for automatic mesh merging
[2025.06.30-19.38.21:121][  0]LogMeshReduction: No distributed automatic mesh merging module available
[2025.06.30-19.38.21:121][  0]LogMeshMerging: No distributed automatic mesh merging module available
[2025.06.30-19.38.21:134][  0]LogNetVersion: Sorry 1.0.0, NetCL: 17155196, EngineNetVer: 17, GameNetVer: 0 (Checksum: 3363201869)
[2025.06.30-19.38.21:454][  0]LogTexture: Default maximum texture size for cubemaps generated from long-lat sources has been changed from 512 to unlimited. In order to preserve old behaiour for '/Engine/MapTemplates/Sky/DaylightAmbientCubemap.DaylightAmbientCubemap', its maximum texture size has been explicitly set to 512.
[2025.06.30-19.38.21:498][  0]LogHMD: PokeAHoleMaterial loaded successfully
[2025.06.30-19.38.21:503][  0]LogUObjectArray: 17178 objects as part of root set at end of initial load.
[2025.06.30-19.38.21:503][  0]LogUObjectAllocator: 4302048 out of 0 bytes used by permanent object pool.
[2025.06.30-19.38.21:503][  0]LogUObjectArray: CloseDisregardForGC: 0/0 objects in disregard for GC pool
[2025.06.30-19.38.21:751][  0]LogNiagaraDebuggerClient: Niagara Debugger Client Initialized | Session: 1CC9016F4D6B9B159CAB3CA8599FA716 | Instance: 3D2B21424240361A5B22F68F4E3F5EE8 (SGS1-D10-15484).
[2025.06.30-19.38.21:857][  0]LogPython: Using Python 3.7.7
[2025.06.30-19.38.22:320][  0]LogTcpMessaging: Initializing TcpMessaging bridge
[2025.06.30-19.38.22:324][  0]LogUdpMessaging: Initializing bridge on interface 0.0.0.0:0 to multicast group 230.0.0.1:6666.
[2025.06.30-19.38.22:463][  0]SourceControl: Controle de origem desativado
[2025.06.30-19.38.22:463][  0]SourceControl: Controle de origem desativado
[2025.06.30-19.38.22:466][  0]SourceControl: Controle de origem desativado
[2025.06.30-19.38.22:468][  0]SourceControl: Controle de origem desativado
[2025.06.30-19.38.22:474][  0]SourceControl: Controle de origem desativado
[2025.06.30-19.38.22:479][  0]LogUProjectInfo: Found projects:
[2025.06.30-19.38.22:622][  0]LogOpenImageDenoise: OIDN starting up
[2025.06.30-19.38.22:648][  0]LogAndroidPermission: UAndroidPermissionCallbackProxy::GetInstance
[2025.06.30-19.38.22:677][  0]LogAudioCaptureCore: Display: No Audio Capture implementations found. Audio input will be silent.
[2025.06.30-19.38.22:677][  0]LogAudioCaptureCore: Display: No Audio Capture implementations found. Audio input will be silent.
[2025.06.30-19.38.22:840][  0]LogCollectionManager: Loaded 0 collections in 0.001317 seconds
[2025.06.30-19.38.22:862][  0]LogFileCache: Scanning file cache for directory 'C:/Users/lorenzo.holanda/Documents/TCC/Sorry/Saved/Collections/' took 0.00s
[2025.06.30-19.38.22:862][  0]LogFileCache: Scanning file cache for directory 'C:/Users/lorenzo.holanda/Documents/TCC/Sorry/Content/Developers/lorenzoholanda/Collections/' took 0.00s
[2025.06.30-19.38.22:862][  0]LogFileCache: Scanning file cache for directory 'C:/Users/lorenzo.holanda/Documents/TCC/Sorry/Content/Collections/' took 0.00s
[2025.06.30-19.38.22:863][  0]LogOcInput: OculusInput pre-init called
[2025.06.30-19.38.23:066][  0]LogEngine: Initializing Engine...
[2025.06.30-19.38.23:123][  0]LogHMD: Failed to enumerate extensions. Please check that you have a valid OpenXR runtime installed.
[2025.06.30-19.38.23:123][  0]LogHMD: Failed to initialize OpenVR with code 110
[2025.06.30-19.38.23:124][  0]LogMagicLeap: Warning: VR disabled because ZI is not enabled.  To enable, in the editor, Edit -> Project Settings -> Plugins -> Magic Leap Plugin -> Enable Zero Iteration
[2025.06.30-19.38.23:124][  0]LogStats: UGameplayTagsManager::InitializeManager -  0.000 s
[2025.06.30-19.38.23:224][  0]LogInit: Initializing FReadOnlyCVARCache
[2025.06.30-19.38.23:233][  0]LogAIModule: Creating AISystem for world Untitled
[2025.06.30-19.38.23:257][  0]LogAudio: Display: Initializing Audio Device Manager...
[2025.06.30-19.38.23:260][  0]LogAudio: Display: Loading Default Audio Settings Objects...
[2025.06.30-19.38.23:260][  0]LogAudio: Display: No default SoundConcurrencyObject specified (or failed to load).
[2025.06.30-19.38.23:261][  0]LogAudio: Display: Audio Device Manager Initialized
[2025.06.30-19.38.23:261][  0]LogAudio: Display: Creating Audio Device:                 Id: 1, Scope: Shared, Realtime: True
[2025.06.30-19.38.23:261][  0]LogAudioMixer: Display: Audio Mixer Platform Settings:
[2025.06.30-19.38.23:261][  0]LogAudioMixer: Display: 	Sample Rate:						  48000
[2025.06.30-19.38.23:261][  0]LogAudioMixer: Display: 	Callback Buffer Frame Size Requested: 1024
[2025.06.30-19.38.23:261][  0]LogAudioMixer: Display: 	Callback Buffer Frame Size To Use:	  1024
[2025.06.30-19.38.23:261][  0]LogAudioMixer: Display: 	Number of buffers to queue:			  2
[2025.06.30-19.38.23:261][  0]LogAudioMixer: Display: 	Max Channels (voices):				  32
[2025.06.30-19.38.23:261][  0]LogAudioMixer: Display: 	Number of Async Source Workers:		  0
[2025.06.30-19.38.23:261][  0]LogAudio: Display: AudioDevice MaxSources: 32
[2025.06.30-19.38.23:261][  0]LogAudio: Display: Audio Spatialization Plugin: None (built-in).
[2025.06.30-19.38.23:261][  0]LogAudio: Display: Audio Reverb Plugin: None (built-in).
[2025.06.30-19.38.23:261][  0]LogAudio: Display: Audio Occlusion Plugin: None (built-in).
[2025.06.30-19.38.23:261][  0]LogAudioMixer: Display: Initializing audio mixer.
[2025.06.30-19.38.23:273][  0]LogAudioMixer: Display: 0: FrontLeft
[2025.06.30-19.38.23:273][  0]LogAudioMixer: Display: 1: FrontRight
[2025.06.30-19.38.23:291][  0]LogAudioMixer: Display: Using Audio Device 22B1WG5 (Áudio Intel(R) para telas)
[2025.06.30-19.38.23:293][  0]LogAudioMixer: Display: Initializing Sound Submixes...
[2025.06.30-19.38.23:295][  0]LogAudioMixer: Display: Creating Master Submix 'MasterSubmixDefault'
[2025.06.30-19.38.23:295][  0]LogAudioMixer: Display: Creating Master Submix 'MasterReverbSubmixDefault'
[2025.06.30-19.38.23:295][  0]LogAudioMixer: Display: Creating Master Submix 'MasterEQSubmixDefault'
[2025.06.30-19.38.23:295][  0]LogAudioMixer: FMixerPlatformXAudio2::StartAudioStream() called
[2025.06.30-19.38.23:295][  0]LogAudioMixer: Display: Output buffers initialized: Frames=1024, Channels=2, Samples=2048
[2025.06.30-19.38.23:296][  0]LogAudioMixer: Display: Starting AudioMixerPlatformInterface::RunInternal()
[2025.06.30-19.38.23:296][  0]LogAudioMixer: Display: FMixerPlatformXAudio2::SubmitBuffer() called for the first time
[2025.06.30-19.38.23:296][  0]LogInit: FAudioDevice initialized.
[2025.06.30-19.38.23:296][  0]LogAudio: Display: Audio Device (ID: 1) registered with world 'Untitled'.
[2025.06.30-19.38.23:296][  0]LogNetVersion: Set ProjectVersion to 1.0.0.0. Version Checksum will be recalculated on next use.
[2025.06.30-19.38.23:336][  0]LogDerivedDataCache: Saved boot cache 0.04s 94MB C:/Users/lorenzo.holanda/AppData/Local/UnrealEngine/4.27/DerivedDataCache/Boot.ddc.
[2025.06.30-19.38.23:336][  0]LogInit: Texture streaming: Enabled
[2025.06.30-19.38.23:347][  0]LogAnalytics: Display: [UEEditor.Rocket.Release] APIServer = https://datarouter.ol.epicgames.com/. AppVersion = 4.27.2-18319896+++UE4+Release-4.27
[2025.06.30-19.38.23:350][  0]LogEngineSessionManager: EngineSessionManager initialized
[2025.06.30-19.38.23:350][  0]LogEditorSessionSummary: Verbose: Initializing EditorSessionSummaryWriter for editor session tracking
[2025.06.30-19.38.23:351][  0]LogEditorSessionSummary: EditorSessionSummaryWriter initialized
[2025.06.30-19.38.23:373][  0]LogInit: Transaction tracking system initialized
[2025.06.30-19.38.23:393][  0]BlueprintLog: New page: Carregar Editor
[2025.06.30-19.38.23:445][  0]LocalizationService: Localization service is disabled
[2025.06.30-19.38.23:467][  0]TimingProfiler: Initialize
[2025.06.30-19.38.23:467][  0]TimingProfiler: OnSessionChanged
[2025.06.30-19.38.23:467][  0]LoadingProfiler: Initialize
[2025.06.30-19.38.23:467][  0]LoadingProfiler: OnSessionChanged
[2025.06.30-19.38.23:467][  0]NetworkingProfiler: Initialize
[2025.06.30-19.38.23:467][  0]NetworkingProfiler: OnSessionChanged
[2025.06.30-19.38.23:467][  0]MemoryProfiler: Initialize
[2025.06.30-19.38.23:467][  0]MemoryProfiler: OnSessionChanged
[2025.06.30-19.38.23:609][  0]LogCook: Display: CookSettings for Memory: MemoryMaxUsedVirtual 0MiB, MemoryMaxUsedPhysical 16384MiB, MemoryMinFreeVirtual 0MiB, MemoryMinFreePhysical 1024MiB
[2025.06.30-19.38.23:609][  0]LogCook: Display: Mobile HDR setting 1
[2025.06.30-19.38.23:775][  0]LogFileCache: Scanning file cache for directory 'C:/Users/lorenzo.holanda/Documents/TCC/Sorry/Content/' took 0.01s
[2025.06.30-19.38.23:934][  0]LogInit: Display: Engine is initialized. Leaving FEngineLoop::Init()
[2025.06.30-19.38.23:936][  0]SourceControl: Controle de origem desativado
[2025.06.30-19.38.23:937][  0]LogUnrealEdMisc: Loading editor; pre map load, took 5.842
[2025.06.30-19.38.23:937][  0]Cmd: MAP LOAD FILE="../../../../../../Users/lorenzo.holanda/Documents/TCC/Sorry/Content/StarterContent/Maps/Minimal_Default.umap" TEMPLATE=0 SHOWPROGRESS=1 FEATURELEVEL=3
[2025.06.30-19.38.23:943][  0]LightingResults: New page: Compilação de Iluminação
[2025.06.30-19.38.23:944][  0]LogWorld: UWorld::CleanupWorld for Untitled, bSessionEnded=true, bCleanupResources=true
[2025.06.30-19.38.23:944][  0]LogSlate: InvalidateAllWidgets triggered.  All widgets were invalidated
[2025.06.30-19.38.23:944][  0]MapCheck: New page: Verificação de Mapa
[2025.06.30-19.38.23:944][  0]LightingResults: New page: Compilação de Iluminação
[2025.06.30-19.38.23:948][  0]LogAudio: Display: Audio Device unregistered from world 'None'.
[2025.06.30-19.38.23:951][  0]LogUObjectHash: Compacting FUObjectHashTables data took   0.73ms
[2025.06.30-19.38.24:248][  0]LogAudio: Display: Audio Device (ID: 1) registered with world 'Minimal_Default'.
[2025.06.30-19.38.24:249][  0]LogAIModule: Creating AISystem for world Minimal_Default
[2025.06.30-19.38.24:260][  0]LogEditorServer: Finished looking for orphan Actors (0.000 secs)
[2025.06.30-19.38.24:268][  0]LogUObjectHash: Compacting FUObjectHashTables data took   1.11ms
[2025.06.30-19.38.24:269][  0]Cmd: MAP CHECKDEP NOCLEARLOG
[2025.06.30-19.38.24:269][  0]MapCheck: Map check complete: 0 Error(s), 0 Warning(s), took 0,196ms to complete.
[2025.06.30-19.38.24:269][  0]LogFileHelpers: Loading map 'Minimal_Default' took 0.333
[2025.06.30-19.38.24:271][  0]LogUnrealEdMisc: Total Editor Startup Time, took 6.176
[2025.06.30-19.38.24:440][  0]LogSlate: Updating window title bar state: overlay mode, drag disabled, window buttons hidden, title bar hidden
[2025.06.30-19.38.24:447][  0]LogSlate: Updating window title bar state: overlay mode, drag disabled, window buttons hidden, title bar hidden
[2025.06.30-19.38.24:452][  0]LogSlate: Updating window title bar state: overlay mode, drag disabled, window buttons hidden, title bar hidden
[2025.06.30-19.38.24:457][  0]LogSlate: Updating window title bar state: overlay mode, drag disabled, window buttons hidden, title bar hidden
[2025.06.30-19.38.24:489][  0]LogNativeClassHierarchy: Verbose: Native class hierarchy populated in 0.0082 seconds. Added 3822 classes and 928 folders.
[2025.06.30-19.38.24:494][  0]LogNativeClassHierarchy: Verbose: Native class hierarchy updated for 'WidgetCarousel' in 0.0002 seconds. Added 0 classes and 0 folders.
[2025.06.30-19.38.24:507][  0]LogPakFile: PakFile PrimaryIndexSize=187
[2025.06.30-19.38.24:507][  0]LogPakFile: PakFile PathHashIndexSize=101
[2025.06.30-19.38.24:508][  0]LogPakFile: PakFile FullDirectoryIndexSize=148
[2025.06.30-19.38.24:508][  0]LogShaderLibrary: Display: ShaderCodeLibraryPakFileMountedCallback: PakFile 'C:/Program Files/Epic Games/UE_4.27/FeaturePacks/FP_FirstPerson.upack' (chunk index -1, root 'root:/') mounted
[2025.06.30-19.38.24:508][  0]LogShaderLibrary: Display: ShaderCodeLibraryPakFileMountedCallback: pending pak file info (ChunkID:-1 Root:root:/ File:C:/Program Files/Epic Games/UE_4.27/FeaturePacks/FP_FirstPerson.upack)
[2025.06.30-19.38.24:508][  0]LogPakFile: OnPakFileMounted2Time == 0.000050
[2025.06.30-19.38.24:518][  0]LogPakFile: PakFile PrimaryIndexSize=189
[2025.06.30-19.38.24:518][  0]LogPakFile: PakFile PathHashIndexSize=101
[2025.06.30-19.38.24:518][  0]LogPakFile: PakFile FullDirectoryIndexSize=152
[2025.06.30-19.38.24:518][  0]LogShaderLibrary: Display: ShaderCodeLibraryPakFileMountedCallback: PakFile 'C:/Program Files/Epic Games/UE_4.27/FeaturePacks/FP_FirstPersonBP.upack' (chunk index -1, root 'root:/') mounted
[2025.06.30-19.38.24:518][  0]LogShaderLibrary: Display: ShaderCodeLibraryPakFileMountedCallback: pending pak file info (ChunkID:-1 Root:root:/ File:C:/Program Files/Epic Games/UE_4.27/FeaturePacks/FP_FirstPersonBP.upack)
[2025.06.30-19.38.24:519][  0]LogPakFile: OnPakFileMounted2Time == 0.000046
[2025.06.30-19.38.24:526][  0]LogPakFile: PakFile PrimaryIndexSize=191
[2025.06.30-19.38.24:526][  0]LogPakFile: PakFile PathHashIndexSize=101
[2025.06.30-19.38.24:526][  0]LogPakFile: PakFile FullDirectoryIndexSize=160
[2025.06.30-19.38.24:526][  0]LogShaderLibrary: Display: ShaderCodeLibraryPakFileMountedCallback: PakFile 'C:/Program Files/Epic Games/UE_4.27/FeaturePacks/MobileStarterContent.upack' (chunk index -1, root 'root:/') mounted
[2025.06.30-19.38.24:526][  0]LogShaderLibrary: Display: ShaderCodeLibraryPakFileMountedCallback: pending pak file info (ChunkID:-1 Root:root:/ File:C:/Program Files/Epic Games/UE_4.27/FeaturePacks/MobileStarterContent.upack)
[2025.06.30-19.38.24:526][  0]LogPakFile: OnPakFileMounted2Time == 0.000036
[2025.06.30-19.38.24:534][  0]LogPakFile: PakFile PrimaryIndexSize=185
[2025.06.30-19.38.24:534][  0]LogPakFile: PakFile PathHashIndexSize=101
[2025.06.30-19.38.24:534][  0]LogPakFile: PakFile FullDirectoryIndexSize=148
[2025.06.30-19.38.24:534][  0]LogShaderLibrary: Display: ShaderCodeLibraryPakFileMountedCallback: PakFile 'C:/Program Files/Epic Games/UE_4.27/FeaturePacks/StarterContent.upack' (chunk index -1, root 'root:/') mounted
[2025.06.30-19.38.24:534][  0]LogShaderLibrary: Display: ShaderCodeLibraryPakFileMountedCallback: pending pak file info (ChunkID:-1 Root:root:/ File:C:/Program Files/Epic Games/UE_4.27/FeaturePacks/StarterContent.upack)
[2025.06.30-19.38.24:534][  0]LogPakFile: OnPakFileMounted2Time == 0.000041
[2025.06.30-19.38.24:541][  0]LogPakFile: PakFile PrimaryIndexSize=190
[2025.06.30-19.38.24:541][  0]LogPakFile: PakFile PathHashIndexSize=101
[2025.06.30-19.38.24:541][  0]LogPakFile: PakFile FullDirectoryIndexSize=154
[2025.06.30-19.38.24:542][  0]LogShaderLibrary: Display: ShaderCodeLibraryPakFileMountedCallback: PakFile 'C:/Program Files/Epic Games/UE_4.27/FeaturePacks/TP_2DSideScroller.upack' (chunk index -1, root 'root:/') mounted
[2025.06.30-19.38.24:542][  0]LogShaderLibrary: Display: ShaderCodeLibraryPakFileMountedCallback: pending pak file info (ChunkID:-1 Root:root:/ File:C:/Program Files/Epic Games/UE_4.27/FeaturePacks/TP_2DSideScroller.upack)
[2025.06.30-19.38.24:542][  0]LogPakFile: OnPakFileMounted2Time == 0.000037
[2025.06.30-19.38.24:549][  0]LogPakFile: PakFile PrimaryIndexSize=192
[2025.06.30-19.38.24:549][  0]LogPakFile: PakFile PathHashIndexSize=101
[2025.06.30-19.38.24:549][  0]LogPakFile: PakFile FullDirectoryIndexSize=158
[2025.06.30-19.38.24:549][  0]LogShaderLibrary: Display: ShaderCodeLibraryPakFileMountedCallback: PakFile 'C:/Program Files/Epic Games/UE_4.27/FeaturePacks/TP_2DSideScrollerBP.upack' (chunk index -1, root 'root:/') mounted
[2025.06.30-19.38.24:549][  0]LogShaderLibrary: Display: ShaderCodeLibraryPakFileMountedCallback: pending pak file info (ChunkID:-1 Root:root:/ File:C:/Program Files/Epic Games/UE_4.27/FeaturePacks/TP_2DSideScrollerBP.upack)
[2025.06.30-19.38.24:549][  0]LogPakFile: OnPakFileMounted2Time == 0.000036
[2025.06.30-19.38.24:557][  0]LogPakFile: PakFile PrimaryIndexSize=182
[2025.06.30-19.38.24:557][  0]LogPakFile: PakFile PathHashIndexSize=101
[2025.06.30-19.38.24:557][  0]LogPakFile: PakFile FullDirectoryIndexSize=138
[2025.06.30-19.38.24:557][  0]LogShaderLibrary: Display: ShaderCodeLibraryPakFileMountedCallback: PakFile 'C:/Program Files/Epic Games/UE_4.27/FeaturePacks/TP_Flying.upack' (chunk index -1, root 'root:/') mounted
[2025.06.30-19.38.24:557][  0]LogShaderLibrary: Display: ShaderCodeLibraryPakFileMountedCallback: pending pak file info (ChunkID:-1 Root:root:/ File:C:/Program Files/Epic Games/UE_4.27/FeaturePacks/TP_Flying.upack)
[2025.06.30-19.38.24:557][  0]LogPakFile: OnPakFileMounted2Time == 0.000036
[2025.06.30-19.38.24:565][  0]LogPakFile: PakFile PrimaryIndexSize=184
[2025.06.30-19.38.24:565][  0]LogPakFile: PakFile PathHashIndexSize=101
[2025.06.30-19.38.24:565][  0]LogPakFile: PakFile FullDirectoryIndexSize=142
[2025.06.30-19.38.24:565][  0]LogShaderLibrary: Display: ShaderCodeLibraryPakFileMountedCallback: PakFile 'C:/Program Files/Epic Games/UE_4.27/FeaturePacks/TP_FlyingBP.upack' (chunk index -1, root 'root:/') mounted
[2025.06.30-19.38.24:565][  0]LogShaderLibrary: Display: ShaderCodeLibraryPakFileMountedCallback: pending pak file info (ChunkID:-1 Root:root:/ File:C:/Program Files/Epic Games/UE_4.27/FeaturePacks/TP_FlyingBP.upack)
[2025.06.30-19.38.24:565][  0]LogPakFile: OnPakFileMounted2Time == 0.000035
[2025.06.30-19.38.24:574][  0]LogPakFile: PakFile PrimaryIndexSize=188
[2025.06.30-19.38.24:574][  0]LogPakFile: PakFile PathHashIndexSize=101
[2025.06.30-19.38.24:574][  0]LogPakFile: PakFile FullDirectoryIndexSize=150
[2025.06.30-19.38.24:574][  0]LogShaderLibrary: Display: ShaderCodeLibraryPakFileMountedCallback: PakFile 'C:/Program Files/Epic Games/UE_4.27/FeaturePacks/TP_HandheldARBP.upack' (chunk index -1, root 'root:/') mounted
[2025.06.30-19.38.24:574][  0]LogShaderLibrary: Display: ShaderCodeLibraryPakFileMountedCallback: pending pak file info (ChunkID:-1 Root:root:/ File:C:/Program Files/Epic Games/UE_4.27/FeaturePacks/TP_HandheldARBP.upack)
[2025.06.30-19.38.24:574][  0]LogPakFile: OnPakFileMounted2Time == 0.000035
[2025.06.30-19.38.24:583][  0]LogPakFile: PakFile PrimaryIndexSize=182
[2025.06.30-19.38.24:583][  0]LogPakFile: PakFile PathHashIndexSize=101
[2025.06.30-19.38.24:583][  0]LogPakFile: PakFile FullDirectoryIndexSize=138
[2025.06.30-19.38.24:583][  0]LogShaderLibrary: Display: ShaderCodeLibraryPakFileMountedCallback: PakFile 'C:/Program Files/Epic Games/UE_4.27/FeaturePacks/TP_Puzzle.upack' (chunk index -1, root 'root:/') mounted
[2025.06.30-19.38.24:583][  0]LogShaderLibrary: Display: ShaderCodeLibraryPakFileMountedCallback: pending pak file info (ChunkID:-1 Root:root:/ File:C:/Program Files/Epic Games/UE_4.27/FeaturePacks/TP_Puzzle.upack)
[2025.06.30-19.38.24:583][  0]LogPakFile: OnPakFileMounted2Time == 0.000036
[2025.06.30-19.38.24:591][  0]LogPakFile: PakFile PrimaryIndexSize=184
[2025.06.30-19.38.24:591][  0]LogPakFile: PakFile PathHashIndexSize=101
[2025.06.30-19.38.24:591][  0]LogPakFile: PakFile FullDirectoryIndexSize=142
[2025.06.30-19.38.24:591][  0]LogShaderLibrary: Display: ShaderCodeLibraryPakFileMountedCallback: PakFile 'C:/Program Files/Epic Games/UE_4.27/FeaturePacks/TP_PuzzleBP.upack' (chunk index -1, root 'root:/') mounted
[2025.06.30-19.38.24:591][  0]LogShaderLibrary: Display: ShaderCodeLibraryPakFileMountedCallback: pending pak file info (ChunkID:-1 Root:root:/ File:C:/Program Files/Epic Games/UE_4.27/FeaturePacks/TP_PuzzleBP.upack)
[2025.06.30-19.38.24:591][  0]LogPakFile: OnPakFileMounted2Time == 0.000039
[2025.06.30-19.38.24:598][  0]LogPakFile: PakFile PrimaryIndexSize=183
[2025.06.30-19.38.24:599][  0]LogPakFile: PakFile PathHashIndexSize=101
[2025.06.30-19.38.24:599][  0]LogPakFile: PakFile FullDirectoryIndexSize=140
[2025.06.30-19.38.24:599][  0]LogShaderLibrary: Display: ShaderCodeLibraryPakFileMountedCallback: PakFile 'C:/Program Files/Epic Games/UE_4.27/FeaturePacks/TP_Rolling.upack' (chunk index -1, root 'root:/') mounted
[2025.06.30-19.38.24:599][  0]LogShaderLibrary: Display: ShaderCodeLibraryPakFileMountedCallback: pending pak file info (ChunkID:-1 Root:root:/ File:C:/Program Files/Epic Games/UE_4.27/FeaturePacks/TP_Rolling.upack)
[2025.06.30-19.38.24:599][  0]LogPakFile: OnPakFileMounted2Time == 0.000037
[2025.06.30-19.38.24:607][  0]LogPakFile: PakFile PrimaryIndexSize=185
[2025.06.30-19.38.24:607][  0]LogPakFile: PakFile PathHashIndexSize=101
[2025.06.30-19.38.24:607][  0]LogPakFile: PakFile FullDirectoryIndexSize=144
[2025.06.30-19.38.24:607][  0]LogShaderLibrary: Display: ShaderCodeLibraryPakFileMountedCallback: PakFile 'C:/Program Files/Epic Games/UE_4.27/FeaturePacks/TP_RollingBP.upack' (chunk index -1, root 'root:/') mounted
[2025.06.30-19.38.24:607][  0]LogShaderLibrary: Display: ShaderCodeLibraryPakFileMountedCallback: pending pak file info (ChunkID:-1 Root:root:/ File:C:/Program Files/Epic Games/UE_4.27/FeaturePacks/TP_RollingBP.upack)
[2025.06.30-19.38.24:607][  0]LogPakFile: OnPakFileMounted2Time == 0.000040
[2025.06.30-19.38.24:616][  0]LogPakFile: PakFile PrimaryIndexSize=188
[2025.06.30-19.38.24:616][  0]LogPakFile: PakFile PathHashIndexSize=101
[2025.06.30-19.38.24:616][  0]LogPakFile: PakFile FullDirectoryIndexSize=150
[2025.06.30-19.38.24:616][  0]LogShaderLibrary: Display: ShaderCodeLibraryPakFileMountedCallback: PakFile 'C:/Program Files/Epic Games/UE_4.27/FeaturePacks/TP_SideScroller.upack' (chunk index -1, root 'root:/') mounted
[2025.06.30-19.38.24:616][  0]LogShaderLibrary: Display: ShaderCodeLibraryPakFileMountedCallback: pending pak file info (ChunkID:-1 Root:root:/ File:C:/Program Files/Epic Games/UE_4.27/FeaturePacks/TP_SideScroller.upack)
[2025.06.30-19.38.24:616][  0]LogPakFile: OnPakFileMounted2Time == 0.000036
[2025.06.30-19.38.24:624][  0]LogPakFile: PakFile PrimaryIndexSize=190
[2025.06.30-19.38.24:624][  0]LogPakFile: PakFile PathHashIndexSize=101
[2025.06.30-19.38.24:624][  0]LogPakFile: PakFile FullDirectoryIndexSize=154
[2025.06.30-19.38.24:624][  0]LogShaderLibrary: Display: ShaderCodeLibraryPakFileMountedCallback: PakFile 'C:/Program Files/Epic Games/UE_4.27/FeaturePacks/TP_SideScrollerBP.upack' (chunk index -1, root 'root:/') mounted
[2025.06.30-19.38.24:624][  0]LogShaderLibrary: Display: ShaderCodeLibraryPakFileMountedCallback: pending pak file info (ChunkID:-1 Root:root:/ File:C:/Program Files/Epic Games/UE_4.27/FeaturePacks/TP_SideScrollerBP.upack)
[2025.06.30-19.38.24:624][  0]LogPakFile: OnPakFileMounted2Time == 0.000036
[2025.06.30-19.38.24:632][  0]LogPakFile: PakFile PrimaryIndexSize=187
[2025.06.30-19.38.24:632][  0]LogPakFile: PakFile PathHashIndexSize=101
[2025.06.30-19.38.24:632][  0]LogPakFile: PakFile FullDirectoryIndexSize=148
[2025.06.30-19.38.24:632][  0]LogShaderLibrary: Display: ShaderCodeLibraryPakFileMountedCallback: PakFile 'C:/Program Files/Epic Games/UE_4.27/FeaturePacks/TP_ThirdPerson.upack' (chunk index -1, root 'root:/') mounted
[2025.06.30-19.38.24:632][  0]LogShaderLibrary: Display: ShaderCodeLibraryPakFileMountedCallback: pending pak file info (ChunkID:-1 Root:root:/ File:C:/Program Files/Epic Games/UE_4.27/FeaturePacks/TP_ThirdPerson.upack)
[2025.06.30-19.38.24:632][  0]LogPakFile: OnPakFileMounted2Time == 0.000041
[2025.06.30-19.38.24:640][  0]LogPakFile: PakFile PrimaryIndexSize=189
[2025.06.30-19.38.24:640][  0]LogPakFile: PakFile PathHashIndexSize=101
[2025.06.30-19.38.24:640][  0]LogPakFile: PakFile FullDirectoryIndexSize=152
[2025.06.30-19.38.24:640][  0]LogShaderLibrary: Display: ShaderCodeLibraryPakFileMountedCallback: PakFile 'C:/Program Files/Epic Games/UE_4.27/FeaturePacks/TP_ThirdPersonBP.upack' (chunk index -1, root 'root:/') mounted
[2025.06.30-19.38.24:640][  0]LogShaderLibrary: Display: ShaderCodeLibraryPakFileMountedCallback: pending pak file info (ChunkID:-1 Root:root:/ File:C:/Program Files/Epic Games/UE_4.27/FeaturePacks/TP_ThirdPersonBP.upack)
[2025.06.30-19.38.24:640][  0]LogPakFile: OnPakFileMounted2Time == 0.000037
[2025.06.30-19.38.24:649][  0]LogPakFile: PakFile PrimaryIndexSize=183
[2025.06.30-19.38.24:649][  0]LogPakFile: PakFile PathHashIndexSize=101
[2025.06.30-19.38.24:649][  0]LogPakFile: PakFile FullDirectoryIndexSize=140
[2025.06.30-19.38.24:649][  0]LogShaderLibrary: Display: ShaderCodeLibraryPakFileMountedCallback: PakFile 'C:/Program Files/Epic Games/UE_4.27/FeaturePacks/TP_TopDown.upack' (chunk index -1, root 'root:/') mounted
[2025.06.30-19.38.24:649][  0]LogShaderLibrary: Display: ShaderCodeLibraryPakFileMountedCallback: pending pak file info (ChunkID:-1 Root:root:/ File:C:/Program Files/Epic Games/UE_4.27/FeaturePacks/TP_TopDown.upack)
[2025.06.30-19.38.24:649][  0]LogPakFile: OnPakFileMounted2Time == 0.000045
[2025.06.30-19.38.24:657][  0]LogPakFile: PakFile PrimaryIndexSize=185
[2025.06.30-19.38.24:657][  0]LogPakFile: PakFile PathHashIndexSize=101
[2025.06.30-19.38.24:657][  0]LogPakFile: PakFile FullDirectoryIndexSize=144
[2025.06.30-19.38.24:657][  0]LogShaderLibrary: Display: ShaderCodeLibraryPakFileMountedCallback: PakFile 'C:/Program Files/Epic Games/UE_4.27/FeaturePacks/TP_TopDownBP.upack' (chunk index -1, root 'root:/') mounted
[2025.06.30-19.38.24:657][  0]LogShaderLibrary: Display: ShaderCodeLibraryPakFileMountedCallback: pending pak file info (ChunkID:-1 Root:root:/ File:C:/Program Files/Epic Games/UE_4.27/FeaturePacks/TP_TopDownBP.upack)
[2025.06.30-19.38.24:657][  0]LogPakFile: OnPakFileMounted2Time == 0.000038
[2025.06.30-19.38.24:667][  0]LogPakFile: PakFile PrimaryIndexSize=185
[2025.06.30-19.38.24:667][  0]LogPakFile: PakFile PathHashIndexSize=101
[2025.06.30-19.38.24:667][  0]LogPakFile: PakFile FullDirectoryIndexSize=144
[2025.06.30-19.38.24:668][  0]LogShaderLibrary: Display: ShaderCodeLibraryPakFileMountedCallback: PakFile 'C:/Program Files/Epic Games/UE_4.27/FeaturePacks/TP_TwinStick.upack' (chunk index -1, root 'root:/') mounted
[2025.06.30-19.38.24:668][  0]LogShaderLibrary: Display: ShaderCodeLibraryPakFileMountedCallback: pending pak file info (ChunkID:-1 Root:root:/ File:C:/Program Files/Epic Games/UE_4.27/FeaturePacks/TP_TwinStick.upack)
[2025.06.30-19.38.24:668][  0]LogPakFile: OnPakFileMounted2Time == 0.000038
[2025.06.30-19.38.24:675][  0]LogPakFile: PakFile PrimaryIndexSize=187
[2025.06.30-19.38.24:675][  0]LogPakFile: PakFile PathHashIndexSize=101
[2025.06.30-19.38.24:675][  0]LogPakFile: PakFile FullDirectoryIndexSize=148
[2025.06.30-19.38.24:675][  0]LogShaderLibrary: Display: ShaderCodeLibraryPakFileMountedCallback: PakFile 'C:/Program Files/Epic Games/UE_4.27/FeaturePacks/TP_TwinStickBP.upack' (chunk index -1, root 'root:/') mounted
[2025.06.30-19.38.24:675][  0]LogShaderLibrary: Display: ShaderCodeLibraryPakFileMountedCallback: pending pak file info (ChunkID:-1 Root:root:/ File:C:/Program Files/Epic Games/UE_4.27/FeaturePacks/TP_TwinStickBP.upack)
[2025.06.30-19.38.24:675][  0]LogPakFile: OnPakFileMounted2Time == 0.000035
[2025.06.30-19.38.24:682][  0]LogPakFile: PakFile PrimaryIndexSize=183
[2025.06.30-19.38.24:682][  0]LogPakFile: PakFile PathHashIndexSize=101
[2025.06.30-19.38.24:682][  0]LogPakFile: PakFile FullDirectoryIndexSize=140
[2025.06.30-19.38.24:682][  0]LogShaderLibrary: Display: ShaderCodeLibraryPakFileMountedCallback: PakFile 'C:/Program Files/Epic Games/UE_4.27/FeaturePacks/TP_Vehicle.upack' (chunk index -1, root 'root:/') mounted
[2025.06.30-19.38.24:682][  0]LogShaderLibrary: Display: ShaderCodeLibraryPakFileMountedCallback: pending pak file info (ChunkID:-1 Root:root:/ File:C:/Program Files/Epic Games/UE_4.27/FeaturePacks/TP_Vehicle.upack)
[2025.06.30-19.38.24:682][  0]LogPakFile: OnPakFileMounted2Time == 0.000036
[2025.06.30-19.38.24:690][  0]LogPakFile: PakFile PrimaryIndexSize=186
[2025.06.30-19.38.24:690][  0]LogPakFile: PakFile PathHashIndexSize=101
[2025.06.30-19.38.24:690][  0]LogPakFile: PakFile FullDirectoryIndexSize=146
[2025.06.30-19.38.24:690][  0]LogShaderLibrary: Display: ShaderCodeLibraryPakFileMountedCallback: PakFile 'C:/Program Files/Epic Games/UE_4.27/FeaturePacks/TP_VehicleAdv.upack' (chunk index -1, root 'root:/') mounted
[2025.06.30-19.38.24:690][  0]LogShaderLibrary: Display: ShaderCodeLibraryPakFileMountedCallback: pending pak file info (ChunkID:-1 Root:root:/ File:C:/Program Files/Epic Games/UE_4.27/FeaturePacks/TP_VehicleAdv.upack)
[2025.06.30-19.38.24:690][  0]LogPakFile: OnPakFileMounted2Time == 0.000035
[2025.06.30-19.38.24:697][  0]LogPakFile: PakFile PrimaryIndexSize=188
[2025.06.30-19.38.24:697][  0]LogPakFile: PakFile PathHashIndexSize=101
[2025.06.30-19.38.24:697][  0]LogPakFile: PakFile FullDirectoryIndexSize=150
[2025.06.30-19.38.24:697][  0]LogShaderLibrary: Display: ShaderCodeLibraryPakFileMountedCallback: PakFile 'C:/Program Files/Epic Games/UE_4.27/FeaturePacks/TP_VehicleAdvBP.upack' (chunk index -1, root 'root:/') mounted
[2025.06.30-19.38.24:697][  0]LogShaderLibrary: Display: ShaderCodeLibraryPakFileMountedCallback: pending pak file info (ChunkID:-1 Root:root:/ File:C:/Program Files/Epic Games/UE_4.27/FeaturePacks/TP_VehicleAdvBP.upack)
[2025.06.30-19.38.24:697][  0]LogPakFile: OnPakFileMounted2Time == 0.000037
[2025.06.30-19.38.24:705][  0]LogPakFile: PakFile PrimaryIndexSize=185
[2025.06.30-19.38.24:705][  0]LogPakFile: PakFile PathHashIndexSize=101
[2025.06.30-19.38.24:705][  0]LogPakFile: PakFile FullDirectoryIndexSize=144
[2025.06.30-19.38.24:705][  0]LogShaderLibrary: Display: ShaderCodeLibraryPakFileMountedCallback: PakFile 'C:/Program Files/Epic Games/UE_4.27/FeaturePacks/TP_VehicleBP.upack' (chunk index -1, root 'root:/') mounted
[2025.06.30-19.38.24:705][  0]LogShaderLibrary: Display: ShaderCodeLibraryPakFileMountedCallback: pending pak file info (ChunkID:-1 Root:root:/ File:C:/Program Files/Epic Games/UE_4.27/FeaturePacks/TP_VehicleBP.upack)
[2025.06.30-19.38.24:705][  0]LogPakFile: OnPakFileMounted2Time == 0.000042
[2025.06.30-19.38.24:713][  0]LogPakFile: PakFile PrimaryIndexSize=192
[2025.06.30-19.38.24:713][  0]LogPakFile: PakFile PathHashIndexSize=101
[2025.06.30-19.38.24:713][  0]LogPakFile: PakFile FullDirectoryIndexSize=158
[2025.06.30-19.38.24:713][  0]LogShaderLibrary: Display: ShaderCodeLibraryPakFileMountedCallback: PakFile 'C:/Program Files/Epic Games/UE_4.27/FeaturePacks/TP_VirtualRealityBP.upack' (chunk index -1, root 'root:/') mounted
[2025.06.30-19.38.24:713][  0]LogShaderLibrary: Display: ShaderCodeLibraryPakFileMountedCallback: pending pak file info (ChunkID:-1 Root:root:/ File:C:/Program Files/Epic Games/UE_4.27/FeaturePacks/TP_VirtualRealityBP.upack)
[2025.06.30-19.38.24:713][  0]LogPakFile: OnPakFileMounted2Time == 0.000038
[2025.06.30-19.38.24:969][  0]LogNativeClassHierarchy: Verbose: Native class hierarchy updated for 'AddContentDialog' in 0.0003 seconds. Added 0 classes and 0 folders.
[2025.06.30-19.38.24:974][  0]LogNativeClassHierarchy: Verbose: Native class hierarchy updated for 'SceneOutliner' in 0.0002 seconds. Added 2 classes and 0 folders.
[2025.06.30-19.38.25:047][  0]LogSlate: Took 0.000147 seconds to synchronously load lazily loaded font '../../../Engine/Content/Slate/Fonts/Roboto-Regular.ttf' (155K)
[2025.06.30-19.38.25:055][  0]LogSlate: Took 0.007639 seconds to synchronously load lazily loaded font '../../../Engine/Content/Editor/Slate/Fonts/FontAwesome.ttf' (139K)
[2025.06.30-19.38.25:056][  0]LogSlate: Took 0.000122 seconds to synchronously load lazily loaded font '../../../Engine/Content/Slate/Fonts/Roboto-Bold.ttf' (160K)
[2025.06.30-19.38.25:220][  0]LogRenderer: Reallocating scene render targets to support 1208x572 Format 9 NumSamples 1 (Frame:1).
[2025.06.30-19.38.25:302][  0]LogNativeClassHierarchy: Verbose: Native class hierarchy updated for 'HierarchicalLODOutliner' in 0.0003 seconds. Added 0 classes and 0 folders.
[2025.06.30-19.38.25:302][  0]LogLoad: (Engine Initialization) Total time: 7.21 seconds
[2025.06.30-19.38.25:302][  0]LogLoad: (Engine Initialization) Total Blueprint compile time: 0.00 seconds
[2025.06.30-19.38.25:339][  0]LogAssetRegistry: Asset discovery search completed in 4.5482 seconds
[2025.06.30-19.38.25:344][  0]LogCollectionManager: Fixed up redirectors for 0 collections in 0.000003 seconds (updated 0 objects)
[2025.06.30-19.38.25:346][  0]LogContentStreaming: Texture pool size now 400 MB
[2025.06.30-19.38.25:671][  3]LogSlate: Took 0.011222 seconds to synchronously load lazily loaded font '../../../Engine/Content/Slate/Fonts/Roboto-Light.ttf' (167K)
[2025.06.30-19.38.48:928][122]LogUObjectHash: Compacting FUObjectHashTables data took   0.73ms
[2025.06.30-19.38.48:947][122]LogSlate: Took 0.000322 seconds to synchronously load lazily loaded font '../../../Engine/Content/Slate/Fonts/Roboto-Light.ttf' (167K)
[2025.06.30-19.38.49:043][122]LogMaterial: Display: Missing cached shadermap for M_Basic_Wall in PCD3D_SM5, Default, SM5 (DDC key hash: E438806B174F8DE520AC4FC9B67E1278737DD405), compiling. 
[2025.06.30-19.38.49:097][122]LogShaderCompilers: Display: Submitted 25 shader compile jobs with 'Low' priority
[2025.06.30-19.38.49:098][122]LogMaterial: Display: Missing cached shadermap for Blackboard in PCD3D_SM5, Default, SM5 (DDC key hash: 62D67CC8653A02C38FD38625988CA7C81AACF81B), compiling. 
[2025.06.30-19.38.49:110][122]LogShaderCompilers: Display: Worker (1/9): shaders left to compile 25
[2025.06.30-19.38.49:110][122]LogShaderCompilers: Display: Worker (2/9): shaders left to compile 21
[2025.06.30-19.38.49:110][122]LogShaderCompilers: Display: Worker (3/9): shaders left to compile 17
[2025.06.30-19.38.49:110][122]LogShaderCompilers: Display: Worker (4/9): shaders left to compile 13
[2025.06.30-19.38.49:110][122]LogShaderCompilers: Display: Worker (5/9): shaders left to compile 9
[2025.06.30-19.38.49:110][122]LogShaderCompilers: Display: Worker (6/9): shaders left to compile 5
[2025.06.30-19.38.49:110][122]LogShaderCompilers: Display: Worker (7/9): shaders left to compile 1
[2025.06.30-19.38.49:110][122]LogShaderCompilers: Display: Started 25 'Local' shader compile jobs with 'Low' priority
[2025.06.30-19.38.49:110][122]LogShaderCompilers: Display: Submitted 16 shader compile jobs with 'Low' priority
[2025.06.30-19.38.49:122][122]LogAssetEditorSubsystem: Opening Asset editor for World /Game/Cenas/Lorenzo.Lorenzo
[2025.06.30-19.38.49:122][122]Cmd: MAP LOAD FILE="../../../../../../Users/lorenzo.holanda/Documents/TCC/Sorry/Content/Cenas/Lorenzo.umap" TEMPLATE=0 SHOWPROGRESS=1 FEATURELEVEL=3
[2025.06.30-19.38.49:122][122]LightingResults: New page: Compilação de Iluminação
[2025.06.30-19.38.49:122][122]LoadErrors: New page: Carregando mapa: Lorenzo.umap
[2025.06.30-19.38.49:125][122]LogWorld: UWorld::CleanupWorld for Minimal_Default, bSessionEnded=true, bCleanupResources=true
[2025.06.30-19.38.49:125][122]LogSlate: InvalidateAllWidgets triggered.  All widgets were invalidated
[2025.06.30-19.38.49:125][122]MapCheck: New page: Verificação de Mapa
[2025.06.30-19.38.49:125][122]LightingResults: New page: Compilação de Iluminação
[2025.06.30-19.38.49:131][122]LogAudio: Display: Audio Device unregistered from world 'None'.
[2025.06.30-19.38.49:133][122]LogUObjectHash: Compacting FUObjectHashTables data took   1.08ms
[2025.06.30-19.38.49:134][122]LogAudio: Display: Audio Device (ID: 1) registered with world 'Lorenzo'.
[2025.06.30-19.38.49:136][122]LogPhysics: Warning: Scale for /Game/Cenas/Lorenzo.Lorenzo:PersistentLevel.Cube2_11.StaticMeshComponent0 has a component set to zero, which will result in a bad body instance. Scale:X=1.500 Y=0.000 Z=2.750
[2025.06.30-19.38.49:147][122]LogShaderCompilers: Display: Worker (8/9): shaders left to compile 2
[2025.06.30-19.38.49:147][122]LogShaderCompilers: Display: Started 1 'Local' shader compile jobs with 'ForceLocal' priority
[2025.06.30-19.38.49:147][122]LogEditorServer: Finished looking for orphan Actors (0.000 secs)
[2025.06.30-19.38.49:147][122]LogAIModule: Creating AISystem for world Lorenzo
[2025.06.30-19.38.49:156][122]LogUObjectHash: Compacting FUObjectHashTables data took   0.97ms
[2025.06.30-19.38.49:172][122]Cmd: MAP CHECKDEP NOCLEARLOG
[2025.06.30-19.38.49:173][122]MapCheck: Map check complete: 0 Error(s), 0 Warning(s), took 0,701ms to complete.
[2025.06.30-19.38.49:173][122]LogFileHelpers: Loading map 'Lorenzo' took 0.051
[2025.06.30-19.38.51:055][209]LogShaderCompilers: Display: Worker (8/9): shaders left to compile 1
[2025.06.30-19.38.51:055][209]LogShaderCompilers: Display: Started 1 'Local' shader compile jobs with 'ForceLocal' priority
[2025.06.30-19.38.51:270][219]LogShaderCompilers: Display: Worker (7/9): shaders left to compile 14
[2025.06.30-19.38.51:271][219]LogShaderCompilers: Display: Started 2 'Local' shader compile jobs with 'Low' priority
[2025.06.30-19.38.51:978][249]LogShaderCompilers: Display: Worker (8/9): shaders left to compile 12
[2025.06.30-19.38.51:978][249]LogShaderCompilers: Display: Started 2 'Local' shader compile jobs with 'Low' priority
[2025.06.30-19.38.52:325][265]LogShaderCompilers: Display: Worker (7/9): shaders left to compile 10
[2025.06.30-19.38.52:325][265]LogShaderCompilers: Display: Started 2 'Local' shader compile jobs with 'Low' priority
[2025.06.30-19.38.53:162][301]LogShaderCompilers: Display: Worker (2/9): shaders left to compile 8
[2025.06.30-19.38.53:162][301]LogShaderCompilers: Display: Started 2 'Local' shader compile jobs with 'Low' priority
[2025.06.30-19.38.53:728][326]LogShaderCompilers: Display: Worker (1/9): shaders left to compile 6
[2025.06.30-19.38.53:729][326]LogShaderCompilers: Display: Started 1 'Local' shader compile jobs with 'Low' priority
[2025.06.30-19.38.54:024][339]LogShaderCompilers: Display: Worker (4/9): shaders left to compile 5
[2025.06.30-19.38.54:024][339]LogShaderCompilers: Display: Started 1 'Local' shader compile jobs with 'Low' priority
[2025.06.30-19.38.54:319][352]LogShaderCompilers: Display: Worker (8/9): shaders left to compile 4
[2025.06.30-19.38.54:319][352]LogShaderCompilers: Display: Started 1 'Local' shader compile jobs with 'Low' priority
[2025.06.30-19.38.54:449][358]LogShaderCompilers: Display: Worker (6/9): shaders left to compile 3
[2025.06.30-19.38.54:449][358]LogShaderCompilers: Display: Started 1 'Local' shader compile jobs with 'Low' priority
[2025.06.30-19.38.54:732][370]LogShaderCompilers: Display: Worker (1/9): shaders left to compile 2
[2025.06.30-19.38.54:732][370]LogShaderCompilers: Display: Started 1 'Local' shader compile jobs with 'Low' priority
[2025.06.30-19.38.55:168][389]LogShaderCompilers: Display: Worker (2/9): shaders left to compile 1
[2025.06.30-19.38.55:168][389]LogShaderCompilers: Display: Started 1 'Local' shader compile jobs with 'Low' priority
[2025.06.30-19.39.22:786][948]Cmd: EDIT COPY
[2025.06.30-19.39.23:069][962]Cmd: EDIT PASTE
[2025.06.30-19.39.27:715][201]LogEditorViewport: Clicking on Actor (LMB): StaticMeshActor (Shape_Cube4)
[2025.06.30-19.39.31:355][401]Cmd: TRANSACTION UNDO
[2025.06.30-19.39.31:355][401]LogEditorTransaction: Undo Clicando nos Atores
[2025.06.30-19.39.39:438][832]Cmd: EDIT COPY
[2025.06.30-19.39.39:791][850]Cmd: EDIT PASTE
[2025.06.30-19.39.55:332][698]Cmd: TRANSACTION UNDO
[2025.06.30-19.39.55:332][698]LogEditorTransaction: Undo Scale Actors
[2025.06.30-19.39.55:810][711]Cmd: TRANSACTION UNDO
[2025.06.30-19.39.55:810][711]LogEditorTransaction: Undo Move Actors
[2025.06.30-19.40.18:948][957]Cmd: TRANSACTION UNDO
[2025.06.30-19.40.18:948][957]LogEditorTransaction: Undo Scale Actors
[2025.06.30-19.40.27:510][382]LogEditorViewport: Clicking on Actor (LMB): BP_Sky_Sphere_C (BP_Sky_Sphere)
[2025.06.30-19.40.28:774][440]LogEditorViewport: Clicking on Actor (LMB): StaticMeshActor (Shape_Cube6)
[2025.06.30-19.40.33:926][721]Cmd: POLY SELECT MEMORY RECALL
[2025.06.30-19.40.34:327][744]Cmd: ACTOR SELECT MATCHINGSTATICMESH ALLCLASSES
[2025.06.30-19.40.36:609][872]Cmd: TRANSACTION UNDO
[2025.06.30-19.40.36:609][872]LogEditorTransaction: Undo Selecionar Malha Estática Correspondente
[2025.06.30-19.40.49:052][558]Cmd: TRANSACTION UNDO
[2025.06.30-19.40.49:052][558]LogEditorTransaction: Undo Scale Actors
[2025.06.30-19.40.50:572][631]Cmd: TRANSACTION UNDO
[2025.06.30-19.40.50:573][631]LogEditorTransaction: Undo Clicando nos Atores
[2025.06.30-19.40.51:152][662]Cmd: TRANSACTION UNDO
[2025.06.30-19.40.51:152][662]LogEditorTransaction: Undo Clicando nos Atores
[2025.06.30-19.40.51:597][687]Cmd: TRANSACTION UNDO
[2025.06.30-19.40.51:597][687]LogEditorTransaction: Undo Clicando nos Atores
[2025.06.30-19.40.52:022][708]Cmd: TRANSACTION UNDO
[2025.06.30-19.40.52:022][708]LogEditorTransaction: Undo Clicando nos Atores
[2025.06.30-19.40.52:456][732]Cmd: TRANSACTION UNDO
[2025.06.30-19.40.52:456][732]LogEditorTransaction: Undo Move Actors
[2025.06.30-19.40.54:824][866]Cmd: TRANSACTION UNDO
[2025.06.30-19.40.54:824][866]LogEditorTransaction: Undo Colar
[2025.06.30-19.40.55:705][896]Cmd: TRANSACTION UNDO
[2025.06.30-19.40.55:705][896]LogEditorTransaction: Undo Colar
[2025.06.30-19.40.56:492][922]Cmd: TRANSACTION UNDO
[2025.06.30-19.40.56:492][922]LogEditorTransaction: Undo Clicando nos Atores
[2025.06.30-19.41.10:272][698]LogEditorViewport: Clicking on Actor (LMB): StaticMeshActor (Chair)
[2025.06.30-19.41.12:946][858]Cmd: EDIT COPY
[2025.06.30-19.41.13:363][882]Cmd: EDIT PASTE
[2025.06.30-19.41.16:855][ 89]LogEditorViewport: Clicking on Actor (LMB): StaticMeshActor (Chair)
[2025.06.30-19.41.20:142][286]LogEditorViewport: Clicking on Actor (LMB): StaticMeshActor (Chair2)
[2025.06.30-19.41.33:661][108]LogActorFactory: Actor Factory created Plane
[2025.06.30-19.41.36:975][330]LogActorFactory: Actor Factory created Plane
[2025.06.30-19.42.01:554][829]LogD3D11RHI: Timed out while waiting for GPU to catch up. (0.5 s) (ErrorCode 00000001) (00000000)
