Log file open, 06/30/25 17:31:37
LogWindows: Failed to load 'aqProf.dll' (GetLastError=126)
LogWindows: File 'aqProf.dll' does not exist
LogWindows: Failed to load 'VtuneApi.dll' (GetLastError=126)
LogWindows: File 'VtuneApi.dll' does not exist
LogWindows: Failed to load 'VtuneApi32e.dll' (GetLastError=126)
LogWindows: File 'VtuneApi32e.dll' does not exist
LogConsoleResponse: Display: Failed to find resolution value strings in scalability ini. Falling back to default.
LogConsoleResponse: Display: Failed to find resolution value strings in scalability ini. Falling back to default.
LogInit: Display: Running engine for game: Sorry
LogPlatformFile: Not using cached read wrapper
LogTaskGraph: Started task graph with 5 named threads and 35 total threads with 3 sets of task threads.
LogStats: Stats thread started at 0.226144
LogICUInternationalization: ICU TimeZone Detection - Raw Offset: -3:00, Platform Override: ''
LogInit: Display: Loading text-based GConfig....
LogPluginManager: Mounting plugin MeshPainting
LogPluginManager: Mounting plugin XGEController
LogPluginManager: Mounting plugin Paper2D
LogPluginManager: Mounting plugin AISupport
LogPluginManager: Mounting plugin EnvironmentQueryEditor
LogPluginManager: Mounting plugin LightPropagationVolume
LogPluginManager: Mounting plugin LiveLink
LogPluginManager: Mounting plugin CameraShakePreviewer
LogPluginManager: Mounting plugin GameplayCameras
LogPluginManager: Mounting plugin OodleData
LogPluginManager: Mounting plugin OodleNetwork
LogPluginManager: Mounting plugin AssetManagerEditor
LogPluginManager: Mounting plugin CurveEditorTools
LogPluginManager: Mounting plugin CryptoKeys
LogPluginManager: Mounting plugin FacialAnimation
LogPluginManager: Mounting plugin MacGraphicsSwitching
LogPluginManager: Mounting plugin GeometryMode
LogPluginManager: Mounting plugin MaterialAnalyzer
LogPluginManager: Mounting plugin GameplayTagsEditor
LogPluginManager: Mounting plugin MobileLauncherProfileWizard
LogPluginManager: Mounting plugin PluginBrowser
LogPluginManager: Mounting plugin AnimationSharing
LogPluginManager: Mounting plugin DataValidation
LogPluginManager: Mounting plugin DatasmithContent
LogPluginManager: Mounting plugin SpeedTreeImporter
LogPluginManager: Mounting plugin CLionSourceCodeAccess
LogPluginManager: Mounting plugin VariantManagerContent
LogPluginManager: Mounting plugin CodeLiteSourceCodeAccess
LogPluginManager: Mounting plugin KDevelopSourceCodeAccess
LogPluginManager: Mounting plugin PerforceSourceControl
LogPluginManager: Mounting plugin NullSourceCodeAccess
LogPluginManager: Mounting plugin GitSourceControl
LogPluginManager: Mounting plugin PlasticSourceControl
LogPluginManager: Mounting plugin PluginUtils
LogPluginManager: Mounting plugin PixWinPlugin
LogPluginManager: Mounting plugin RiderSourceCodeAccess
LogPluginManager: Mounting plugin SubversionSourceControl
LogPluginManager: Mounting plugin TextureFormatOodle
LogPluginManager: Mounting plugin PropertyAccessNode
LogPluginManager: Mounting plugin VisualStudioCodeSourceCodeAccess
LogPluginManager: Mounting plugin XCodeSourceCodeAccess
LogPluginManager: Mounting plugin AutomationUtils
LogPluginManager: Mounting plugin VisualStudioSourceCodeAccess
LogPluginManager: Mounting plugin AlembicImporter
LogPluginManager: Mounting plugin BackChannel
LogPluginManager: Mounting plugin UObjectPlugin
LogPluginManager: Mounting plugin ChaosCloth
LogPluginManager: Mounting plugin ChaosClothEditor
LogPluginManager: Mounting plugin ChaosEditor
LogPluginManager: Mounting plugin ChaosNiagara
LogPluginManager: Mounting plugin ChaosSolverPlugin
LogPluginManager: Mounting plugin CharacterAI
LogPluginManager: Mounting plugin GeometryCache
LogPluginManager: Mounting plugin GeometryCollectionPlugin
LogPluginManager: Mounting plugin AndroidMedia
LogPluginManager: Mounting plugin AvfMedia
LogPluginManager: Mounting plugin LuminPlatformFeatures
LogPluginManager: Mounting plugin MagicLeap
LogPluginManager: Mounting plugin ImgMedia
LogPluginManager: Mounting plugin MediaCompositing
LogPluginManager: Mounting plugin MagicLeapMedia
LogPluginManager: Mounting plugin MagicLeapLightEstimation
LogPluginManager: Mounting plugin MediaPlayerEditor
LogPluginManager: Mounting plugin MagicLeapPassableWorld
LogPluginManager: Mounting plugin WebMMedia
LogPluginManager: Mounting plugin WmfMedia
LogPluginManager: Mounting plugin MLSDK
LogPluginManager: Mounting plugin GeometryProcessing
LogPluginManager: Mounting plugin MotoSynth
LogPluginManager: Mounting plugin OpenImageDenoise
LogPluginManager: Mounting plugin PlanarCut
LogPluginManager: Mounting plugin ProxyLODPlugin
LogPluginManager: Mounting plugin PlatformCrypto
LogPluginManager: Mounting plugin PythonScriptPlugin
LogPluginManager: Mounting plugin Niagara
LogPluginManager: Mounting plugin SkeletalReduction
LogPluginManager: Mounting plugin TcpMessaging
LogPluginManager: Mounting plugin UdpMessaging
LogPluginManager: Mounting plugin ActorSequence
LogPluginManager: Mounting plugin LevelSequenceEditor
LogPluginManager: Mounting plugin MatineeToLevelSequence
LogPluginManager: Mounting plugin TemplateSequence
LogPluginManager: Mounting plugin OnlineSubsystem
LogPluginManager: Mounting plugin OnlineSubsystemNull
LogPluginManager: Mounting plugin OnlineSubsystemUtils
LogPluginManager: Mounting plugin LauncherChunkInstaller
LogPluginManager: Mounting plugin ActorLayerUtilities
LogPluginManager: Mounting plugin AndroidDeviceProfileSelector
LogPluginManager: Mounting plugin AndroidPermission
LogPluginManager: Mounting plugin AndroidMoviePlayer
LogPluginManager: Mounting plugin AppleImageUtils
LogPluginManager: Mounting plugin AppleMoviePlayer
LogPluginManager: Mounting plugin ArchVisCharacter
LogPluginManager: Mounting plugin AssetTags
LogPluginManager: Mounting plugin AudioCapture
LogPluginManager: Mounting plugin CableComponent
LogPluginManager: Mounting plugin AudioSynesthesia
LogPluginManager: Mounting plugin ChunkDownloader
LogPluginManager: Mounting plugin CustomMeshComponent
LogPluginManager: Mounting plugin EditableMesh
LogPluginManager: Mounting plugin ExampleDeviceProfileSelector
LogPluginManager: Mounting plugin GoogleCloudMessaging
LogPluginManager: Mounting plugin GooglePAD
LogPluginManager: Mounting plugin LinuxDeviceProfileSelector
LogPluginManager: Mounting plugin IOSDeviceProfileSelector
LogPluginManager: Mounting plugin LocationServicesBPLibrary
LogPluginManager: Mounting plugin MobilePatchingUtils
LogPluginManager: Mounting plugin OpenXR
LogPluginManager: Mounting plugin OpenXREyeTracker
LogPluginManager: Mounting plugin OpenXRHandTracking
LogPluginManager: Mounting plugin PhysXVehicles
LogPluginManager: Mounting plugin PostSplashScreen
LogPluginManager: Mounting plugin ProceduralMeshComponent
LogPluginManager: Mounting plugin RuntimePhysXCooking
LogPluginManager: Mounting plugin SignificanceManager
LogPluginManager: Mounting plugin PropertyAccessEditor
LogPluginManager: Mounting plugin SoundFields
LogPluginManager: Mounting plugin Synthesis
LogPluginManager: Mounting plugin WebMMoviePlayer
LogPluginManager: Mounting plugin WindowsMoviePlayer
LogPluginManager: Mounting plugin Takes
LogPluginManager: Mounting plugin ScreenshotTools
LogPluginManager: Mounting plugin ContentBrowserAssetDataSource
LogPluginManager: Mounting plugin ContentBrowserClassDataSource
LogPluginManager: Mounting plugin ContentBrowserFileDataSource
LogPluginManager: Mounting plugin OnlineSubsystemIOS
LogPluginManager: Mounting plugin OnlineSubsystemGooglePlay
LogPluginManager: Mounting plugin OculusVR
LogPluginManager: Mounting plugin SteamVR
PixWinPlugin: PIX capture plugin failed to initialize! Check that the process is launched from PIX.
LogInit: Using libcurl 7.55.1-DEV
LogInit:  - built for x86_64-pc-win32
LogInit:  - supports SSL with OpenSSL/1.1.1
LogInit:  - supports HTTP deflate (compression) using libz 1.2.8
LogInit:  - other features:
LogInit:      CURL_VERSION_SSL
LogInit:      CURL_VERSION_LIBZ
LogInit:      CURL_VERSION_IPV6
LogInit:      CURL_VERSION_ASYNCHDNS
LogInit:      CURL_VERSION_LARGEFILE
LogInit:      CURL_VERSION_IDN
LogInit:  CurlRequestOptions (configurable via config and command line):
LogInit:  - bVerifyPeer = true  - Libcurl will verify peer certificate
LogInit:  - bUseHttpProxy = false  - Libcurl will NOT use HTTP proxy
LogInit:  - bDontReuseConnections = false  - Libcurl will reuse connections
LogInit:  - MaxHostConnections = 16  - Libcurl will limit the number of connections to a host
LogInit:  - LocalHostAddr = Default
LogInit:  - BufferSize = 65536
LogOnline: OSS: Creating online subsystem instance for: NULL
LogInit: WinSock: version 1.1 (2.2), MaxSocks=32767, MaxUdp=65467
LogOnline: OSS: TryLoadSubsystemAndSetDefault: Loaded subsystem for module [NULL]
LogOculusPluginWrapper: OculusPlugin initialized successfully
LogHMD: Failed initializing OVRPlugin 1.59.0
LogInit: Build: ++UE4+Release-4.27-CL-18319896
LogInit: Engine Version: 4.27.2-18319896+++UE4+Release-4.27
LogInit: Compatible Engine Version: 4.27.0-17155196+++UE4+Release-4.27
LogInit: Net CL: 17155196
LogInit: OS: Windows 10 (Release 2009) (), CPU: Intel(R) Core(TM) i5-10400 CPU @ 2.90GHz, GPU: Intel(R) UHD Graphics 630
LogInit: Compiled (64-bit): Nov 30 2021 07:12:08
LogInit: Compiled with Visual C++: 19.24.28315.00
LogInit: Build Configuration: Development
LogInit: Branch Name: ++UE4+Release-4.27
LogInit: Command Line:  -AUTH_LOGIN=unused -AUTH_PASSWORD=f7d89edfae5e4108b01de29074eab665 -AUTH_TYPE=exchangecode -epicapp=UE_4.27 -epicenv=Prod -EpicPortal -epicusername=penn2a -epicuserid=867ad4cd187c434a98714f47963628a7 -epiclocale=pt-BR -epicsandboxid=ue
LogInit: Base Directory: C:/Program Files/Epic Games/UE_4.27/Engine/Binaries/Win64/
LogInit: Allocator: TBB
LogInit: Installed Engine Build: 1
LogDevObjectVersion: Number of dev versions registered: 29
LogDevObjectVersion:   Dev-Blueprints (B0D832E4-1F89-4F0D-ACCF-7EB736FD4AA2): 10
LogDevObjectVersion:   Dev-Build (E1C64328-A22C-4D53-A36C-8E866417BD8C): 0
LogDevObjectVersion:   Dev-Core (375EC13C-06E4-48FB-B500-84F0262A717E): 4
LogDevObjectVersion:   Dev-Editor (E4B068ED-F494-42E9-A231-DA0B2E46BB41): 40
LogDevObjectVersion:   Dev-Framework (CFFC743F-43B0-4480-9391-14DF171D2073): 37
LogDevObjectVersion:   Dev-Mobile (B02B49B5-BB20-44E9-A304-32B752E40360): 3
LogDevObjectVersion:   Dev-Networking (A4E4105C-59A1-49B5-A7C5-40C4547EDFEE): 0
LogDevObjectVersion:   Dev-Online (39C831C9-5AE6-47DC-9A44-9C173E1C8E7C): 0
LogDevObjectVersion:   Dev-Physics (78F01B33-EBEA-4F98-B9B4-84EACCB95AA2): 14
LogDevObjectVersion:   Dev-Platform (6631380F-2D4D-43E0-8009-CF276956A95A): 0
LogDevObjectVersion:   Dev-Rendering (12F88B9F-8875-4AFC-A67C-D90C383ABD29): 45
LogDevObjectVersion:   Dev-Sequencer (7B5AE74C-D270-4C10-A958-57980B212A5A): 13
LogDevObjectVersion:   Dev-VR (D7296918-1DD6-4BDD-9DE2-64A83CC13884): 3
LogDevObjectVersion:   Dev-LoadTimes (C2A15278-BFE7-4AFE-6C17-90FF531DF755): 1
LogDevObjectVersion:   Private-Geometry (6EACA3D4-40EC-4CC1-B786-8BED09428FC5): 3
LogDevObjectVersion:   Dev-AnimPhys (29E575DD-E0A3-4627-9D10-D276232CDCEA): 17
LogDevObjectVersion:   Dev-Anim (AF43A65D-7FD3-4947-9873-3E8ED9C1BB05): 15
LogDevObjectVersion:   Dev-ReflectionCapture (6B266CEC-1EC7-4B8F-A30B-E4D90942FC07): 1
LogDevObjectVersion:   Dev-Automation (0DF73D61-A23F-47EA-B727-89E90C41499A): 1
LogDevObjectVersion:   FortniteMain (601D1886-AC64-4F84-AA16-D3DE0DEAC7D6): 47
LogDevObjectVersion:   FortniteRelease (E7086368-6B23-4C58-8439-1B7016265E91): 1
LogDevObjectVersion:   Dev-Enterprise (9DFFBCD6-494F-0158-E221-12823C92A888): 10
LogDevObjectVersion:   Dev-Niagara (F2AED0AC-9AFE-416F-8664-AA7FFA26D6FC): 1
LogDevObjectVersion:   Dev-Destruction (174F1F0B-B4C6-45A5-B13F-2EE8D0FB917D): 10
LogDevObjectVersion:   Dev-Physics-Ext (35F94A83-E258-406C-A318-09F59610247C): 41
LogDevObjectVersion:   Dev-PhysicsMaterial-Chaos (B68FC16E-8B1B-42E2-B453-215C058844FE): 1
LogDevObjectVersion:   Dev-CineCamera (B2E18506-4273-CFC2-A54E-F4BB758BBA07): 1
LogDevObjectVersion:   Dev-VirtualProduction (64F58936-FD1B-42BA-BA96-7289D5D0FA4E): 1
LogDevObjectVersion:   Dev-MediaFramework (6F0ED827-A609-4895-9C91-998D90180EA4): 2
LogInit: Presizing for max 25165824 objects, including 0 objects not considered by GC, pre-allocating 0 bytes for permanent pool.
LogConfig: Applying CVar settings from Section [/Script/Engine.StreamingSettings] File [C:/Users/rafael.anastácio/Documents/GitHub/Sorry/Saved/Config/Windows/Engine.ini]
LogConfig: Setting CVar [[s.MinBulkDataSizeForAsyncLoading:131072]]
LogConfig: Setting CVar [[s.AsyncLoadingThreadEnabled:0]]
LogConfig: Setting CVar [[s.EventDrivenLoaderEnabled:1]]
LogConfig: Setting CVar [[s.WarnIfTimeLimitExceeded:0]]
LogConfig: Setting CVar [[s.TimeLimitExceededMultiplier:1.5]]
LogConfig: Setting CVar [[s.TimeLimitExceededMinTime:0.005]]
LogConfig: Setting CVar [[s.UseBackgroundLevelStreaming:1]]
LogConfig: Setting CVar [[s.PriorityAsyncLoadingExtraTime:15.0]]
LogConfig: Setting CVar [[s.LevelStreamingActorsUpdateTimeLimit:5.0]]
LogConfig: Setting CVar [[s.PriorityLevelStreamingActorsUpdateExtraTime:5.0]]
LogConfig: Setting CVar [[s.LevelStreamingComponentsRegistrationGranularity:10]]
LogConfig: Setting CVar [[s.UnregisterComponentsTimeLimit:1.0]]
LogConfig: Setting CVar [[s.LevelStreamingComponentsUnregistrationGranularity:5]]
LogConfig: Setting CVar [[s.FlushStreamingOnExit:1]]
LogInit: Object subsystem initialized
LogConfig: Setting CVar [[con.DebugEarlyDefault:1]]
LogConfig: Setting CVar [[r.setres:1280x720]]
[2025.06.30-20.31.38:351][  0]LogConfig: Setting CVar [[r.VSync:0]]
[2025.06.30-20.31.38:351][  0]LogConfig: Setting CVar [[r.RHICmdBypass:0]]
[2025.06.30-20.31.38:351][  0]LogConfig: Applying CVar settings from Section [/Script/Engine.RendererSettings] File [C:/Users/rafael.anastácio/Documents/GitHub/Sorry/Saved/Config/Windows/Engine.ini]
[2025.06.30-20.31.38:351][  0]LogConfig: Setting CVar [[r.GPUCrashDebugging:0]]
[2025.06.30-20.31.38:351][  0]LogConfig: Applying CVar settings from Section [/Script/Engine.RendererOverrideSettings] File [C:/Users/rafael.anastácio/Documents/GitHub/Sorry/Saved/Config/Windows/Engine.ini]
[2025.06.30-20.31.38:351][  0]LogConfig: Applying CVar settings from Section [/Script/Engine.StreamingSettings] File [C:/Users/rafael.anastácio/Documents/GitHub/Sorry/Saved/Config/Windows/Engine.ini]
[2025.06.30-20.31.38:351][  0]LogConfig: Setting CVar [[s.MinBulkDataSizeForAsyncLoading:131072]]
[2025.06.30-20.31.38:351][  0]LogConfig: Setting CVar [[s.AsyncLoadingThreadEnabled:0]]
[2025.06.30-20.31.38:351][  0]LogConfig: Setting CVar [[s.EventDrivenLoaderEnabled:1]]
[2025.06.30-20.31.38:351][  0]LogConfig: Setting CVar [[s.WarnIfTimeLimitExceeded:0]]
[2025.06.30-20.31.38:351][  0]LogConfig: Setting CVar [[s.TimeLimitExceededMultiplier:1.5]]
[2025.06.30-20.31.38:351][  0]LogConfig: Setting CVar [[s.TimeLimitExceededMinTime:0.005]]
[2025.06.30-20.31.38:351][  0]LogConfig: Setting CVar [[s.UseBackgroundLevelStreaming:1]]
[2025.06.30-20.31.38:351][  0]LogConfig: Setting CVar [[s.PriorityAsyncLoadingExtraTime:15.0]]
[2025.06.30-20.31.38:351][  0]LogConfig: Setting CVar [[s.LevelStreamingActorsUpdateTimeLimit:5.0]]
[2025.06.30-20.31.38:351][  0]LogConfig: Setting CVar [[s.PriorityLevelStreamingActorsUpdateExtraTime:5.0]]
[2025.06.30-20.31.38:351][  0]LogConfig: Setting CVar [[s.LevelStreamingComponentsRegistrationGranularity:10]]
[2025.06.30-20.31.38:351][  0]LogConfig: Setting CVar [[s.UnregisterComponentsTimeLimit:1.0]]
[2025.06.30-20.31.38:351][  0]LogConfig: Setting CVar [[s.LevelStreamingComponentsUnregistrationGranularity:5]]
[2025.06.30-20.31.38:351][  0]LogConfig: Setting CVar [[s.FlushStreamingOnExit:1]]
[2025.06.30-20.31.38:351][  0]LogConfig: Applying CVar settings from Section [/Script/Engine.GarbageCollectionSettings] File [C:/Users/rafael.anastácio/Documents/GitHub/Sorry/Saved/Config/Windows/Engine.ini]
[2025.06.30-20.31.38:351][  0]LogConfig: Setting CVar [[gc.MaxObjectsNotConsideredByGC:1]]
[2025.06.30-20.31.38:351][  0]LogConfig: Setting CVar [[gc.SizeOfPermanentObjectPool:0]]
[2025.06.30-20.31.38:351][  0]LogConfig: Setting CVar [[gc.FlushStreamingOnGC:0]]
[2025.06.30-20.31.38:351][  0]LogConfig: Setting CVar [[gc.NumRetriesBeforeForcingGC:10]]
[2025.06.30-20.31.38:351][  0]LogConfig: Setting CVar [[gc.AllowParallelGC:1]]
[2025.06.30-20.31.38:351][  0]LogConfig: Setting CVar [[gc.TimeBetweenPurgingPendingKillObjects:61.1]]
[2025.06.30-20.31.38:351][  0]LogConfig: Setting CVar [[gc.MaxObjectsInEditor:25165824]]
[2025.06.30-20.31.38:351][  0]LogConfig: Setting CVar [[gc.IncrementalBeginDestroyEnabled:1]]
[2025.06.30-20.31.38:351][  0]LogConfig: Setting CVar [[gc.CreateGCClusters:1]]
[2025.06.30-20.31.38:351][  0]LogConfig: Setting CVar [[gc.MinGCClusterSize:5]]
[2025.06.30-20.31.38:351][  0]LogConfig: Setting CVar [[gc.ActorClusteringEnabled:0]]
[2025.06.30-20.31.38:351][  0]LogConfig: Setting CVar [[gc.BlueprintClusteringEnabled:0]]
[2025.06.30-20.31.38:351][  0]LogConfig: Setting CVar [[gc.UseDisregardForGCOnDedicatedServers:0]]
[2025.06.30-20.31.38:351][  0]LogConfig: Setting CVar [[gc.MultithreadedDestructionEnabled:1]]
[2025.06.30-20.31.38:351][  0]LogConfig: Applying CVar settings from Section [/Script/Engine.NetworkSettings] File [C:/Users/rafael.anastácio/Documents/GitHub/Sorry/Saved/Config/Windows/Engine.ini]
[2025.06.30-20.31.38:351][  0]LogConfig: Applying CVar settings from Section [/Script/UnrealEd.CookerSettings] File [C:/Users/rafael.anastácio/Documents/GitHub/Sorry/Saved/Config/Windows/Engine.ini]
[2025.06.30-20.31.38:366][  0]LogConfig: Applying CVar settings from Section [ViewDistanceQuality@3] File [C:/Users/rafael.anastácio/Documents/GitHub/Sorry/Saved/Config/Windows/Scalability.ini]
[2025.06.30-20.31.38:366][  0]LogConfig: Setting CVar [[r.SkeletalMeshLODBias:0]]
[2025.06.30-20.31.38:366][  0]LogConfig: Setting CVar [[r.ViewDistanceScale:1.0]]
[2025.06.30-20.31.38:366][  0]LogConfig: Applying CVar settings from Section [AntiAliasingQuality@3] File [C:/Users/rafael.anastácio/Documents/GitHub/Sorry/Saved/Config/Windows/Scalability.ini]
[2025.06.30-20.31.38:366][  0]LogConfig: Setting CVar [[r.PostProcessAAQuality:4]]
[2025.06.30-20.31.38:366][  0]LogConfig: Applying CVar settings from Section [ShadowQuality@3] File [C:/Users/rafael.anastácio/Documents/GitHub/Sorry/Saved/Config/Windows/Scalability.ini]
[2025.06.30-20.31.38:366][  0]LogConfig: Setting CVar [[r.LightFunctionQuality:1]]
[2025.06.30-20.31.38:366][  0]LogConfig: Setting CVar [[r.ShadowQuality:5]]
[2025.06.30-20.31.38:366][  0]LogConfig: Setting CVar [[r.Shadow.CSM.MaxCascades:10]]
[2025.06.30-20.31.38:366][  0]LogConfig: Setting CVar [[r.Shadow.MaxResolution:2048]]
[2025.06.30-20.31.38:366][  0]LogConfig: Setting CVar [[r.Shadow.MaxCSMResolution:2048]]
[2025.06.30-20.31.38:366][  0]LogConfig: Setting CVar [[r.Shadow.RadiusThreshold:0.01]]
[2025.06.30-20.31.38:366][  0]LogConfig: Setting CVar [[r.Shadow.DistanceScale:1.0]]
[2025.06.30-20.31.38:366][  0]LogConfig: Setting CVar [[r.Shadow.CSM.TransitionScale:1.0]]
[2025.06.30-20.31.38:366][  0]LogConfig: Setting CVar [[r.Shadow.PreShadowResolutionFactor:1.0]]
[2025.06.30-20.31.38:366][  0]LogConfig: Setting CVar [[r.DistanceFieldShadowing:1]]
[2025.06.30-20.31.38:366][  0]LogConfig: Setting CVar [[r.DistanceFieldAO:1]]
[2025.06.30-20.31.38:366][  0]LogConfig: Setting CVar [[r.AOQuality:2]]
[2025.06.30-20.31.38:367][  0]LogConfig: Setting CVar [[r.VolumetricFog:1]]
[2025.06.30-20.31.38:367][  0]LogConfig: Setting CVar [[r.VolumetricFog.GridPixelSize:8]]
[2025.06.30-20.31.38:367][  0]LogConfig: Setting CVar [[r.VolumetricFog.GridSizeZ:128]]
[2025.06.30-20.31.38:367][  0]LogConfig: Setting CVar [[r.VolumetricFog.HistoryMissSupersampleCount:4]]
[2025.06.30-20.31.38:367][  0]LogConfig: Setting CVar [[r.LightMaxDrawDistanceScale:1]]
[2025.06.30-20.31.38:367][  0]LogConfig: Setting CVar [[r.CapsuleShadows:1]]
[2025.06.30-20.31.38:367][  0]LogConfig: Applying CVar settings from Section [PostProcessQuality@3] File [C:/Users/rafael.anastácio/Documents/GitHub/Sorry/Saved/Config/Windows/Scalability.ini]
[2025.06.30-20.31.38:367][  0]LogConfig: Setting CVar [[r.MotionBlurQuality:4]]
[2025.06.30-20.31.38:367][  0]LogConfig: Setting CVar [[r.AmbientOcclusionMipLevelFactor:0.4]]
[2025.06.30-20.31.38:367][  0]LogConfig: Setting CVar [[r.AmbientOcclusionMaxQuality:100]]
[2025.06.30-20.31.38:367][  0]LogConfig: Setting CVar [[r.AmbientOcclusionLevels:-1]]
[2025.06.30-20.31.38:367][  0]LogConfig: Setting CVar [[r.AmbientOcclusionRadiusScale:1.0]]
[2025.06.30-20.31.38:367][  0]LogConfig: Setting CVar [[r.DepthOfFieldQuality:2]]
[2025.06.30-20.31.38:367][  0]LogConfig: Setting CVar [[r.RenderTargetPoolMin:400]]
[2025.06.30-20.31.38:367][  0]LogConfig: Setting CVar [[r.LensFlareQuality:2]]
[2025.06.30-20.31.38:367][  0]LogConfig: Setting CVar [[r.SceneColorFringeQuality:1]]
[2025.06.30-20.31.38:367][  0]LogConfig: Setting CVar [[r.EyeAdaptationQuality:2]]
[2025.06.30-20.31.38:367][  0]LogConfig: Setting CVar [[r.BloomQuality:5]]
[2025.06.30-20.31.38:367][  0]LogConfig: Setting CVar [[r.FastBlurThreshold:100]]
[2025.06.30-20.31.38:367][  0]LogConfig: Setting CVar [[r.Upscale.Quality:3]]
[2025.06.30-20.31.38:367][  0]LogConfig: Setting CVar [[r.Tonemapper.GrainQuantization:1]]
[2025.06.30-20.31.38:367][  0]LogConfig: Setting CVar [[r.LightShaftQuality:1]]
[2025.06.30-20.31.38:367][  0]LogConfig: Setting CVar [[r.Filter.SizeScale:1]]
[2025.06.30-20.31.38:367][  0]LogConfig: Setting CVar [[r.Tonemapper.Quality:5]]
[2025.06.30-20.31.38:367][  0]LogConfig: Setting CVar [[r.DOF.Gather.AccumulatorQuality:1        ; higher gathering accumulator quality]]
[2025.06.30-20.31.38:367][  0]LogConfig: Setting CVar [[r.DOF.Gather.PostfilterMethod:1          ; Median3x3 postfilering method]]
[2025.06.30-20.31.38:367][  0]LogConfig: Setting CVar [[r.DOF.Gather.EnableBokehSettings:0       ; no bokeh simulation when gathering]]
[2025.06.30-20.31.38:367][  0]LogConfig: Setting CVar [[r.DOF.Gather.RingCount:4                 ; medium number of samples when gathering]]
[2025.06.30-20.31.38:367][  0]LogConfig: Setting CVar [[r.DOF.Scatter.ForegroundCompositing:1    ; additive foreground scattering]]
[2025.06.30-20.31.38:367][  0]LogConfig: Setting CVar [[r.DOF.Scatter.BackgroundCompositing:2    ; additive background scattering]]
[2025.06.30-20.31.38:367][  0]LogConfig: Setting CVar [[r.DOF.Scatter.EnableBokehSettings:1      ; bokeh simulation when scattering]]
[2025.06.30-20.31.38:367][  0]LogConfig: Setting CVar [[r.DOF.Scatter.MaxSpriteRatio:0.1         ; only a maximum of 10% of scattered bokeh]]
[2025.06.30-20.31.38:367][  0]LogConfig: Setting CVar [[r.DOF.Recombine.Quality:1                ; cheap slight out of focus]]
[2025.06.30-20.31.38:367][  0]LogConfig: Setting CVar [[r.DOF.Recombine.EnableBokehSettings:0    ; no bokeh simulation on slight out of focus]]
[2025.06.30-20.31.38:367][  0]LogConfig: Setting CVar [[r.DOF.TemporalAAQuality:1                ; more stable temporal accumulation]]
[2025.06.30-20.31.38:367][  0]LogConfig: Setting CVar [[r.DOF.Kernel.MaxForegroundRadius:0.025]]
[2025.06.30-20.31.38:367][  0]LogConfig: Setting CVar [[r.DOF.Kernel.MaxBackgroundRadius:0.025]]
[2025.06.30-20.31.38:367][  0]LogConfig: Applying CVar settings from Section [TextureQuality@3] File [C:/Users/rafael.anastácio/Documents/GitHub/Sorry/Saved/Config/Windows/Scalability.ini]
[2025.06.30-20.31.38:367][  0]LogConfig: Setting CVar [[r.Streaming.MipBias:0]]
[2025.06.30-20.31.38:367][  0]LogConfig: Setting CVar [[r.Streaming.AmortizeCPUToGPUCopy:0]]
[2025.06.30-20.31.38:367][  0]LogConfig: Setting CVar [[r.Streaming.MaxNumTexturesToStreamPerFrame:0]]
[2025.06.30-20.31.38:367][  0]LogConfig: Setting CVar [[r.Streaming.Boost:1]]
[2025.06.30-20.31.38:367][  0]LogConfig: Setting CVar [[r.MaxAnisotropy:8]]
[2025.06.30-20.31.38:367][  0]LogConfig: Setting CVar [[r.VT.MaxAnisotropy:8]]
[2025.06.30-20.31.38:367][  0]LogConfig: Setting CVar [[r.Streaming.LimitPoolSizeToVRAM:0]]
[2025.06.30-20.31.38:367][  0]LogConfig: Setting CVar [[r.Streaming.PoolSize:1000]]
[2025.06.30-20.31.38:367][  0]LogConfig: Setting CVar [[r.Streaming.MaxEffectiveScreenSize:0]]
[2025.06.30-20.31.38:367][  0]LogConfig: Applying CVar settings from Section [EffectsQuality@3] File [C:/Users/rafael.anastácio/Documents/GitHub/Sorry/Saved/Config/Windows/Scalability.ini]
[2025.06.30-20.31.38:367][  0]LogConfig: Setting CVar [[r.TranslucencyLightingVolumeDim:64]]
[2025.06.30-20.31.38:367][  0]LogConfig: Setting CVar [[r.RefractionQuality:2]]
[2025.06.30-20.31.38:367][  0]LogConfig: Setting CVar [[r.SSR.Quality:3]]
[2025.06.30-20.31.38:367][  0]LogConfig: Setting CVar [[r.SSR.HalfResSceneColor:0]]
[2025.06.30-20.31.38:367][  0]LogConfig: Setting CVar [[r.SceneColorFormat:4]]
[2025.06.30-20.31.38:367][  0]LogConfig: Setting CVar [[r.DetailMode:2]]
[2025.06.30-20.31.38:367][  0]LogConfig: Setting CVar [[r.TranslucencyVolumeBlur:1]]
[2025.06.30-20.31.38:367][  0]LogConfig: Setting CVar [[r.MaterialQualityLevel:1 ; High quality]]
[2025.06.30-20.31.38:367][  0]LogConfig: Setting CVar [[r.AnisotropicMaterials:1]]
[2025.06.30-20.31.38:367][  0]LogConfig: Setting CVar [[r.SSS.Scale:1]]
[2025.06.30-20.31.38:367][  0]LogConfig: Setting CVar [[r.SSS.SampleSet:2]]
[2025.06.30-20.31.38:367][  0]LogConfig: Setting CVar [[r.SSS.Quality:1]]
[2025.06.30-20.31.38:367][  0]LogConfig: Setting CVar [[r.SSS.HalfRes:0]]
[2025.06.30-20.31.38:367][  0]LogConfig: Setting CVar [[r.SSGI.Quality:3]]
[2025.06.30-20.31.38:367][  0]LogConfig: Setting CVar [[r.EmitterSpawnRateScale:1.0]]
[2025.06.30-20.31.38:367][  0]LogConfig: Setting CVar [[r.ParticleLightQuality:2]]
[2025.06.30-20.31.38:367][  0]LogConfig: Setting CVar [[r.SkyAtmosphere.AerialPerspectiveLUT.FastApplyOnOpaque:1 ; Always have FastSkyLUT 1 in this case to avoid wrong sky]]
[2025.06.30-20.31.38:367][  0]LogConfig: Setting CVar [[r.SkyAtmosphere.AerialPerspectiveLUT.SampleCountMaxPerSlice:4]]
[2025.06.30-20.31.38:367][  0]LogConfig: Setting CVar [[r.SkyAtmosphere.AerialPerspectiveLUT.DepthResolution:16.0]]
[2025.06.30-20.31.38:367][  0]LogConfig: Setting CVar [[r.SkyAtmosphere.FastSkyLUT:1]]
[2025.06.30-20.31.38:367][  0]LogConfig: Setting CVar [[r.SkyAtmosphere.FastSkyLUT.SampleCountMin:4.0]]
[2025.06.30-20.31.38:367][  0]LogConfig: Setting CVar [[r.SkyAtmosphere.FastSkyLUT.SampleCountMax:128.0]]
[2025.06.30-20.31.38:367][  0]LogConfig: Setting CVar [[r.SkyAtmosphere.SampleCountMin:4.0]]
[2025.06.30-20.31.38:367][  0]LogConfig: Setting CVar [[r.SkyAtmosphere.SampleCountMax:128.0]]
[2025.06.30-20.31.38:367][  0]LogConfig: Setting CVar [[r.SkyAtmosphere.TransmittanceLUT.UseSmallFormat:0]]
[2025.06.30-20.31.38:367][  0]LogConfig: Setting CVar [[r.SkyAtmosphere.TransmittanceLUT.SampleCount:10.0]]
[2025.06.30-20.31.38:367][  0]LogConfig: Setting CVar [[r.SkyAtmosphere.MultiScatteringLUT.SampleCount:15.0]]
[2025.06.30-20.31.38:367][  0]LogConfig: Setting CVar [[r.SkyLight.RealTimeReflectionCapture:1]]
[2025.06.30-20.31.38:367][  0]LogConfig: Applying CVar settings from Section [FoliageQuality@3] File [C:/Users/rafael.anastácio/Documents/GitHub/Sorry/Saved/Config/Windows/Scalability.ini]
[2025.06.30-20.31.38:367][  0]LogConfig: Setting CVar [[foliage.DensityScale:1.0]]
[2025.06.30-20.31.38:367][  0]LogConfig: Setting CVar [[grass.DensityScale:1.0]]
[2025.06.30-20.31.38:367][  0]LogConfig: Applying CVar settings from Section [ShadingQuality@3] File [C:/Users/rafael.anastácio/Documents/GitHub/Sorry/Saved/Config/Windows/Scalability.ini]
[2025.06.30-20.31.38:367][  0]LogConfig: Setting CVar [[r.HairStrands.SkyLighting.IntegrationType:2]]
[2025.06.30-20.31.38:367][  0]LogConfig: Setting CVar [[r.HairStrands.SkyAO.SampleCount:4]]
[2025.06.30-20.31.38:367][  0]LogConfig: Setting CVar [[r.HairStrands.Visibility.MSAA.SamplePerPixel:4]]
[2025.06.30-20.31.38:367][  0]LogInit: Selected Device Profile: [Windows]
[2025.06.30-20.31.38:367][  0]LogInit: Applying CVar settings loaded from the selected device profile: [Windows]
[2025.06.30-20.31.38:368][  0]LogHAL: Display: Platform has ~ 16 GB [16949673984 / 17179869184 / 16], which maps to Larger [LargestMinGB=32, LargerMinGB=12, DefaultMinGB=8, SmallerMinGB=6, SmallestMinGB=0)
[2025.06.30-20.31.38:368][  0]LogInit: Going up to parent DeviceProfile []
[2025.06.30-20.31.38:368][  0]LogConfig: Applying CVar settings from Section [ViewDistanceQuality@3] File [C:/Users/rafael.anastácio/Documents/GitHub/Sorry/Saved/Config/Windows/Scalability.ini]
[2025.06.30-20.31.38:368][  0]LogConfig: Setting CVar [[r.SkeletalMeshLODBias:0]]
[2025.06.30-20.31.38:368][  0]LogConfig: Setting CVar [[r.ViewDistanceScale:1.0]]
[2025.06.30-20.31.38:368][  0]LogConfig: Applying CVar settings from Section [AntiAliasingQuality@3] File [C:/Users/rafael.anastácio/Documents/GitHub/Sorry/Saved/Config/Windows/Scalability.ini]
[2025.06.30-20.31.38:368][  0]LogConfig: Setting CVar [[r.PostProcessAAQuality:4]]
[2025.06.30-20.31.38:368][  0]LogConfig: Applying CVar settings from Section [ShadowQuality@3] File [C:/Users/rafael.anastácio/Documents/GitHub/Sorry/Saved/Config/Windows/Scalability.ini]
[2025.06.30-20.31.38:368][  0]LogConfig: Setting CVar [[r.LightFunctionQuality:1]]
[2025.06.30-20.31.38:368][  0]LogConfig: Setting CVar [[r.ShadowQuality:5]]
[2025.06.30-20.31.38:368][  0]LogConfig: Setting CVar [[r.Shadow.CSM.MaxCascades:10]]
[2025.06.30-20.31.38:368][  0]LogConfig: Setting CVar [[r.Shadow.MaxResolution:2048]]
[2025.06.30-20.31.38:368][  0]LogConfig: Setting CVar [[r.Shadow.MaxCSMResolution:2048]]
[2025.06.30-20.31.38:368][  0]LogConfig: Setting CVar [[r.Shadow.RadiusThreshold:0.01]]
[2025.06.30-20.31.38:368][  0]LogConfig: Setting CVar [[r.Shadow.DistanceScale:1.0]]
[2025.06.30-20.31.38:368][  0]LogConfig: Setting CVar [[r.Shadow.CSM.TransitionScale:1.0]]
[2025.06.30-20.31.38:368][  0]LogConfig: Setting CVar [[r.Shadow.PreShadowResolutionFactor:1.0]]
[2025.06.30-20.31.38:368][  0]LogConfig: Setting CVar [[r.DistanceFieldShadowing:1]]
[2025.06.30-20.31.38:368][  0]LogConfig: Setting CVar [[r.DistanceFieldAO:1]]
[2025.06.30-20.31.38:368][  0]LogConfig: Setting CVar [[r.AOQuality:2]]
[2025.06.30-20.31.38:368][  0]LogConfig: Setting CVar [[r.VolumetricFog:1]]
[2025.06.30-20.31.38:368][  0]LogConfig: Setting CVar [[r.VolumetricFog.GridPixelSize:8]]
[2025.06.30-20.31.38:368][  0]LogConfig: Setting CVar [[r.VolumetricFog.GridSizeZ:128]]
[2025.06.30-20.31.38:368][  0]LogConfig: Setting CVar [[r.VolumetricFog.HistoryMissSupersampleCount:4]]
[2025.06.30-20.31.38:368][  0]LogConfig: Setting CVar [[r.LightMaxDrawDistanceScale:1]]
[2025.06.30-20.31.38:368][  0]LogConfig: Setting CVar [[r.CapsuleShadows:1]]
[2025.06.30-20.31.38:368][  0]LogConfig: Applying CVar settings from Section [PostProcessQuality@3] File [C:/Users/rafael.anastácio/Documents/GitHub/Sorry/Saved/Config/Windows/Scalability.ini]
[2025.06.30-20.31.38:368][  0]LogConfig: Setting CVar [[r.MotionBlurQuality:4]]
[2025.06.30-20.31.38:368][  0]LogConfig: Setting CVar [[r.AmbientOcclusionMipLevelFactor:0.4]]
[2025.06.30-20.31.38:368][  0]LogConfig: Setting CVar [[r.AmbientOcclusionMaxQuality:100]]
[2025.06.30-20.31.38:368][  0]LogConfig: Setting CVar [[r.AmbientOcclusionLevels:-1]]
[2025.06.30-20.31.38:368][  0]LogConfig: Setting CVar [[r.AmbientOcclusionRadiusScale:1.0]]
[2025.06.30-20.31.38:368][  0]LogConfig: Setting CVar [[r.DepthOfFieldQuality:2]]
[2025.06.30-20.31.38:368][  0]LogConfig: Setting CVar [[r.RenderTargetPoolMin:400]]
[2025.06.30-20.31.38:368][  0]LogConfig: Setting CVar [[r.LensFlareQuality:2]]
[2025.06.30-20.31.38:368][  0]LogConfig: Setting CVar [[r.SceneColorFringeQuality:1]]
[2025.06.30-20.31.38:368][  0]LogConfig: Setting CVar [[r.EyeAdaptationQuality:2]]
[2025.06.30-20.31.38:368][  0]LogConfig: Setting CVar [[r.BloomQuality:5]]
[2025.06.30-20.31.38:368][  0]LogConfig: Setting CVar [[r.FastBlurThreshold:100]]
[2025.06.30-20.31.38:368][  0]LogConfig: Setting CVar [[r.Upscale.Quality:3]]
[2025.06.30-20.31.38:368][  0]LogConfig: Setting CVar [[r.Tonemapper.GrainQuantization:1]]
[2025.06.30-20.31.38:368][  0]LogConfig: Setting CVar [[r.LightShaftQuality:1]]
[2025.06.30-20.31.38:368][  0]LogConfig: Setting CVar [[r.Filter.SizeScale:1]]
[2025.06.30-20.31.38:368][  0]LogConfig: Setting CVar [[r.Tonemapper.Quality:5]]
[2025.06.30-20.31.38:368][  0]LogConfig: Setting CVar [[r.DOF.Gather.AccumulatorQuality:1        ; higher gathering accumulator quality]]
[2025.06.30-20.31.38:368][  0]LogConfig: Setting CVar [[r.DOF.Gather.PostfilterMethod:1          ; Median3x3 postfilering method]]
[2025.06.30-20.31.38:368][  0]LogConfig: Setting CVar [[r.DOF.Gather.EnableBokehSettings:0       ; no bokeh simulation when gathering]]
[2025.06.30-20.31.38:368][  0]LogConfig: Setting CVar [[r.DOF.Gather.RingCount:4                 ; medium number of samples when gathering]]
[2025.06.30-20.31.38:368][  0]LogConfig: Setting CVar [[r.DOF.Scatter.ForegroundCompositing:1    ; additive foreground scattering]]
[2025.06.30-20.31.38:368][  0]LogConfig: Setting CVar [[r.DOF.Scatter.BackgroundCompositing:2    ; additive background scattering]]
[2025.06.30-20.31.38:368][  0]LogConfig: Setting CVar [[r.DOF.Scatter.EnableBokehSettings:1      ; bokeh simulation when scattering]]
[2025.06.30-20.31.38:368][  0]LogConfig: Setting CVar [[r.DOF.Scatter.MaxSpriteRatio:0.1         ; only a maximum of 10% of scattered bokeh]]
[2025.06.30-20.31.38:368][  0]LogConfig: Setting CVar [[r.DOF.Recombine.Quality:1                ; cheap slight out of focus]]
[2025.06.30-20.31.38:368][  0]LogConfig: Setting CVar [[r.DOF.Recombine.EnableBokehSettings:0    ; no bokeh simulation on slight out of focus]]
[2025.06.30-20.31.38:368][  0]LogConfig: Setting CVar [[r.DOF.TemporalAAQuality:1                ; more stable temporal accumulation]]
[2025.06.30-20.31.38:368][  0]LogConfig: Setting CVar [[r.DOF.Kernel.MaxForegroundRadius:0.025]]
[2025.06.30-20.31.38:368][  0]LogConfig: Setting CVar [[r.DOF.Kernel.MaxBackgroundRadius:0.025]]
[2025.06.30-20.31.38:368][  0]LogConfig: Applying CVar settings from Section [TextureQuality@3] File [C:/Users/rafael.anastácio/Documents/GitHub/Sorry/Saved/Config/Windows/Scalability.ini]
[2025.06.30-20.31.38:369][  0]LogConfig: Setting CVar [[r.Streaming.MipBias:0]]
[2025.06.30-20.31.38:369][  0]LogConfig: Setting CVar [[r.Streaming.AmortizeCPUToGPUCopy:0]]
[2025.06.30-20.31.38:369][  0]LogConfig: Setting CVar [[r.Streaming.MaxNumTexturesToStreamPerFrame:0]]
[2025.06.30-20.31.38:369][  0]LogConfig: Setting CVar [[r.Streaming.Boost:1]]
[2025.06.30-20.31.38:369][  0]LogConfig: Setting CVar [[r.MaxAnisotropy:8]]
[2025.06.30-20.31.38:369][  0]LogConfig: Setting CVar [[r.VT.MaxAnisotropy:8]]
[2025.06.30-20.31.38:369][  0]LogConfig: Setting CVar [[r.Streaming.LimitPoolSizeToVRAM:0]]
[2025.06.30-20.31.38:369][  0]LogConfig: Setting CVar [[r.Streaming.PoolSize:1000]]
[2025.06.30-20.31.38:369][  0]LogConfig: Setting CVar [[r.Streaming.MaxEffectiveScreenSize:0]]
[2025.06.30-20.31.38:369][  0]LogConfig: Applying CVar settings from Section [EffectsQuality@3] File [C:/Users/rafael.anastácio/Documents/GitHub/Sorry/Saved/Config/Windows/Scalability.ini]
[2025.06.30-20.31.38:369][  0]LogConfig: Setting CVar [[r.TranslucencyLightingVolumeDim:64]]
[2025.06.30-20.31.38:369][  0]LogConfig: Setting CVar [[r.RefractionQuality:2]]
[2025.06.30-20.31.38:369][  0]LogConfig: Setting CVar [[r.SSR.Quality:3]]
[2025.06.30-20.31.38:369][  0]LogConfig: Setting CVar [[r.SSR.HalfResSceneColor:0]]
[2025.06.30-20.31.38:369][  0]LogConfig: Setting CVar [[r.SceneColorFormat:4]]
[2025.06.30-20.31.38:369][  0]LogConfig: Setting CVar [[r.DetailMode:2]]
[2025.06.30-20.31.38:369][  0]LogConfig: Setting CVar [[r.TranslucencyVolumeBlur:1]]
[2025.06.30-20.31.38:369][  0]LogConfig: Setting CVar [[r.MaterialQualityLevel:1 ; High quality]]
[2025.06.30-20.31.38:369][  0]LogConfig: Setting CVar [[r.AnisotropicMaterials:1]]
[2025.06.30-20.31.38:369][  0]LogConfig: Setting CVar [[r.SSS.Scale:1]]
[2025.06.30-20.31.38:369][  0]LogConfig: Setting CVar [[r.SSS.SampleSet:2]]
[2025.06.30-20.31.38:369][  0]LogConfig: Setting CVar [[r.SSS.Quality:1]]
[2025.06.30-20.31.38:369][  0]LogConfig: Setting CVar [[r.SSS.HalfRes:0]]
[2025.06.30-20.31.38:369][  0]LogConfig: Setting CVar [[r.SSGI.Quality:3]]
[2025.06.30-20.31.38:369][  0]LogConfig: Setting CVar [[r.EmitterSpawnRateScale:1.0]]
[2025.06.30-20.31.38:369][  0]LogConfig: Setting CVar [[r.ParticleLightQuality:2]]
[2025.06.30-20.31.38:369][  0]LogConfig: Setting CVar [[r.SkyAtmosphere.AerialPerspectiveLUT.FastApplyOnOpaque:1 ; Always have FastSkyLUT 1 in this case to avoid wrong sky]]
[2025.06.30-20.31.38:369][  0]LogConfig: Setting CVar [[r.SkyAtmosphere.AerialPerspectiveLUT.SampleCountMaxPerSlice:4]]
[2025.06.30-20.31.38:369][  0]LogConfig: Setting CVar [[r.SkyAtmosphere.AerialPerspectiveLUT.DepthResolution:16.0]]
[2025.06.30-20.31.38:369][  0]LogConfig: Setting CVar [[r.SkyAtmosphere.FastSkyLUT:1]]
[2025.06.30-20.31.38:369][  0]LogConfig: Setting CVar [[r.SkyAtmosphere.FastSkyLUT.SampleCountMin:4.0]]
[2025.06.30-20.31.38:369][  0]LogConfig: Setting CVar [[r.SkyAtmosphere.FastSkyLUT.SampleCountMax:128.0]]
[2025.06.30-20.31.38:369][  0]LogConfig: Setting CVar [[r.SkyAtmosphere.SampleCountMin:4.0]]
[2025.06.30-20.31.38:369][  0]LogConfig: Setting CVar [[r.SkyAtmosphere.SampleCountMax:128.0]]
[2025.06.30-20.31.38:369][  0]LogConfig: Setting CVar [[r.SkyAtmosphere.TransmittanceLUT.UseSmallFormat:0]]
[2025.06.30-20.31.38:369][  0]LogConfig: Setting CVar [[r.SkyAtmosphere.TransmittanceLUT.SampleCount:10.0]]
[2025.06.30-20.31.38:369][  0]LogConfig: Setting CVar [[r.SkyAtmosphere.MultiScatteringLUT.SampleCount:15.0]]
[2025.06.30-20.31.38:369][  0]LogConfig: Setting CVar [[r.SkyLight.RealTimeReflectionCapture:1]]
[2025.06.30-20.31.38:369][  0]LogConfig: Applying CVar settings from Section [FoliageQuality@3] File [C:/Users/rafael.anastácio/Documents/GitHub/Sorry/Saved/Config/Windows/Scalability.ini]
[2025.06.30-20.31.38:369][  0]LogConfig: Setting CVar [[foliage.DensityScale:1.0]]
[2025.06.30-20.31.38:369][  0]LogConfig: Setting CVar [[grass.DensityScale:1.0]]
[2025.06.30-20.31.38:369][  0]LogConfig: Applying CVar settings from Section [ShadingQuality@3] File [C:/Users/rafael.anastácio/Documents/GitHub/Sorry/Saved/Config/Windows/Scalability.ini]
[2025.06.30-20.31.38:369][  0]LogConfig: Setting CVar [[r.HairStrands.SkyLighting.IntegrationType:2]]
[2025.06.30-20.31.38:369][  0]LogConfig: Setting CVar [[r.HairStrands.SkyAO.SampleCount:4]]
[2025.06.30-20.31.38:369][  0]LogConfig: Setting CVar [[r.HairStrands.Visibility.MSAA.SamplePerPixel:4]]
[2025.06.30-20.31.38:369][  0]LogConfig: Applying CVar settings from Section [Startup] File [../../../Engine/Config/ConsoleVariables.ini]
[2025.06.30-20.31.38:369][  0]LogConfig: Setting CVar [[net.UseAdaptiveNetUpdateFrequency:0]]
[2025.06.30-20.31.38:369][  0]LogConfig: Setting CVar [[p.chaos.AllowCreatePhysxBodies:1]]
[2025.06.30-20.31.38:369][  0]LogConfig: Setting CVar [[fx.SkipVectorVMBackendOptimizations:1]]
[2025.06.30-20.31.38:369][  0]LogConfig: Applying CVar settings from Section [ConsoleVariables] File [C:/Users/rafael.anastácio/Documents/GitHub/Sorry/Saved/Config/Windows/Engine.ini]
[2025.06.30-20.31.38:369][  0]LogConfig: Applying CVar settings from Section [ConsoleVariables] File [C:/Users/rafael.anastácio/Documents/GitHub/Sorry/Saved/Config/Windows/Editor.ini]
[2025.06.30-20.31.38:369][  0]LogInit: Computer: SGS1-D01
[2025.06.30-20.31.38:369][  0]LogInit: User: rafaelanastácio
[2025.06.30-20.31.38:369][  0]LogInit: CPU Page size=4096, Cores=6
[2025.06.30-20.31.38:369][  0]LogInit: High frequency timer resolution =10.000000 MHz
[2025.06.30-20.31.38:370][  0]LogMemory: Memory total: Physical=15.8GB (16GB approx)
[2025.06.30-20.31.38:370][  0]LogMemory: Platform Memory Stats for Windows
[2025.06.30-20.31.38:370][  0]LogMemory: Process Physical Memory: 145.89 MB used, 145.90 MB peak
[2025.06.30-20.31.38:370][  0]LogMemory: Process Virtual Memory: 131.75 MB used, 131.75 MB peak
[2025.06.30-20.31.38:370][  0]LogMemory: Physical Memory: 9103.30 MB used,  7061.17 MB free, 16164.47 MB total
[2025.06.30-20.31.38:370][  0]LogMemory: Virtual Memory: 134209640.00 MB used,  8090.81 MB free, 134217728.00 MB total
[2025.06.30-20.31.38:375][  0]LogWindows: WindowsPlatformFeatures enabled
[2025.06.30-20.31.38:394][  0]LogInit: Physics initialised using underlying interface: PhysX
[2025.06.30-20.31.38:394][  0]LogInit: Using OS detected language (pt-BR).
[2025.06.30-20.31.38:394][  0]LogInit: Using OS detected locale (pt-BR).
[2025.06.30-20.31.38:416][  0]LogTextLocalizationResource: LocRes '../../../Engine/Content/Localization/Editor/pt/Editor.locres' could not be opened for reading!
[2025.06.30-20.31.38:416][  0]LogTextLocalizationResource: LocRes '../../../Engine/Content/Localization/EditorTutorials/pt/EditorTutorials.locres' could not be opened for reading!
[2025.06.30-20.31.38:416][  0]LogTextLocalizationResource: LocRes '../../../Engine/Content/Localization/Keywords/pt/Keywords.locres' could not be opened for reading!
[2025.06.30-20.31.38:416][  0]LogTextLocalizationResource: LocRes '../../../Engine/Content/Localization/Category/pt/Category.locres' could not be opened for reading!
[2025.06.30-20.31.38:416][  0]LogTextLocalizationResource: LocRes '../../../Engine/Content/Localization/ToolTips/pt/ToolTips.locres' could not be opened for reading!
[2025.06.30-20.31.38:416][  0]LogTextLocalizationResource: LocRes '../../../Engine/Content/Localization/PropertyNames/pt/PropertyNames.locres' could not be opened for reading!
[2025.06.30-20.31.38:416][  0]LogTextLocalizationResource: LocRes '../../../Engine/Content/Localization/Engine/pt/Engine.locres' could not be opened for reading!
[2025.06.30-20.31.38:417][  0]LogTextLocalizationResource: LocRes '../../../Engine/Plugins/Online/OnlineSubsystem/Content/Localization/OnlineSubsystem/pt/OnlineSubsystem.locres' could not be opened for reading!
[2025.06.30-20.31.38:417][  0]LogTextLocalizationResource: LocRes '../../../Engine/Plugins/Online/OnlineSubsystemUtils/Content/Localization/OnlineSubsystemUtils/pt/OnlineSubsystemUtils.locres' could not be opened for reading!
[2025.06.30-20.31.38:417][  0]LogTextLocalizationResource: LocRes '../../../Engine/Plugins/Online/IOS/OnlineSubsystemIOS/Content/Localization/OnlineSubsystemIOS/pt/OnlineSubsystemIOS.locres' could not be opened for reading!
[2025.06.30-20.31.38:417][  0]LogTextLocalizationResource: LocRes '../../../Engine/Plugins/Online/Android/OnlineSubsystemGooglePlay/Content/Localization/OnlineSubsystemGooglePlay/pt/OnlineSubsystemGooglePlay.locres' could not be opened for reading!
[2025.06.30-20.31.38:427][  0]LogInit: Setting process to per monitor DPI aware
[2025.06.30-20.31.38:438][  0]LogWindowsTextInputMethodSystem: Display: IME system deactivated.
[2025.06.30-20.31.38:449][  0]LogSlate: New Slate User Created.  User Index 0, Is Virtual User: 0
[2025.06.30-20.31.38:449][  0]LogSlate: Slate User Registered.  User Index 0, Is Virtual User: 0
[2025.06.30-20.31.38:552][  0]LogD3D11RHI: Loaded GFSDK_Aftermath_Lib.x64.dll
[2025.06.30-20.31.38:554][  0]LogHMD: Failed to initialize OpenVR with code 110
[2025.06.30-20.31.38:554][  0]LogD3D11RHI: D3D11 min allowed feature level: 11_0
[2025.06.30-20.31.38:554][  0]LogD3D11RHI: D3D11 max allowed feature level: 11_0
[2025.06.30-20.31.38:554][  0]LogD3D11RHI: D3D11 adapters:
[2025.06.30-20.31.38:610][  0]LogD3D11RHI:    0. 'Intel(R) UHD Graphics 630' (Feature Level 11_0)
[2025.06.30-20.31.38:610][  0]LogD3D11RHI:       128/0/8082 MB DedicatedVideo/DedicatedSystem/SharedSystem, Outputs:1, VendorId:0x8086
[2025.06.30-20.31.38:611][  0]LogD3D11RHI:    1. 'Microsoft Basic Render Driver' (Feature Level 11_0)
[2025.06.30-20.31.38:611][  0]LogD3D11RHI:       0/0/8082 MB DedicatedVideo/DedicatedSystem/SharedSystem, Outputs:0, VendorId:0x1414
[2025.06.30-20.31.38:611][  0]LogD3D11RHI: Chosen D3D11 Adapter:
[2025.06.30-20.31.38:611][  0]LogD3D11RHI:     Description : Intel(R) UHD Graphics 630
[2025.06.30-20.31.38:611][  0]LogD3D11RHI:     VendorId    : 8086
[2025.06.30-20.31.38:611][  0]LogD3D11RHI:     DeviceId    : 9bc8
[2025.06.30-20.31.38:611][  0]LogD3D11RHI:     SubSysId    : 86941043
[2025.06.30-20.31.38:611][  0]LogD3D11RHI:     Revision    : 0003
[2025.06.30-20.31.38:611][  0]LogD3D11RHI:     DedicatedVideoMemory : 134217728 bytes
[2025.06.30-20.31.38:611][  0]LogD3D11RHI:     DedicatedSystemMemory : 0 bytes
[2025.06.30-20.31.38:611][  0]LogD3D11RHI:     SharedSystemMemory : 8474836992 bytes
[2025.06.30-20.31.38:611][  0]LogD3D11RHI:     AdapterLuid : 0 46191
[2025.06.30-20.31.38:616][  0]LogD3D11RHI: Creating new Direct3DDevice
[2025.06.30-20.31.38:616][  0]LogD3D11RHI:     GPU DeviceId: 0x9bc8 (for the marketing name, search the web for "GPU Device Id")
[2025.06.30-20.31.38:616][  0]LogWindows: EnumDisplayDevices:
[2025.06.30-20.31.38:616][  0]LogWindows:    0. 'Intel(R) UHD Graphics 630' (P:1 D:1)
[2025.06.30-20.31.38:616][  0]LogWindows:    1. 'Intel(R) UHD Graphics 630' (P:0 D:0)
[2025.06.30-20.31.38:616][  0]LogWindows: DebugString: FoundDriverCount:2 
[2025.06.30-20.31.38:616][  0]LogD3D11RHI:     Adapter Name: Intel(R) UHD Graphics 630
[2025.06.30-20.31.38:616][  0]LogD3D11RHI:   Driver Version: 31.0.101.2111 (internal:31.0.101.2111, unified:31.0.101.2111)
[2025.06.30-20.31.38:616][  0]LogD3D11RHI:      Driver Date: 7-19-2022
[2025.06.30-20.31.38:616][  0]LogRHI: Texture pool is 1523 MB (70% of 2176 MB)
[2025.06.30-20.31.38:622][  0]LogD3D11RHI: Creating D3DDevice using adapter:
[2025.06.30-20.31.38:622][  0]LogD3D11RHI:     Description : Intel(R) UHD Graphics 630
[2025.06.30-20.31.38:622][  0]LogD3D11RHI:     VendorId    : 8086
[2025.06.30-20.31.38:622][  0]LogD3D11RHI:     DeviceId    : 9bc8
[2025.06.30-20.31.38:622][  0]LogD3D11RHI:     SubSysId    : 86941043
[2025.06.30-20.31.38:623][  0]LogD3D11RHI:     Revision    : 0003
[2025.06.30-20.31.38:623][  0]LogD3D11RHI:     DedicatedVideoMemory : 134217728 bytes
[2025.06.30-20.31.38:623][  0]LogD3D11RHI:     DedicatedSystemMemory : 0 bytes
[2025.06.30-20.31.38:623][  0]LogD3D11RHI:     SharedSystemMemory : 8474836992 bytes
[2025.06.30-20.31.38:623][  0]LogD3D11RHI:     AdapterLuid : 0 46191
[2025.06.30-20.31.38:664][  0]LogD3D11RHI: RHI does not have support for 64 bit atomics
[2025.06.30-20.31.38:686][  0]LogD3D11RHI: Intel Extensions support version Full=16777216, Major=1, Minor=0, Revision=0
[2025.06.30-20.31.38:686][  0]LogD3D11RHI: Intel Extensions support version Full=16777217, Major=1, Minor=0, Revision=1
[2025.06.30-20.31.38:686][  0]LogD3D11RHI: Intel Extensions Framework enabled
[2025.06.30-20.31.38:687][  0]LogD3D11RHI: [IntelMetricsDiscovery] Started
[2025.06.30-20.31.38:687][  0]LogD3D11RHI: Async texture creation enabled
[2025.06.30-20.31.38:687][  0]LogD3D11RHI: Array index from any shader is supported
[2025.06.30-20.31.38:694][  0]LogD3D11RHI: GPU Timing Frequency: 12.000048 (Debug: 2 0)
[2025.06.30-20.31.38:946][  0]LogTargetPlatformManager: Display: Loaded TargetPlatform 'AllDesktop'
[2025.06.30-20.31.38:964][  0]LogTargetPlatformManager: Display: Loaded TargetPlatform 'Android'
[2025.06.30-20.31.38:964][  0]LogTargetPlatformManager: Display: Loaded TargetPlatform 'Android_ASTC'
[2025.06.30-20.31.38:964][  0]LogTargetPlatformManager: Display: Loaded TargetPlatform 'Android_DXT'
[2025.06.30-20.31.38:964][  0]LogTargetPlatformManager: Display: Loaded TargetPlatform 'Android_ETC2'
[2025.06.30-20.31.38:964][  0]LogTargetPlatformManager: Display: Loaded TargetPlatform 'AndroidClient'
[2025.06.30-20.31.38:964][  0]LogTargetPlatformManager: Display: Loaded TargetPlatform 'Android_ASTCClient'
[2025.06.30-20.31.38:964][  0]LogTargetPlatformManager: Display: Loaded TargetPlatform 'Android_DXTClient'
[2025.06.30-20.31.38:964][  0]LogTargetPlatformManager: Display: Loaded TargetPlatform 'Android_ETC2Client'
[2025.06.30-20.31.38:964][  0]LogTargetPlatformManager: Display: Loaded TargetPlatform 'Android_Multi'
[2025.06.30-20.31.38:965][  0]LogTargetPlatformManager: Display: Loaded TargetPlatform 'Android_MultiClient'
[2025.06.30-20.31.38:979][  0]LogTargetPlatformManager: Display: Loaded TargetPlatform 'IOSClient'
[2025.06.30-20.31.38:979][  0]LogTargetPlatformManager: Display: Loaded TargetPlatform 'IOS'
[2025.06.30-20.31.38:987][  0]LogTargetPlatformManager: Display: Loaded TargetPlatform 'Linux'
[2025.06.30-20.31.38:990][  0]LogTargetPlatformManager: Display: Loaded TargetPlatform 'LinuxNoEditor'
[2025.06.30-20.31.38:994][  0]LogTargetPlatformManager: Display: Loaded TargetPlatform 'LinuxClient'
[2025.06.30-20.31.38:998][  0]LogTargetPlatformManager: Display: Loaded TargetPlatform 'LinuxServer'
[2025.06.30-20.31.39:006][  0]LogTargetPlatformManager: Display: Loaded TargetPlatform 'LinuxAArch64NoEditor'
[2025.06.30-20.31.39:010][  0]LogTargetPlatformManager: Display: Loaded TargetPlatform 'LinuxAArch64Client'
[2025.06.30-20.31.39:013][  0]LogTargetPlatformManager: Display: Loaded TargetPlatform 'LinuxAArch64Server'
[2025.06.30-20.31.39:034][  0]LogTargetPlatformManager: Display: Loaded TargetPlatform 'Lumin'
[2025.06.30-20.31.39:034][  0]LogTargetPlatformManager: Display: Loaded TargetPlatform 'LuminClient'
[2025.06.30-20.31.39:041][  0]LogTargetPlatformManager: Display: Loaded TargetPlatform 'MacNoEditor'
[2025.06.30-20.31.39:045][  0]LogTargetPlatformManager: Display: Loaded TargetPlatform 'Mac'
[2025.06.30-20.31.39:048][  0]LogTargetPlatformManager: Display: Loaded TargetPlatform 'MacClient'
[2025.06.30-20.31.39:051][  0]LogTargetPlatformManager: Display: Loaded TargetPlatform 'MacServer'
[2025.06.30-20.31.39:060][  0]LogTargetPlatformManager: Display: Loaded TargetPlatform 'TVOSClient'
[2025.06.30-20.31.39:060][  0]LogTargetPlatformManager: Display: Loaded TargetPlatform 'TVOS'
[2025.06.30-20.31.39:068][  0]LogTargetPlatformManager: Display: Loaded TargetPlatform 'WindowsNoEditor'
[2025.06.30-20.31.39:072][  0]LogTargetPlatformManager: Display: Loaded TargetPlatform 'Windows'
[2025.06.30-20.31.39:075][  0]LogTargetPlatformManager: Display: Loaded TargetPlatform 'WindowsClient'
[2025.06.30-20.31.39:079][  0]LogTargetPlatformManager: Display: Loaded TargetPlatform 'WindowsServer'
[2025.06.30-20.31.39:079][  0]LogTargetPlatformManager: Display: Building Assets For Windows
[2025.06.30-20.31.39:084][  0]LogAudioDebug: Display: Lib vorbis DLL was dynamically loaded.
[2025.06.30-20.31.39:110][  0]LogTextureFormatOodle: Display: Oodle Texture 2.9.0 init RDO Off
[2025.06.30-20.31.39:136][  0]LogRendererCore: Ray tracing is disabled. Reason: r.RayTracing=0.
[2025.06.30-20.31.39:136][  0]LogShaderCompilers: Guid format shader working directory is -6 characters bigger than the processId version (../../../../../../Users/rafael.anastácio/Documents/GitHub/Sorry/Intermediate/Shaders/WorkingDirectory/7784/).
[2025.06.30-20.31.39:136][  0]LogShaderCompilers: Cleaned the shader compiler working directory 'C:/Users/rafael.anastácio/AppData/Local/Temp/UnrealShaderWorkingDir/F4D4B78D488F9A245A44DF8C3C2589D4/'.
[2025.06.30-20.31.39:137][  0]LogXGEController: Cannot use XGE Controller as Incredibuild is not installed on this machine.
[2025.06.30-20.31.39:137][  0]LogShaderCompilers: Cannot use XGE Shader Compiler as Incredibuild is not installed on this machine.
[2025.06.30-20.31.39:137][  0]LogShaderCompilers: Display: Using Local Shader Compiler.
[2025.06.30-20.31.39:820][  0]LogDerivedDataCache: Display: Max Cache Size: 512 MB
[2025.06.30-20.31.39:877][  0]LogDerivedDataCache: Loaded boot cache 0.06s 94MB C:/Users/rafael.anastácio/AppData/Local/UnrealEngine/4.27/DerivedDataCache/Boot.ddc.
[2025.06.30-20.31.39:877][  0]LogDerivedDataCache: Display: Loaded Boot cache: C:/Users/rafael.anastácio/AppData/Local/UnrealEngine/4.27/DerivedDataCache/Boot.ddc
[2025.06.30-20.31.39:877][  0]LogDerivedDataCache: FDerivedDataBackendGraph:  Pak pak cache file ../../../../../../Users/rafael.anastácio/Documents/GitHub/Sorry/DerivedDataCache/DDC.ddp not found, will not use a pak cache.
[2025.06.30-20.31.39:877][  0]LogDerivedDataCache: Unable to find inner node Pak for hierarchical cache Hierarchy.
[2025.06.30-20.31.39:877][  0]LogDerivedDataCache: FDerivedDataBackendGraph:  CompressedPak pak cache file ../../../../../../Users/rafael.anastácio/Documents/GitHub/Sorry/DerivedDataCache/Compressed.ddp not found, will not use a pak cache.
[2025.06.30-20.31.39:877][  0]LogDerivedDataCache: Unable to find inner node CompressedPak for hierarchical cache Hierarchy.
[2025.06.30-20.31.39:892][  0]LogDerivedDataCache: Display: Pak cache opened for reading ../../../Engine/DerivedDataCache/Compressed.ddp.
[2025.06.30-20.31.39:892][  0]LogDerivedDataCache: FDerivedDataBackendGraph:  EnterprisePak pak cache file ../../../Enterprise/DerivedDataCache/Compressed.ddp not found, will not use a pak cache.
[2025.06.30-20.31.39:892][  0]LogDerivedDataCache: Unable to find inner node EnterprisePak for hierarchical cache Hierarchy.
[2025.06.30-20.31.39:899][  0]LogDerivedDataCache: Speed tests for C:/Users/rafael.anastácio/AppData/Local/UnrealEngine/Common/DerivedDataCache took 0.01 seconds
[2025.06.30-20.31.39:899][  0]LogDerivedDataCache: Display: Performance to C:/Users/rafael.anastácio/AppData/Local/UnrealEngine/Common/DerivedDataCache: Latency=0.02ms. RandomReadSpeed=1402.03MBs, RandomWriteSpeed=186.06MBs. Assigned SpeedClass 'Local'
[2025.06.30-20.31.39:899][  0]LogDerivedDataCache: Using Local data cache path C:/Users/rafael.anastácio/AppData/Local/UnrealEngine/Common/DerivedDataCache: Writable
[2025.06.30-20.31.39:899][  0]LogDerivedDataCache: Shared data cache path not found in *engine.ini, will not use an Shared cache.
[2025.06.30-20.31.39:899][  0]LogDerivedDataCache: Unable to find inner node Shared for hierarchical cache Hierarchy.
[2025.06.30-20.31.39:945][  0]LogSlate: Using FreeType 2.10.0
[2025.06.30-20.31.39:945][  0]LogSlate: SlateFontServices - WITH_FREETYPE: 1, WITH_HARFBUZZ: 1
[2025.06.30-20.31.39:967][  0]LogAssetRegistry: FAssetRegistry took 0.0023 seconds to start up
[2025.06.30-20.31.40:192][  0]LogInit: Selected Device Profile: [Windows]
[2025.06.30-20.31.40:192][  0]LogInit: Active device profile: [0000012BEB1A4700][0000012BE3151B00 49] Windows
[2025.06.30-20.31.40:192][  0]LogInit: Profiles: [0000012BEB1A4700][0000012BE3151B00 49] Windows, [0000012BEB163700][0000012BEC872100 49] WindowsNoEditor, [0000012BEB1A7300][0000012BEC876280 49] WindowsServer, [0000012BEB160F00][0000012BEC87A400 49] WindowsClient, [0000012BEB1A7500][0000012BEC410580 49] IOS, [0000012BEB137F00][0000012BE872E700 49] iPadAir, [0000012BEB163B00][0000012BE3154840 49] iPadAir2, [0000012BEB0F8500][0000012BE8758A80 49] IPadPro, [0000012BEB0F8600][0000012BE8732AC0 49] iPadAir3, [0000012BEB134100][0000012BE30E4C40 49] iPadAir4, [0000012BEB0FAC00][0000012BE30E8DC0 49] iPadMini2, [0000012BEB136500][0000012BE30ECF40 49] iPadMini3, [0000012BEB0FB400][0000012BE30F10C0 49] iPadMini4, [0000012BEB134F00][0000012BE30F9240 49] iPadMini5, [0000012BEB0EBE00][0000012BEC44F500 49] iPhone6, [0000012BEB0EBF00][0000012BE30FD540 49] iPodTouch6, [0000012BEB1A7900][0000012BEC45B800 49] iPhone7, [0000012BEB1A6100][0000012BEC457840 49] iPodTouch7, [0000012BEB0E8400][0000012BEC45F9C0 49] iPhone5S, [0000012BEB0FBD00][0000012BEC463B40 49] iPhone6Plus, [0000012BEB1A7400][0000012BEC466140 49] iPhone6S, [0000012BEB0FA000][0000012BEC46A2C0 49] iPhone6SPlus, [0000012BEB1A4900][0000012BE30F4440 49] iPhone7Plus, [0000012BEB0F8E00][0000012BEC4525C0 49] iPhoneSE, [0000012BEB1A4200][0000012BEB91C740 49] iPhone8, [0000012BEB0FA400][0000012BEBAAC8C0 49] iPhone8Plus, [0000012BEB1A5E00][0000012BE8764A00 49] iPhoneX, [0000012BEB0FBE00][0000012BEBAB0B40 49] iPhoneXS, [0000012BEB1A5600][0000012BEB94EC80 49] iPhoneXSMax, [0000012BEB0FA500][0000012BEBC16DC0 49] iPhoneXR, [0000012BEB1A6A00][0000012BEBBDCF40 49] iPhone11, [0000012BEB0FBA00][0000012BEBBE10C0 49] iPhone11Pro, [0000012BEB1A4F00][0000012BEBBE5240 49] iPhone11ProMax, [0000012BEB0FA300][0000012BEBBE93C0 49] iPhoneSE2, [0000012BEB1A6700][0000012BE867D540 49] iPhone12Mini, [0000012BEB0F8700][0000012BE86816C0 49] iPhone12, [0000012BEB1A7100][0000012BE8685840 49] iPhone12Pro, [0000012BEB0FB500][0000012BE86899C0 49] iPhone12ProMax, [0000012BEB1A4800][0000012BE868DB40 49] iPadPro105, [0000012BEB0F9C00][0000012BEBC1E140 49] iPadPro129, [0000012BEB1A4300][0000012BEBC222C0 49] iPadPro97, [0000012BEB0F9D00][0000012BEBC26440 49] iPadPro2_129, [0000012BEB1A4C00][0000012BEBC2A5C0 49] iPad5, [0000012BEB0FB000][0000012BEBC2E740 49] iPad6, [0000012BEB1A6C00][0000012BEBC328C0 49] iPad7, [0000012BEB0FAE00][0000012BEBC36A40 49] iPad8, [0000012BEB1A5800][0000012BEBC1AB80 49] iPadPro11, [0000012BEB0F9B00][0000012BEBC3ACC0 49] iPadPro2_11, [0000012BEB1A5500][0000012BEBC3EE00 49] iPadPro3_129, [0000012BEB0FA700][0000012BEBC42F40 49] iPadPro4_129, [0000012BEB1A4100][0000012BEBB2F0C0 49] AppleTV, [0000012BEB0FAB00][0000012BEBB33240 49] AppleTV4K, [0000012BEB1A5B00][0000012BEBB373C0 49] TVOS, [0000012BEB0F8900][0000012BEBB3B540 49] Mac, [0000012BEB1A5700][0000012BEBB3F6C0 49] MacClient, [0000012BEB0FAF00][0000012BEBB43840 49] MacNoEditor, [0000012BEB1A4D00][0000012BEBB479C0 49] MacServer, [0000012BEB0F8300][0000012BEBB4BB40 49] Linux, [0000012BEB1A6E00][0000012BEBB4E140 49] LinuxAArch64, [0000012BEB0F9500][0000012BEBB522C0 49] LinuxNoEditor, [0000012BEB1A6400][0000012BEBB56440 49] LinuxAArch64NoEditor, [0000012BEB0F8200][0000012BEBB5A5C0 49] LinuxClient, [0000012BEB1A6D00][0000012BEBB5E740 49] LinuxAArch64Client, [0000012BEB0F8C00][0000012BEBB628C0 49] LinuxServer, [0000012BEB1A4400][0000012BEBB66A40 49] LinuxAArch64Server, [0000012BEB0F9000][0000012BEBB6ABC0 49] Android, [0000012BEB137900][0000012BEBB6ED40 49] Android_Low, [0000012BEB0E9B00][0000012BEBB2AE80 49] Android_Mid, [0000012BEB137000][0000012BEBB72FC0 49] Android_High, [0000012BEB0EA300][0000012BEBB77100 49] Android_Default, [0000012BEB136000][0000012BEBB7F280 49] Android_Adreno4xx, [0000012BEB0E8100][0000012BEBB83400 49] Android_Adreno5xx_Low, [0000012BEB134B00][0000012BEBB87580 49] Android_Adreno5xx, [0000012BEB0E9800][0000012BEBB8B700 49] Android_Adreno6xx, [0000012BEB135100][0000012BEBB8F880 49] Android_Adreno6xx_Vulkan, [0000012BEB0E8800][0000012BEBB93A00 49] Android_Mali_T6xx, [0000012BEB137600][0000012BEBB97B80 49] Android_Mali_T7xx, [0000012BEB0E8D00][0000012BEC6D8180 49] Android_Mali_T8xx, [0000012BEB137C00][0000012BEC6DC300 49] Android_Mali_G71, [0000012BEB0E9500][0000012BEC6E0480 49] Android_Mali_G72, [0000012BEB137E00][0000012BEC6E4600 49] Android_Mali_G72_Vulkan, [0000012BEB0EBD00][0000012BEC6E8780 49] Android_Mali_G76, [0000012BEB137A00][0000012BEC6EC900 49] Android_Mali_G76_Vulkan, [0000012BEB0EB600][0000012BEC6F0A80 49] Android_Mali_G77, [0000012BEB136200][0000012BEC6F4C00 49] Android_Mali_G77_Vulkan, [0000012BEB0E9200][0000012BEC6F8D80 49] Android_Mali_G78, [0000012BEB134A00][0000012BEC6FCF00 49] Android_Mali_G78_Vulkan, [0000012BEB0EB000][0000012BEBB7B040 49] Android_Mali_G710, [0000012BEB135400][0000012BEC701180 49] Android_Mali_G710_Vulkan, [0000012BEB0E8700][0000012BEC7052C0 49] Android_Vulkan_SM5, [0000012BEB135800][0000012BEC70D440 49] Android_PowerVR_G6xxx, [0000012BEB0E8E00][0000012BEC7115C0 49] Android_PowerVR_GT7xxx, [0000012BEB134200][0000012BEC715740 49] Android_PowerVR_GE8xxx, [0000012BEB0E8600][0000012BEC7198C0 49] Android_PowerVR_GM9xxx, [0000012BEB136600][0000012BEC71DA40 49] Android_PowerVR_GM9xxx_Vulkan, [0000012BEB0F8F00][0000012BEC721BC0 49] Android_TegraK1, [0000012BEB136A00][0000012BEC7241C0 49] Android_Unknown_Vulkan, [0000012BEB0F8D00][0000012BEC728340 49] Lumin, [0000012BEB135200][0000012BEC72C4C0 49] Lumin_Desktop, [0000012BEB0F8B00][0000012BEC730640 49] HoloLens, 
[2025.06.30-20.31.40:303][  0]LogMeshReduction: Using QuadricMeshReduction for automatic static mesh reduction
[2025.06.30-20.31.40:303][  0]LogMeshReduction: Using SimplygonMeshReduction for automatic skeletal mesh reduction
[2025.06.30-20.31.40:303][  0]LogMeshReduction: Using ProxyLODMeshReduction for automatic mesh merging
[2025.06.30-20.31.40:303][  0]LogMeshReduction: No distributed automatic mesh merging module available
[2025.06.30-20.31.40:304][  0]LogMeshMerging: No distributed automatic mesh merging module available
[2025.06.30-20.31.40:316][  0]LogNetVersion: Sorry 1.0.0, NetCL: 17155196, EngineNetVer: 17, GameNetVer: 0 (Checksum: 3363201869)
[2025.06.30-20.31.40:650][  0]LogTexture: Default maximum texture size for cubemaps generated from long-lat sources has been changed from 512 to unlimited. In order to preserve old behaiour for '/Engine/MapTemplates/Sky/DaylightAmbientCubemap.DaylightAmbientCubemap', its maximum texture size has been explicitly set to 512.
[2025.06.30-20.31.40:700][  0]LogHMD: PokeAHoleMaterial loaded successfully
[2025.06.30-20.31.40:705][  0]LogUObjectArray: 17178 objects as part of root set at end of initial load.
[2025.06.30-20.31.40:705][  0]LogUObjectAllocator: 4302048 out of 0 bytes used by permanent object pool.
[2025.06.30-20.31.40:705][  0]LogUObjectArray: CloseDisregardForGC: 0/0 objects in disregard for GC pool
[2025.06.30-20.31.41:000][  0]LogPython: Using Python 3.7.7
[2025.06.30-20.31.41:461][  0]LogNiagaraDebuggerClient: Niagara Debugger Client Initialized | Session: 2B896B9943EDB4A1761ECFB164301528 | Instance: 227989784FE190F80F4AC6B5EB5219CB (SGS1-D01-7784).
[2025.06.30-20.31.41:505][  0]LogTcpMessaging: Initializing TcpMessaging bridge
[2025.06.30-20.31.41:509][  0]LogUdpMessaging: Initializing bridge on interface 0.0.0.0:0 to multicast group 230.0.0.1:6666.
[2025.06.30-20.31.41:689][  0]SourceControl: Controle de origem desativado
[2025.06.30-20.31.41:689][  0]SourceControl: Controle de origem desativado
[2025.06.30-20.31.41:691][  0]SourceControl: Controle de origem desativado
[2025.06.30-20.31.41:693][  0]SourceControl: Controle de origem desativado
[2025.06.30-20.31.41:698][  0]SourceControl: Controle de origem desativado
[2025.06.30-20.31.41:700][  0]LogUProjectInfo: Found projects:
[2025.06.30-20.31.41:832][  0]LogOpenImageDenoise: OIDN starting up
[2025.06.30-20.31.41:848][  0]LogAndroidPermission: UAndroidPermissionCallbackProxy::GetInstance
[2025.06.30-20.31.41:866][  0]LogAudioCaptureCore: Display: No Audio Capture implementations found. Audio input will be silent.
[2025.06.30-20.31.41:866][  0]LogAudioCaptureCore: Display: No Audio Capture implementations found. Audio input will be silent.
[2025.06.30-20.31.41:964][  0]LogCollectionManager: Loaded 0 collections in 0.001268 seconds
[2025.06.30-20.31.41:984][  0]LogFileCache: Scanning file cache for directory 'C:/Users/rafael.anastácio/Documents/GitHub/Sorry/Saved/Collections/' took 0.00s
[2025.06.30-20.31.41:984][  0]LogFileCache: Scanning file cache for directory 'C:/Users/rafael.anastácio/Documents/GitHub/Sorry/Content/Developers/rafaelanastácio/Collections/' took 0.00s
[2025.06.30-20.31.41:984][  0]LogFileCache: Scanning file cache for directory 'C:/Users/rafael.anastácio/Documents/GitHub/Sorry/Content/Collections/' took 0.00s
[2025.06.30-20.31.41:984][  0]LogOcInput: OculusInput pre-init called
[2025.06.30-20.31.42:176][  0]LogEngine: Initializing Engine...
[2025.06.30-20.31.42:179][  0]LogHMD: Failed to enumerate extensions. Please check that you have a valid OpenXR runtime installed.
[2025.06.30-20.31.42:179][  0]LogHMD: Failed to initialize OpenVR with code 110
[2025.06.30-20.31.42:179][  0]LogMagicLeap: Warning: VR disabled because ZI is not enabled.  To enable, in the editor, Edit -> Project Settings -> Plugins -> Magic Leap Plugin -> Enable Zero Iteration
[2025.06.30-20.31.42:179][  0]LogStats: UGameplayTagsManager::InitializeManager -  0.000 s
[2025.06.30-20.31.42:280][  0]LogInit: Initializing FReadOnlyCVARCache
[2025.06.30-20.31.42:288][  0]LogAIModule: Creating AISystem for world Untitled
[2025.06.30-20.31.42:321][  0]LogAudio: Display: Initializing Audio Device Manager...
[2025.06.30-20.31.42:324][  0]LogAudio: Display: Loading Default Audio Settings Objects...
[2025.06.30-20.31.42:324][  0]LogAudio: Display: No default SoundConcurrencyObject specified (or failed to load).
[2025.06.30-20.31.42:324][  0]LogAudio: Display: Audio Device Manager Initialized
[2025.06.30-20.31.42:324][  0]LogAudio: Display: Creating Audio Device:                 Id: 1, Scope: Shared, Realtime: True
[2025.06.30-20.31.42:325][  0]LogAudioMixer: Display: Audio Mixer Platform Settings:
[2025.06.30-20.31.42:325][  0]LogAudioMixer: Display: 	Sample Rate:						  48000
[2025.06.30-20.31.42:325][  0]LogAudioMixer: Display: 	Callback Buffer Frame Size Requested: 1024
[2025.06.30-20.31.42:325][  0]LogAudioMixer: Display: 	Callback Buffer Frame Size To Use:	  1024
[2025.06.30-20.31.42:325][  0]LogAudioMixer: Display: 	Number of buffers to queue:			  2
[2025.06.30-20.31.42:325][  0]LogAudioMixer: Display: 	Max Channels (voices):				  32
[2025.06.30-20.31.42:325][  0]LogAudioMixer: Display: 	Number of Async Source Workers:		  0
[2025.06.30-20.31.42:325][  0]LogAudio: Display: AudioDevice MaxSources: 32
[2025.06.30-20.31.42:325][  0]LogAudio: Display: Audio Spatialization Plugin: None (built-in).
[2025.06.30-20.31.42:325][  0]LogAudio: Display: Audio Reverb Plugin: None (built-in).
[2025.06.30-20.31.42:325][  0]LogAudio: Display: Audio Occlusion Plugin: None (built-in).
[2025.06.30-20.31.42:325][  0]LogAudioMixer: Display: Initializing audio mixer.
[2025.06.30-20.31.42:335][  0]LogAudioMixer: Display: 0: FrontLeft
[2025.06.30-20.31.42:335][  0]LogAudioMixer: Display: 1: FrontRight
[2025.06.30-20.31.42:344][  0]LogAudioMixer: Display: Using Audio Device 22B1WG5 (Áudio Intel(R) para telas)
[2025.06.30-20.31.42:346][  0]LogAudioMixer: Display: Initializing Sound Submixes...
[2025.06.30-20.31.42:348][  0]LogAudioMixer: Display: Creating Master Submix 'MasterSubmixDefault'
[2025.06.30-20.31.42:348][  0]LogAudioMixer: Display: Creating Master Submix 'MasterReverbSubmixDefault'
[2025.06.30-20.31.42:348][  0]LogAudioMixer: Display: Creating Master Submix 'MasterEQSubmixDefault'
[2025.06.30-20.31.42:348][  0]LogAudioMixer: FMixerPlatformXAudio2::StartAudioStream() called
[2025.06.30-20.31.42:348][  0]LogAudioMixer: Display: Output buffers initialized: Frames=1024, Channels=2, Samples=2048
[2025.06.30-20.31.42:349][  0]LogAudioMixer: Display: Starting AudioMixerPlatformInterface::RunInternal()
[2025.06.30-20.31.42:349][  0]LogAudioMixer: Display: FMixerPlatformXAudio2::SubmitBuffer() called for the first time
[2025.06.30-20.31.42:349][  0]LogInit: FAudioDevice initialized.
[2025.06.30-20.31.42:349][  0]LogAudio: Display: Audio Device (ID: 1) registered with world 'Untitled'.
[2025.06.30-20.31.42:349][  0]LogNetVersion: Set ProjectVersion to 1.0.0.0. Version Checksum will be recalculated on next use.
[2025.06.30-20.31.42:394][  0]LogDerivedDataCache: Saved boot cache 0.04s 94MB C:/Users/rafael.anastácio/AppData/Local/UnrealEngine/4.27/DerivedDataCache/Boot.ddc.
[2025.06.30-20.31.42:394][  0]LogInit: Texture streaming: Enabled
[2025.06.30-20.31.42:405][  0]LogAnalytics: Display: [UEEditor.Rocket.Release] APIServer = https://datarouter.ol.epicgames.com/. AppVersion = 4.27.2-18319896+++UE4+Release-4.27
[2025.06.30-20.31.42:408][  0]LogEngineSessionManager: EngineSessionManager initialized
[2025.06.30-20.31.42:408][  0]LogEditorSessionSummary: Verbose: Initializing EditorSessionSummaryWriter for editor session tracking
[2025.06.30-20.31.42:409][  0]LogEditorSessionSummary: EditorSessionSummaryWriter initialized
[2025.06.30-20.31.42:429][  0]LogInit: Transaction tracking system initialized
[2025.06.30-20.31.42:446][  0]BlueprintLog: New page: Carregar Editor
[2025.06.30-20.31.42:492][  0]LocalizationService: Localization service is disabled
[2025.06.30-20.31.42:509][  0]TimingProfiler: Initialize
[2025.06.30-20.31.42:510][  0]TimingProfiler: OnSessionChanged
[2025.06.30-20.31.42:510][  0]LoadingProfiler: Initialize
[2025.06.30-20.31.42:510][  0]LoadingProfiler: OnSessionChanged
[2025.06.30-20.31.42:510][  0]NetworkingProfiler: Initialize
[2025.06.30-20.31.42:510][  0]NetworkingProfiler: OnSessionChanged
[2025.06.30-20.31.42:510][  0]MemoryProfiler: Initialize
[2025.06.30-20.31.42:510][  0]MemoryProfiler: OnSessionChanged
[2025.06.30-20.31.42:624][  0]LogCook: Display: CookSettings for Memory: MemoryMaxUsedVirtual 0MiB, MemoryMaxUsedPhysical 16384MiB, MemoryMinFreeVirtual 0MiB, MemoryMinFreePhysical 1024MiB
[2025.06.30-20.31.42:624][  0]LogCook: Display: Mobile HDR setting 1
[2025.06.30-20.31.42:773][  0]LogFileCache: Scanning file cache for directory 'C:/Users/rafael.anastácio/Documents/GitHub/Sorry/Content/' took 0.00s
[2025.06.30-20.31.42:921][  0]LogInit: Display: Engine is initialized. Leaving FEngineLoop::Init()
[2025.06.30-20.31.42:924][  0]SourceControl: Controle de origem desativado
[2025.06.30-20.31.42:924][  0]LogUnrealEdMisc: Loading editor; pre map load, took 5.460
[2025.06.30-20.31.42:924][  0]Cmd: MAP LOAD FILE="../../../../../../Users/rafael.anastácio/Documents/GitHub/Sorry/Content/StarterContent/Maps/Minimal_Default.umap" TEMPLATE=0 SHOWPROGRESS=1 FEATURELEVEL=3
[2025.06.30-20.31.42:924][  0]LightingResults: New page: Compilação de Iluminação
[2025.06.30-20.31.42:925][  0]LogWorld: UWorld::CleanupWorld for Untitled, bSessionEnded=true, bCleanupResources=true
[2025.06.30-20.31.42:925][  0]LogSlate: InvalidateAllWidgets triggered.  All widgets were invalidated
[2025.06.30-20.31.42:925][  0]MapCheck: New page: Verificação de Mapa
[2025.06.30-20.31.42:925][  0]LightingResults: New page: Compilação de Iluminação
[2025.06.30-20.31.42:929][  0]LogAudio: Display: Audio Device unregistered from world 'None'.
[2025.06.30-20.31.42:932][  0]LogUObjectHash: Compacting FUObjectHashTables data took   0.74ms
[2025.06.30-20.31.43:043][  0]LogAudio: Display: Audio Device (ID: 1) registered with world 'Minimal_Default'.
[2025.06.30-20.31.43:044][  0]LogAIModule: Creating AISystem for world Minimal_Default
[2025.06.30-20.31.43:048][  0]LogEditorServer: Finished looking for orphan Actors (0.000 secs)
[2025.06.30-20.31.43:064][  0]LogUObjectHash: Compacting FUObjectHashTables data took   0.87ms
[2025.06.30-20.31.43:064][  0]Cmd: MAP CHECKDEP NOCLEARLOG
[2025.06.30-20.31.43:064][  0]MapCheck: Map check complete: 0 Error(s), 0 Warning(s), took 0,134ms to complete.
[2025.06.30-20.31.43:064][  0]LogFileHelpers: Loading map 'Minimal_Default' took 0.140
[2025.06.30-20.31.43:066][  0]LogUnrealEdMisc: Total Editor Startup Time, took 5.602
[2025.06.30-20.31.43:180][  0]LogSlate: Updating window title bar state: overlay mode, drag disabled, window buttons hidden, title bar hidden
[2025.06.30-20.31.43:185][  0]LogSlate: Updating window title bar state: overlay mode, drag disabled, window buttons hidden, title bar hidden
[2025.06.30-20.31.43:190][  0]LogSlate: Updating window title bar state: overlay mode, drag disabled, window buttons hidden, title bar hidden
[2025.06.30-20.31.43:195][  0]LogSlate: Updating window title bar state: overlay mode, drag disabled, window buttons hidden, title bar hidden
[2025.06.30-20.31.43:208][  0]LogNativeClassHierarchy: Verbose: Native class hierarchy populated in 0.0086 seconds. Added 3822 classes and 928 folders.
[2025.06.30-20.31.43:210][  0]LogNativeClassHierarchy: Verbose: Native class hierarchy updated for 'WidgetCarousel' in 0.0002 seconds. Added 0 classes and 0 folders.
[2025.06.30-20.31.43:211][  0]LogPakFile: PakFile PrimaryIndexSize=187
[2025.06.30-20.31.43:211][  0]LogPakFile: PakFile PathHashIndexSize=101
[2025.06.30-20.31.43:211][  0]LogPakFile: PakFile FullDirectoryIndexSize=148
[2025.06.30-20.31.43:211][  0]LogShaderLibrary: Display: ShaderCodeLibraryPakFileMountedCallback: PakFile 'C:/Program Files/Epic Games/UE_4.27/FeaturePacks/FP_FirstPerson.upack' (chunk index -1, root 'root:/') mounted
[2025.06.30-20.31.43:211][  0]LogShaderLibrary: Display: ShaderCodeLibraryPakFileMountedCallback: pending pak file info (ChunkID:-1 Root:root:/ File:C:/Program Files/Epic Games/UE_4.27/FeaturePacks/FP_FirstPerson.upack)
[2025.06.30-20.31.43:211][  0]LogPakFile: OnPakFileMounted2Time == 0.000049
[2025.06.30-20.31.43:211][  0]LogPakFile: PakFile PrimaryIndexSize=189
[2025.06.30-20.31.43:211][  0]LogPakFile: PakFile PathHashIndexSize=101
[2025.06.30-20.31.43:211][  0]LogPakFile: PakFile FullDirectoryIndexSize=152
[2025.06.30-20.31.43:212][  0]LogShaderLibrary: Display: ShaderCodeLibraryPakFileMountedCallback: PakFile 'C:/Program Files/Epic Games/UE_4.27/FeaturePacks/FP_FirstPersonBP.upack' (chunk index -1, root 'root:/') mounted
[2025.06.30-20.31.43:212][  0]LogShaderLibrary: Display: ShaderCodeLibraryPakFileMountedCallback: pending pak file info (ChunkID:-1 Root:root:/ File:C:/Program Files/Epic Games/UE_4.27/FeaturePacks/FP_FirstPersonBP.upack)
[2025.06.30-20.31.43:212][  0]LogPakFile: OnPakFileMounted2Time == 0.000034
[2025.06.30-20.31.43:212][  0]LogPakFile: PakFile PrimaryIndexSize=191
[2025.06.30-20.31.43:212][  0]LogPakFile: PakFile PathHashIndexSize=101
[2025.06.30-20.31.43:212][  0]LogPakFile: PakFile FullDirectoryIndexSize=160
[2025.06.30-20.31.43:212][  0]LogShaderLibrary: Display: ShaderCodeLibraryPakFileMountedCallback: PakFile 'C:/Program Files/Epic Games/UE_4.27/FeaturePacks/MobileStarterContent.upack' (chunk index -1, root 'root:/') mounted
[2025.06.30-20.31.43:212][  0]LogShaderLibrary: Display: ShaderCodeLibraryPakFileMountedCallback: pending pak file info (ChunkID:-1 Root:root:/ File:C:/Program Files/Epic Games/UE_4.27/FeaturePacks/MobileStarterContent.upack)
[2025.06.30-20.31.43:212][  0]LogPakFile: OnPakFileMounted2Time == 0.000031
[2025.06.30-20.31.43:212][  0]LogPakFile: PakFile PrimaryIndexSize=185
[2025.06.30-20.31.43:212][  0]LogPakFile: PakFile PathHashIndexSize=101
[2025.06.30-20.31.43:212][  0]LogPakFile: PakFile FullDirectoryIndexSize=148
[2025.06.30-20.31.43:212][  0]LogShaderLibrary: Display: ShaderCodeLibraryPakFileMountedCallback: PakFile 'C:/Program Files/Epic Games/UE_4.27/FeaturePacks/StarterContent.upack' (chunk index -1, root 'root:/') mounted
[2025.06.30-20.31.43:213][  0]LogShaderLibrary: Display: ShaderCodeLibraryPakFileMountedCallback: pending pak file info (ChunkID:-1 Root:root:/ File:C:/Program Files/Epic Games/UE_4.27/FeaturePacks/StarterContent.upack)
[2025.06.30-20.31.43:213][  0]LogPakFile: OnPakFileMounted2Time == 0.000034
[2025.06.30-20.31.43:213][  0]LogPakFile: PakFile PrimaryIndexSize=190
[2025.06.30-20.31.43:213][  0]LogPakFile: PakFile PathHashIndexSize=101
[2025.06.30-20.31.43:213][  0]LogPakFile: PakFile FullDirectoryIndexSize=154
[2025.06.30-20.31.43:213][  0]LogShaderLibrary: Display: ShaderCodeLibraryPakFileMountedCallback: PakFile 'C:/Program Files/Epic Games/UE_4.27/FeaturePacks/TP_2DSideScroller.upack' (chunk index -1, root 'root:/') mounted
[2025.06.30-20.31.43:213][  0]LogShaderLibrary: Display: ShaderCodeLibraryPakFileMountedCallback: pending pak file info (ChunkID:-1 Root:root:/ File:C:/Program Files/Epic Games/UE_4.27/FeaturePacks/TP_2DSideScroller.upack)
[2025.06.30-20.31.43:213][  0]LogPakFile: OnPakFileMounted2Time == 0.000031
[2025.06.30-20.31.43:213][  0]LogPakFile: PakFile PrimaryIndexSize=192
[2025.06.30-20.31.43:213][  0]LogPakFile: PakFile PathHashIndexSize=101
[2025.06.30-20.31.43:213][  0]LogPakFile: PakFile FullDirectoryIndexSize=158
[2025.06.30-20.31.43:213][  0]LogShaderLibrary: Display: ShaderCodeLibraryPakFileMountedCallback: PakFile 'C:/Program Files/Epic Games/UE_4.27/FeaturePacks/TP_2DSideScrollerBP.upack' (chunk index -1, root 'root:/') mounted
[2025.06.30-20.31.43:213][  0]LogShaderLibrary: Display: ShaderCodeLibraryPakFileMountedCallback: pending pak file info (ChunkID:-1 Root:root:/ File:C:/Program Files/Epic Games/UE_4.27/FeaturePacks/TP_2DSideScrollerBP.upack)
[2025.06.30-20.31.43:213][  0]LogPakFile: OnPakFileMounted2Time == 0.000031
[2025.06.30-20.31.43:214][  0]LogPakFile: PakFile PrimaryIndexSize=182
[2025.06.30-20.31.43:214][  0]LogPakFile: PakFile PathHashIndexSize=101
[2025.06.30-20.31.43:214][  0]LogPakFile: PakFile FullDirectoryIndexSize=138
[2025.06.30-20.31.43:214][  0]LogShaderLibrary: Display: ShaderCodeLibraryPakFileMountedCallback: PakFile 'C:/Program Files/Epic Games/UE_4.27/FeaturePacks/TP_Flying.upack' (chunk index -1, root 'root:/') mounted
[2025.06.30-20.31.43:214][  0]LogShaderLibrary: Display: ShaderCodeLibraryPakFileMountedCallback: pending pak file info (ChunkID:-1 Root:root:/ File:C:/Program Files/Epic Games/UE_4.27/FeaturePacks/TP_Flying.upack)
[2025.06.30-20.31.43:214][  0]LogPakFile: OnPakFileMounted2Time == 0.000031
[2025.06.30-20.31.43:214][  0]LogPakFile: PakFile PrimaryIndexSize=184
[2025.06.30-20.31.43:214][  0]LogPakFile: PakFile PathHashIndexSize=101
[2025.06.30-20.31.43:214][  0]LogPakFile: PakFile FullDirectoryIndexSize=142
[2025.06.30-20.31.43:214][  0]LogShaderLibrary: Display: ShaderCodeLibraryPakFileMountedCallback: PakFile 'C:/Program Files/Epic Games/UE_4.27/FeaturePacks/TP_FlyingBP.upack' (chunk index -1, root 'root:/') mounted
[2025.06.30-20.31.43:214][  0]LogShaderLibrary: Display: ShaderCodeLibraryPakFileMountedCallback: pending pak file info (ChunkID:-1 Root:root:/ File:C:/Program Files/Epic Games/UE_4.27/FeaturePacks/TP_FlyingBP.upack)
[2025.06.30-20.31.43:214][  0]LogPakFile: OnPakFileMounted2Time == 0.000030
[2025.06.30-20.31.43:215][  0]LogPakFile: PakFile PrimaryIndexSize=188
[2025.06.30-20.31.43:215][  0]LogPakFile: PakFile PathHashIndexSize=101
[2025.06.30-20.31.43:215][  0]LogPakFile: PakFile FullDirectoryIndexSize=150
[2025.06.30-20.31.43:215][  0]LogShaderLibrary: Display: ShaderCodeLibraryPakFileMountedCallback: PakFile 'C:/Program Files/Epic Games/UE_4.27/FeaturePacks/TP_HandheldARBP.upack' (chunk index -1, root 'root:/') mounted
[2025.06.30-20.31.43:215][  0]LogShaderLibrary: Display: ShaderCodeLibraryPakFileMountedCallback: pending pak file info (ChunkID:-1 Root:root:/ File:C:/Program Files/Epic Games/UE_4.27/FeaturePacks/TP_HandheldARBP.upack)
[2025.06.30-20.31.43:215][  0]LogPakFile: OnPakFileMounted2Time == 0.000033
[2025.06.30-20.31.43:215][  0]LogPakFile: PakFile PrimaryIndexSize=182
[2025.06.30-20.31.43:215][  0]LogPakFile: PakFile PathHashIndexSize=101
[2025.06.30-20.31.43:215][  0]LogPakFile: PakFile FullDirectoryIndexSize=138
[2025.06.30-20.31.43:215][  0]LogShaderLibrary: Display: ShaderCodeLibraryPakFileMountedCallback: PakFile 'C:/Program Files/Epic Games/UE_4.27/FeaturePacks/TP_Puzzle.upack' (chunk index -1, root 'root:/') mounted
[2025.06.30-20.31.43:215][  0]LogShaderLibrary: Display: ShaderCodeLibraryPakFileMountedCallback: pending pak file info (ChunkID:-1 Root:root:/ File:C:/Program Files/Epic Games/UE_4.27/FeaturePacks/TP_Puzzle.upack)
[2025.06.30-20.31.43:215][  0]LogPakFile: OnPakFileMounted2Time == 0.000034
[2025.06.30-20.31.43:216][  0]LogPakFile: PakFile PrimaryIndexSize=184
[2025.06.30-20.31.43:216][  0]LogPakFile: PakFile PathHashIndexSize=101
[2025.06.30-20.31.43:216][  0]LogPakFile: PakFile FullDirectoryIndexSize=142
[2025.06.30-20.31.43:216][  0]LogShaderLibrary: Display: ShaderCodeLibraryPakFileMountedCallback: PakFile 'C:/Program Files/Epic Games/UE_4.27/FeaturePacks/TP_PuzzleBP.upack' (chunk index -1, root 'root:/') mounted
[2025.06.30-20.31.43:216][  0]LogShaderLibrary: Display: ShaderCodeLibraryPakFileMountedCallback: pending pak file info (ChunkID:-1 Root:root:/ File:C:/Program Files/Epic Games/UE_4.27/FeaturePacks/TP_PuzzleBP.upack)
[2025.06.30-20.31.43:216][  0]LogPakFile: OnPakFileMounted2Time == 0.000031
[2025.06.30-20.31.43:216][  0]LogPakFile: PakFile PrimaryIndexSize=183
[2025.06.30-20.31.43:216][  0]LogPakFile: PakFile PathHashIndexSize=101
[2025.06.30-20.31.43:216][  0]LogPakFile: PakFile FullDirectoryIndexSize=140
[2025.06.30-20.31.43:216][  0]LogShaderLibrary: Display: ShaderCodeLibraryPakFileMountedCallback: PakFile 'C:/Program Files/Epic Games/UE_4.27/FeaturePacks/TP_Rolling.upack' (chunk index -1, root 'root:/') mounted
[2025.06.30-20.31.43:216][  0]LogShaderLibrary: Display: ShaderCodeLibraryPakFileMountedCallback: pending pak file info (ChunkID:-1 Root:root:/ File:C:/Program Files/Epic Games/UE_4.27/FeaturePacks/TP_Rolling.upack)
[2025.06.30-20.31.43:216][  0]LogPakFile: OnPakFileMounted2Time == 0.000031
[2025.06.30-20.31.43:217][  0]LogPakFile: PakFile PrimaryIndexSize=185
[2025.06.30-20.31.43:217][  0]LogPakFile: PakFile PathHashIndexSize=101
[2025.06.30-20.31.43:217][  0]LogPakFile: PakFile FullDirectoryIndexSize=144
[2025.06.30-20.31.43:217][  0]LogShaderLibrary: Display: ShaderCodeLibraryPakFileMountedCallback: PakFile 'C:/Program Files/Epic Games/UE_4.27/FeaturePacks/TP_RollingBP.upack' (chunk index -1, root 'root:/') mounted
[2025.06.30-20.31.43:217][  0]LogShaderLibrary: Display: ShaderCodeLibraryPakFileMountedCallback: pending pak file info (ChunkID:-1 Root:root:/ File:C:/Program Files/Epic Games/UE_4.27/FeaturePacks/TP_RollingBP.upack)
[2025.06.30-20.31.43:217][  0]LogPakFile: OnPakFileMounted2Time == 0.000030
[2025.06.30-20.31.43:217][  0]LogPakFile: PakFile PrimaryIndexSize=188
[2025.06.30-20.31.43:217][  0]LogPakFile: PakFile PathHashIndexSize=101
[2025.06.30-20.31.43:217][  0]LogPakFile: PakFile FullDirectoryIndexSize=150
[2025.06.30-20.31.43:217][  0]LogShaderLibrary: Display: ShaderCodeLibraryPakFileMountedCallback: PakFile 'C:/Program Files/Epic Games/UE_4.27/FeaturePacks/TP_SideScroller.upack' (chunk index -1, root 'root:/') mounted
[2025.06.30-20.31.43:217][  0]LogShaderLibrary: Display: ShaderCodeLibraryPakFileMountedCallback: pending pak file info (ChunkID:-1 Root:root:/ File:C:/Program Files/Epic Games/UE_4.27/FeaturePacks/TP_SideScroller.upack)
[2025.06.30-20.31.43:217][  0]LogPakFile: OnPakFileMounted2Time == 0.000034
[2025.06.30-20.31.43:218][  0]LogPakFile: PakFile PrimaryIndexSize=190
[2025.06.30-20.31.43:218][  0]LogPakFile: PakFile PathHashIndexSize=101
[2025.06.30-20.31.43:218][  0]LogPakFile: PakFile FullDirectoryIndexSize=154
[2025.06.30-20.31.43:218][  0]LogShaderLibrary: Display: ShaderCodeLibraryPakFileMountedCallback: PakFile 'C:/Program Files/Epic Games/UE_4.27/FeaturePacks/TP_SideScrollerBP.upack' (chunk index -1, root 'root:/') mounted
[2025.06.30-20.31.43:218][  0]LogShaderLibrary: Display: ShaderCodeLibraryPakFileMountedCallback: pending pak file info (ChunkID:-1 Root:root:/ File:C:/Program Files/Epic Games/UE_4.27/FeaturePacks/TP_SideScrollerBP.upack)
[2025.06.30-20.31.43:218][  0]LogPakFile: OnPakFileMounted2Time == 0.000034
[2025.06.30-20.31.43:218][  0]LogPakFile: PakFile PrimaryIndexSize=187
[2025.06.30-20.31.43:218][  0]LogPakFile: PakFile PathHashIndexSize=101
[2025.06.30-20.31.43:218][  0]LogPakFile: PakFile FullDirectoryIndexSize=148
[2025.06.30-20.31.43:218][  0]LogShaderLibrary: Display: ShaderCodeLibraryPakFileMountedCallback: PakFile 'C:/Program Files/Epic Games/UE_4.27/FeaturePacks/TP_ThirdPerson.upack' (chunk index -1, root 'root:/') mounted
[2025.06.30-20.31.43:218][  0]LogShaderLibrary: Display: ShaderCodeLibraryPakFileMountedCallback: pending pak file info (ChunkID:-1 Root:root:/ File:C:/Program Files/Epic Games/UE_4.27/FeaturePacks/TP_ThirdPerson.upack)
[2025.06.30-20.31.43:218][  0]LogPakFile: OnPakFileMounted2Time == 0.000031
[2025.06.30-20.31.43:219][  0]LogPakFile: PakFile PrimaryIndexSize=189
[2025.06.30-20.31.43:219][  0]LogPakFile: PakFile PathHashIndexSize=101
[2025.06.30-20.31.43:219][  0]LogPakFile: PakFile FullDirectoryIndexSize=152
[2025.06.30-20.31.43:219][  0]LogShaderLibrary: Display: ShaderCodeLibraryPakFileMountedCallback: PakFile 'C:/Program Files/Epic Games/UE_4.27/FeaturePacks/TP_ThirdPersonBP.upack' (chunk index -1, root 'root:/') mounted
[2025.06.30-20.31.43:219][  0]LogShaderLibrary: Display: ShaderCodeLibraryPakFileMountedCallback: pending pak file info (ChunkID:-1 Root:root:/ File:C:/Program Files/Epic Games/UE_4.27/FeaturePacks/TP_ThirdPersonBP.upack)
[2025.06.30-20.31.43:219][  0]LogPakFile: OnPakFileMounted2Time == 0.000033
[2025.06.30-20.31.43:219][  0]LogPakFile: PakFile PrimaryIndexSize=183
[2025.06.30-20.31.43:219][  0]LogPakFile: PakFile PathHashIndexSize=101
[2025.06.30-20.31.43:219][  0]LogPakFile: PakFile FullDirectoryIndexSize=140
[2025.06.30-20.31.43:219][  0]LogShaderLibrary: Display: ShaderCodeLibraryPakFileMountedCallback: PakFile 'C:/Program Files/Epic Games/UE_4.27/FeaturePacks/TP_TopDown.upack' (chunk index -1, root 'root:/') mounted
[2025.06.30-20.31.43:219][  0]LogShaderLibrary: Display: ShaderCodeLibraryPakFileMountedCallback: pending pak file info (ChunkID:-1 Root:root:/ File:C:/Program Files/Epic Games/UE_4.27/FeaturePacks/TP_TopDown.upack)
[2025.06.30-20.31.43:219][  0]LogPakFile: OnPakFileMounted2Time == 0.000037
[2025.06.30-20.31.43:220][  0]LogPakFile: PakFile PrimaryIndexSize=185
[2025.06.30-20.31.43:220][  0]LogPakFile: PakFile PathHashIndexSize=101
[2025.06.30-20.31.43:220][  0]LogPakFile: PakFile FullDirectoryIndexSize=144
[2025.06.30-20.31.43:220][  0]LogShaderLibrary: Display: ShaderCodeLibraryPakFileMountedCallback: PakFile 'C:/Program Files/Epic Games/UE_4.27/FeaturePacks/TP_TopDownBP.upack' (chunk index -1, root 'root:/') mounted
[2025.06.30-20.31.43:220][  0]LogShaderLibrary: Display: ShaderCodeLibraryPakFileMountedCallback: pending pak file info (ChunkID:-1 Root:root:/ File:C:/Program Files/Epic Games/UE_4.27/FeaturePacks/TP_TopDownBP.upack)
[2025.06.30-20.31.43:220][  0]LogPakFile: OnPakFileMounted2Time == 0.000031
[2025.06.30-20.31.43:220][  0]LogPakFile: PakFile PrimaryIndexSize=185
[2025.06.30-20.31.43:220][  0]LogPakFile: PakFile PathHashIndexSize=101
[2025.06.30-20.31.43:220][  0]LogPakFile: PakFile FullDirectoryIndexSize=144
[2025.06.30-20.31.43:220][  0]LogShaderLibrary: Display: ShaderCodeLibraryPakFileMountedCallback: PakFile 'C:/Program Files/Epic Games/UE_4.27/FeaturePacks/TP_TwinStick.upack' (chunk index -1, root 'root:/') mounted
[2025.06.30-20.31.43:220][  0]LogShaderLibrary: Display: ShaderCodeLibraryPakFileMountedCallback: pending pak file info (ChunkID:-1 Root:root:/ File:C:/Program Files/Epic Games/UE_4.27/FeaturePacks/TP_TwinStick.upack)
[2025.06.30-20.31.43:220][  0]LogPakFile: OnPakFileMounted2Time == 0.000030
[2025.06.30-20.31.43:220][  0]LogPakFile: PakFile PrimaryIndexSize=187
[2025.06.30-20.31.43:220][  0]LogPakFile: PakFile PathHashIndexSize=101
[2025.06.30-20.31.43:220][  0]LogPakFile: PakFile FullDirectoryIndexSize=148
[2025.06.30-20.31.43:220][  0]LogShaderLibrary: Display: ShaderCodeLibraryPakFileMountedCallback: PakFile 'C:/Program Files/Epic Games/UE_4.27/FeaturePacks/TP_TwinStickBP.upack' (chunk index -1, root 'root:/') mounted
[2025.06.30-20.31.43:221][  0]LogShaderLibrary: Display: ShaderCodeLibraryPakFileMountedCallback: pending pak file info (ChunkID:-1 Root:root:/ File:C:/Program Files/Epic Games/UE_4.27/FeaturePacks/TP_TwinStickBP.upack)
[2025.06.30-20.31.43:221][  0]LogPakFile: OnPakFileMounted2Time == 0.000036
[2025.06.30-20.31.43:221][  0]LogPakFile: PakFile PrimaryIndexSize=183
[2025.06.30-20.31.43:221][  0]LogPakFile: PakFile PathHashIndexSize=101
[2025.06.30-20.31.43:221][  0]LogPakFile: PakFile FullDirectoryIndexSize=140
[2025.06.30-20.31.43:221][  0]LogShaderLibrary: Display: ShaderCodeLibraryPakFileMountedCallback: PakFile 'C:/Program Files/Epic Games/UE_4.27/FeaturePacks/TP_Vehicle.upack' (chunk index -1, root 'root:/') mounted
[2025.06.30-20.31.43:221][  0]LogShaderLibrary: Display: ShaderCodeLibraryPakFileMountedCallback: pending pak file info (ChunkID:-1 Root:root:/ File:C:/Program Files/Epic Games/UE_4.27/FeaturePacks/TP_Vehicle.upack)
[2025.06.30-20.31.43:221][  0]LogPakFile: OnPakFileMounted2Time == 0.000030
[2025.06.30-20.31.43:221][  0]LogPakFile: PakFile PrimaryIndexSize=186
[2025.06.30-20.31.43:221][  0]LogPakFile: PakFile PathHashIndexSize=101
[2025.06.30-20.31.43:221][  0]LogPakFile: PakFile FullDirectoryIndexSize=146
[2025.06.30-20.31.43:221][  0]LogShaderLibrary: Display: ShaderCodeLibraryPakFileMountedCallback: PakFile 'C:/Program Files/Epic Games/UE_4.27/FeaturePacks/TP_VehicleAdv.upack' (chunk index -1, root 'root:/') mounted
[2025.06.30-20.31.43:221][  0]LogShaderLibrary: Display: ShaderCodeLibraryPakFileMountedCallback: pending pak file info (ChunkID:-1 Root:root:/ File:C:/Program Files/Epic Games/UE_4.27/FeaturePacks/TP_VehicleAdv.upack)
[2025.06.30-20.31.43:221][  0]LogPakFile: OnPakFileMounted2Time == 0.000031
[2025.06.30-20.31.43:222][  0]LogPakFile: PakFile PrimaryIndexSize=188
[2025.06.30-20.31.43:222][  0]LogPakFile: PakFile PathHashIndexSize=101
[2025.06.30-20.31.43:222][  0]LogPakFile: PakFile FullDirectoryIndexSize=150
[2025.06.30-20.31.43:222][  0]LogShaderLibrary: Display: ShaderCodeLibraryPakFileMountedCallback: PakFile 'C:/Program Files/Epic Games/UE_4.27/FeaturePacks/TP_VehicleAdvBP.upack' (chunk index -1, root 'root:/') mounted
[2025.06.30-20.31.43:222][  0]LogShaderLibrary: Display: ShaderCodeLibraryPakFileMountedCallback: pending pak file info (ChunkID:-1 Root:root:/ File:C:/Program Files/Epic Games/UE_4.27/FeaturePacks/TP_VehicleAdvBP.upack)
[2025.06.30-20.31.43:222][  0]LogPakFile: OnPakFileMounted2Time == 0.000034
[2025.06.30-20.31.43:222][  0]LogPakFile: PakFile PrimaryIndexSize=185
[2025.06.30-20.31.43:222][  0]LogPakFile: PakFile PathHashIndexSize=101
[2025.06.30-20.31.43:222][  0]LogPakFile: PakFile FullDirectoryIndexSize=144
[2025.06.30-20.31.43:223][  0]LogShaderLibrary: Display: ShaderCodeLibraryPakFileMountedCallback: PakFile 'C:/Program Files/Epic Games/UE_4.27/FeaturePacks/TP_VehicleBP.upack' (chunk index -1, root 'root:/') mounted
[2025.06.30-20.31.43:223][  0]LogShaderLibrary: Display: ShaderCodeLibraryPakFileMountedCallback: pending pak file info (ChunkID:-1 Root:root:/ File:C:/Program Files/Epic Games/UE_4.27/FeaturePacks/TP_VehicleBP.upack)
[2025.06.30-20.31.43:223][  0]LogPakFile: OnPakFileMounted2Time == 0.000031
[2025.06.30-20.31.43:223][  0]LogPakFile: PakFile PrimaryIndexSize=192
[2025.06.30-20.31.43:223][  0]LogPakFile: PakFile PathHashIndexSize=101
[2025.06.30-20.31.43:223][  0]LogPakFile: PakFile FullDirectoryIndexSize=158
[2025.06.30-20.31.43:223][  0]LogShaderLibrary: Display: ShaderCodeLibraryPakFileMountedCallback: PakFile 'C:/Program Files/Epic Games/UE_4.27/FeaturePacks/TP_VirtualRealityBP.upack' (chunk index -1, root 'root:/') mounted
[2025.06.30-20.31.43:223][  0]LogShaderLibrary: Display: ShaderCodeLibraryPakFileMountedCallback: pending pak file info (ChunkID:-1 Root:root:/ File:C:/Program Files/Epic Games/UE_4.27/FeaturePacks/TP_VirtualRealityBP.upack)
[2025.06.30-20.31.43:223][  0]LogPakFile: OnPakFileMounted2Time == 0.000031
[2025.06.30-20.31.43:258][  0]LogNativeClassHierarchy: Verbose: Native class hierarchy updated for 'AddContentDialog' in 0.0003 seconds. Added 0 classes and 0 folders.
[2025.06.30-20.31.43:259][  0]LogNativeClassHierarchy: Verbose: Native class hierarchy updated for 'SceneOutliner' in 0.0002 seconds. Added 2 classes and 0 folders.
[2025.06.30-20.31.43:288][  0]LogSlate: Took 0.000115 seconds to synchronously load lazily loaded font '../../../Engine/Content/Slate/Fonts/Roboto-Regular.ttf' (155K)
[2025.06.30-20.31.43:289][  0]LogSlate: Took 0.000093 seconds to synchronously load lazily loaded font '../../../Engine/Content/Editor/Slate/Fonts/FontAwesome.ttf' (139K)
[2025.06.30-20.31.43:290][  0]LogSlate: Took 0.000095 seconds to synchronously load lazily loaded font '../../../Engine/Content/Slate/Fonts/Roboto-Bold.ttf' (160K)
[2025.06.30-20.31.43:364][  0]LogRenderer: Reallocating scene render targets to support 1208x500 Format 10 NumSamples 1 (Frame:1).
[2025.06.30-20.31.43:438][  0]LogNativeClassHierarchy: Verbose: Native class hierarchy updated for 'HierarchicalLODOutliner' in 0.0003 seconds. Added 0 classes and 0 folders.
[2025.06.30-20.31.43:439][  0]LogLoad: (Engine Initialization) Total time: 5.98 seconds
[2025.06.30-20.31.43:439][  0]LogLoad: (Engine Initialization) Total Blueprint compile time: 0.00 seconds
[2025.06.30-20.31.43:474][  0]LogAssetRegistry: Asset discovery search completed in 3.5078 seconds
[2025.06.30-20.31.43:478][  0]LogCollectionManager: Fixed up redirectors for 0 collections in 0.000003 seconds (updated 0 objects)
[2025.06.30-20.31.43:479][  0]LogContentStreaming: Texture pool size now 1000 MB
[2025.06.30-20.31.43:822][  3]LogSlate: Took 0.000236 seconds to synchronously load lazily loaded font '../../../Engine/Content/Slate/Fonts/Roboto-Light.ttf' (167K)
[2025.06.30-20.31.49:237][224]LogUObjectHash: Compacting FUObjectHashTables data took   0.61ms
[2025.06.30-20.31.49:280][224]LogSlate: Took 0.000154 seconds to synchronously load lazily loaded font '../../../Engine/Content/Slate/Fonts/Roboto-Light.ttf' (167K)
[2025.06.30-20.31.49:310][224]LogAssetEditorSubsystem: Opening Asset editor for World /Game/Cenas/Rafael.Rafael
[2025.06.30-20.31.49:311][224]Cmd: MAP LOAD FILE="../../../../../../Users/rafael.anastácio/Documents/GitHub/Sorry/Content/Cenas/Rafael.umap" TEMPLATE=0 SHOWPROGRESS=1 FEATURELEVEL=3
[2025.06.30-20.31.49:311][224]LightingResults: New page: Compilação de Iluminação
[2025.06.30-20.31.49:311][224]LoadErrors: New page: Carregando mapa: Rafael.umap
[2025.06.30-20.31.49:313][224]LogWorld: UWorld::CleanupWorld for Minimal_Default, bSessionEnded=true, bCleanupResources=true
[2025.06.30-20.31.49:313][224]LogSlate: InvalidateAllWidgets triggered.  All widgets were invalidated
[2025.06.30-20.31.49:313][224]MapCheck: New page: Verificação de Mapa
[2025.06.30-20.31.49:313][224]LightingResults: New page: Compilação de Iluminação
[2025.06.30-20.31.49:317][224]LogAudio: Display: Audio Device unregistered from world 'None'.
[2025.06.30-20.31.49:318][224]LogUObjectHash: Compacting FUObjectHashTables data took   0.69ms
[2025.06.30-20.31.49:319][224]LogAudio: Display: Audio Device (ID: 1) registered with world 'Rafael'.
[2025.06.30-20.31.49:320][224]LogEditorServer: Finished looking for orphan Actors (0.000 secs)
[2025.06.30-20.31.49:320][224]LogAIModule: Creating AISystem for world Rafael
[2025.06.30-20.31.49:326][224]LogUObjectHash: Compacting FUObjectHashTables data took   0.54ms
[2025.06.30-20.31.49:328][224]Cmd: MAP CHECKDEP NOCLEARLOG
[2025.06.30-20.31.49:329][224]MapCheck: Map check complete: 0 Error(s), 0 Warning(s), took 0,132ms to complete.
[2025.06.30-20.31.49:329][224]LogFileHelpers: Loading map 'Rafael' took 0.018
[2025.06.30-20.32.15:781][656]Cmd: OBJ SAVEPACKAGE PACKAGE="/Game/Cenas/Rafael" FILE="../../../../../../Users/rafael.anastácio/Documents/GitHub/Sorry/Content/Cenas/Rafael.umap" SILENT=true AUTOSAVING=false KEEPDIRTY=false
[2025.06.30-20.32.15:786][656]LogUObjectHash: Compacting FUObjectHashTables data took   0.27ms
[2025.06.30-20.32.15:796][656]LogSavePackage: Moving '../../../../../../Users/rafael.anastácio/Documents/GitHub/Sorry/Saved/RafaelE9B6E3F04EB79A5682B832B39BE86A13.tmp' to '../../../../../../Users/rafael.anastácio/Documents/GitHub/Sorry/Content/Cenas/Rafael.umap'
[2025.06.30-20.32.15:817][656]AssetCheck: New page: Asset Save: Rafael
[2025.06.30-20.32.15:817][656]LogContentValidation: Display: Validating World /Game/Cenas/Rafael.Rafael
[2025.06.30-20.35.08:352][733]Cmd: OBJ SAVEPACKAGE PACKAGE="/Game/Cenas/Rafael" FILE="../../../../../../Users/rafael.anastácio/Documents/GitHub/Sorry/Content/Cenas/Rafael.umap" SILENT=true AUTOSAVING=false KEEPDIRTY=false
[2025.06.30-20.35.08:358][733]LogUObjectHash: Compacting FUObjectHashTables data took   0.59ms
[2025.06.30-20.35.08:368][733]LogSavePackage: Moving '../../../../../../Users/rafael.anastácio/Documents/GitHub/Sorry/Saved/Rafael99ACF71A45F37B85CACDDB8906101794.tmp' to '../../../../../../Users/rafael.anastácio/Documents/GitHub/Sorry/Content/Cenas/Rafael.umap'
[2025.06.30-20.35.08:386][733]AssetCheck: New page: Asset Save: Rafael
[2025.06.30-20.35.08:386][733]LogContentValidation: Display: Validating World /Game/Cenas/Rafael.Rafael
[2025.06.30-20.35.09:719][779]Cmd: OBJ SAVEPACKAGE PACKAGE="/Game/Cenas/Rafael" FILE="../../../../../../Users/rafael.anastácio/Documents/GitHub/Sorry/Content/Cenas/Rafael.umap" SILENT=true AUTOSAVING=false KEEPDIRTY=false
[2025.06.30-20.35.09:726][779]LogUObjectHash: Compacting FUObjectHashTables data took   0.25ms
[2025.06.30-20.35.09:735][779]LogSavePackage: Moving '../../../../../../Users/rafael.anastácio/Documents/GitHub/Sorry/Saved/Rafael76DD7845486B0001A9F68D814FCD8CC1.tmp' to '../../../../../../Users/rafael.anastácio/Documents/GitHub/Sorry/Content/Cenas/Rafael.umap'
[2025.06.30-20.35.09:752][779]AssetCheck: New page: Asset Save: Rafael
[2025.06.30-20.35.09:752][779]LogContentValidation: Display: Validating World /Game/Cenas/Rafael.Rafael
