Log file open, 06/30/25 17:12:44
LogWindows: Failed to load 'aqProf.dll' (GetLastError=126)
LogWindows: File 'aqProf.dll' does not exist
LogWindows: Failed to load 'VtuneApi.dll' (GetLastError=126)
LogWindows: File 'VtuneApi.dll' does not exist
LogWindows: Failed to load 'VtuneApi32e.dll' (GetLastError=126)
LogWindows: File 'VtuneApi32e.dll' does not exist
LogConsoleResponse: Display: Failed to find resolution value strings in scalability ini. Falling back to default.
LogConsoleResponse: Display: Failed to find resolution value strings in scalability ini. Falling back to default.
LogInit: Display: Running engine for game: Sorry
LogPlatformFile: Not using cached read wrapper
LogTaskGraph: Started task graph with 5 named threads and 35 total threads with 3 sets of task threads.
LogStats: Stats thread started at 0.201268
LogICUInternationalization: ICU TimeZone Detection - Raw Offset: -3:00, Platform Override: ''
LogInit: Display: Loading text-based GConfig....
LogPluginManager: Mounting plugin MeshPainting
LogPluginManager: Mounting plugin XGEController
LogPluginManager: Mounting plugin Paper2D
LogPluginManager: Mounting plugin AISupport
LogPluginManager: Mounting plugin EnvironmentQueryEditor
LogPluginManager: Mounting plugin LiveLink
LogPluginManager: Mounting plugin LightPropagationVolume
LogPluginManager: Mounting plugin GameplayCameras
LogPluginManager: Mounting plugin CameraShakePreviewer
LogPluginManager: Mounting plugin AnimationSharing
LogPluginManager: Mounting plugin OodleData
LogPluginManager: Mounting plugin CLionSourceCodeAccess
LogPluginManager: Mounting plugin CodeLiteSourceCodeAccess
LogPluginManager: Mounting plugin OodleNetwork
LogPluginManager: Mounting plugin GitSourceControl
LogPluginManager: Mounting plugin KDevelopSourceCodeAccess
LogPluginManager: Mounting plugin NullSourceCodeAccess
LogPluginManager: Mounting plugin PerforceSourceControl
LogPluginManager: Mounting plugin PixWinPlugin
LogPluginManager: Mounting plugin PropertyAccessNode
LogPluginManager: Mounting plugin PlasticSourceControl
LogPluginManager: Mounting plugin PluginUtils
LogPluginManager: Mounting plugin RiderSourceCodeAccess
LogPluginManager: Mounting plugin SubversionSourceControl
LogPluginManager: Mounting plugin TextureFormatOodle
LogPluginManager: Mounting plugin AssetManagerEditor
LogPluginManager: Mounting plugin UObjectPlugin
LogPluginManager: Mounting plugin CurveEditorTools
LogPluginManager: Mounting plugin CryptoKeys
LogPluginManager: Mounting plugin DataValidation
LogPluginManager: Mounting plugin GeometryMode
LogPluginManager: Mounting plugin GameplayTagsEditor
LogPluginManager: Mounting plugin FacialAnimation
LogPluginManager: Mounting plugin VisualStudioCodeSourceCodeAccess
LogPluginManager: Mounting plugin VisualStudioSourceCodeAccess
LogPluginManager: Mounting plugin XCodeSourceCodeAccess
LogPluginManager: Mounting plugin MacGraphicsSwitching
LogPluginManager: Mounting plugin MaterialAnalyzer
LogPluginManager: Mounting plugin MobileLauncherProfileWizard
LogPluginManager: Mounting plugin PluginBrowser
LogPluginManager: Mounting plugin SpeedTreeImporter
LogPluginManager: Mounting plugin DatasmithContent
LogPluginManager: Mounting plugin LuminPlatformFeatures
LogPluginManager: Mounting plugin VariantManagerContent
LogPluginManager: Mounting plugin MagicLeap
LogPluginManager: Mounting plugin AlembicImporter
LogPluginManager: Mounting plugin AutomationUtils
LogPluginManager: Mounting plugin BackChannel
LogPluginManager: Mounting plugin MagicLeapLightEstimation
LogPluginManager: Mounting plugin ChaosCloth
LogPluginManager: Mounting plugin ChaosClothEditor
LogPluginManager: Mounting plugin ChaosSolverPlugin
LogPluginManager: Mounting plugin ChaosNiagara
LogPluginManager: Mounting plugin ChaosEditor
LogPluginManager: Mounting plugin MagicLeapMedia
LogPluginManager: Mounting plugin CharacterAI
LogPluginManager: Mounting plugin MagicLeapPassableWorld
LogPluginManager: Mounting plugin MLSDK
LogPluginManager: Mounting plugin GeometryCache
LogPluginManager: Mounting plugin GeometryCollectionPlugin
LogPluginManager: Mounting plugin GeometryProcessing
LogPluginManager: Mounting plugin MotoSynth
LogPluginManager: Mounting plugin OpenImageDenoise
LogPluginManager: Mounting plugin PlatformCrypto
LogPluginManager: Mounting plugin PlanarCut
LogPluginManager: Mounting plugin ProxyLODPlugin
LogPluginManager: Mounting plugin PythonScriptPlugin
LogPluginManager: Mounting plugin SkeletalReduction
LogPluginManager: Mounting plugin Niagara
LogPluginManager: Mounting plugin AndroidMedia
LogPluginManager: Mounting plugin AvfMedia
LogPluginManager: Mounting plugin ImgMedia
LogPluginManager: Mounting plugin MediaCompositing
LogPluginManager: Mounting plugin MediaPlayerEditor
LogPluginManager: Mounting plugin WebMMedia
LogPluginManager: Mounting plugin WmfMedia
LogPluginManager: Mounting plugin TcpMessaging
LogPluginManager: Mounting plugin UdpMessaging
LogPluginManager: Mounting plugin OnlineSubsystem
LogPluginManager: Mounting plugin OnlineSubsystemNull
LogPluginManager: Mounting plugin OnlineSubsystemUtils
LogPluginManager: Mounting plugin ActorSequence
LogPluginManager: Mounting plugin LevelSequenceEditor
LogPluginManager: Mounting plugin MatineeToLevelSequence
LogPluginManager: Mounting plugin LauncherChunkInstaller
LogPluginManager: Mounting plugin TemplateSequence
LogPluginManager: Mounting plugin ActorLayerUtilities
LogPluginManager: Mounting plugin AndroidDeviceProfileSelector
LogPluginManager: Mounting plugin AndroidMoviePlayer
LogPluginManager: Mounting plugin AndroidPermission
LogPluginManager: Mounting plugin AppleImageUtils
LogPluginManager: Mounting plugin AppleMoviePlayer
LogPluginManager: Mounting plugin ArchVisCharacter
LogPluginManager: Mounting plugin AssetTags
LogPluginManager: Mounting plugin AudioCapture
LogPluginManager: Mounting plugin AudioSynesthesia
LogPluginManager: Mounting plugin CableComponent
LogPluginManager: Mounting plugin CustomMeshComponent
LogPluginManager: Mounting plugin ChunkDownloader
LogPluginManager: Mounting plugin EditableMesh
LogPluginManager: Mounting plugin ExampleDeviceProfileSelector
LogPluginManager: Mounting plugin GooglePAD
LogPluginManager: Mounting plugin GoogleCloudMessaging
LogPluginManager: Mounting plugin ScreenshotTools
LogPluginManager: Mounting plugin IOSDeviceProfileSelector
LogPluginManager: Mounting plugin LinuxDeviceProfileSelector
LogPluginManager: Mounting plugin LocationServicesBPLibrary
LogPluginManager: Mounting plugin Takes
LogPluginManager: Mounting plugin MobilePatchingUtils
LogPluginManager: Mounting plugin OpenXR
LogPluginManager: Mounting plugin OpenXRHandTracking
LogPluginManager: Mounting plugin OpenXREyeTracker
LogPluginManager: Mounting plugin PhysXVehicles
LogPluginManager: Mounting plugin PostSplashScreen
LogPluginManager: Mounting plugin ProceduralMeshComponent
LogPluginManager: Mounting plugin PropertyAccessEditor
LogPluginManager: Mounting plugin RuntimePhysXCooking
LogPluginManager: Mounting plugin SignificanceManager
LogPluginManager: Mounting plugin SoundFields
LogPluginManager: Mounting plugin Synthesis
LogPluginManager: Mounting plugin WebMMoviePlayer
LogPluginManager: Mounting plugin WindowsMoviePlayer
LogPluginManager: Mounting plugin ContentBrowserAssetDataSource
LogPluginManager: Mounting plugin ContentBrowserClassDataSource
LogPluginManager: Mounting plugin ContentBrowserFileDataSource
LogPluginManager: Mounting plugin OnlineSubsystemGooglePlay
LogPluginManager: Mounting plugin OnlineSubsystemIOS
LogPluginManager: Mounting plugin OculusVR
LogPluginManager: Mounting plugin SteamVR
PixWinPlugin: PIX capture plugin failed to initialize! Check that the process is launched from PIX.
LogInit: Using libcurl 7.55.1-DEV
LogInit:  - built for x86_64-pc-win32
LogInit:  - supports SSL with OpenSSL/1.1.1
LogInit:  - supports HTTP deflate (compression) using libz 1.2.8
LogInit:  - other features:
LogInit:      CURL_VERSION_SSL
LogInit:      CURL_VERSION_LIBZ
LogInit:      CURL_VERSION_IPV6
LogInit:      CURL_VERSION_ASYNCHDNS
LogInit:      CURL_VERSION_LARGEFILE
LogInit:      CURL_VERSION_IDN
LogInit:  CurlRequestOptions (configurable via config and command line):
LogInit:  - bVerifyPeer = true  - Libcurl will verify peer certificate
LogInit:  - bUseHttpProxy = false  - Libcurl will NOT use HTTP proxy
LogInit:  - bDontReuseConnections = false  - Libcurl will reuse connections
LogInit:  - MaxHostConnections = 16  - Libcurl will limit the number of connections to a host
LogInit:  - LocalHostAddr = Default
LogInit:  - BufferSize = 65536
LogOnline: OSS: Creating online subsystem instance for: NULL
LogInit: WinSock: version 1.1 (2.2), MaxSocks=32767, MaxUdp=65467
LogOnline: OSS: TryLoadSubsystemAndSetDefault: Loaded subsystem for module [NULL]
LogOculusPluginWrapper: OculusPlugin initialized successfully
LogHMD: Failed initializing OVRPlugin 1.59.0
LogInit: Build: ++UE4+Release-4.27-CL-18319896
LogInit: Engine Version: 4.27.2-18319896+++UE4+Release-4.27
LogInit: Compatible Engine Version: 4.27.0-17155196+++UE4+Release-4.27
LogInit: Net CL: 17155196
LogInit: OS: Windows 10 (Release 2009) (), CPU: Intel(R) Core(TM) i5-10400 CPU @ 2.90GHz, GPU: Intel(R) UHD Graphics 630
LogInit: Compiled (64-bit): Nov 30 2021 07:12:08
LogInit: Compiled with Visual C++: 19.24.28315.00
LogInit: Build Configuration: Development
LogInit: Branch Name: ++UE4+Release-4.27
LogInit: Command Line:  -AUTH_LOGIN=unused -AUTH_PASSWORD=6de61d1d061546329bbd47dbc7738622 -AUTH_TYPE=exchangecode -epicapp=UE_4.27 -epicenv=Prod -EpicPortal -epicusername=penn2a -epicuserid=867ad4cd187c434a98714f47963628a7 -epiclocale=pt-BR -epicsandboxid=ue
LogInit: Base Directory: C:/Program Files/Epic Games/UE_4.27/Engine/Binaries/Win64/
LogInit: Allocator: TBB
LogInit: Installed Engine Build: 1
LogDevObjectVersion: Number of dev versions registered: 29
LogDevObjectVersion:   Dev-Blueprints (B0D832E4-1F89-4F0D-ACCF-7EB736FD4AA2): 10
LogDevObjectVersion:   Dev-Build (E1C64328-A22C-4D53-A36C-8E866417BD8C): 0
LogDevObjectVersion:   Dev-Core (375EC13C-06E4-48FB-B500-84F0262A717E): 4
LogDevObjectVersion:   Dev-Editor (E4B068ED-F494-42E9-A231-DA0B2E46BB41): 40
LogDevObjectVersion:   Dev-Framework (CFFC743F-43B0-4480-9391-14DF171D2073): 37
LogDevObjectVersion:   Dev-Mobile (B02B49B5-BB20-44E9-A304-32B752E40360): 3
LogDevObjectVersion:   Dev-Networking (A4E4105C-59A1-49B5-A7C5-40C4547EDFEE): 0
LogDevObjectVersion:   Dev-Online (39C831C9-5AE6-47DC-9A44-9C173E1C8E7C): 0
LogDevObjectVersion:   Dev-Physics (78F01B33-EBEA-4F98-B9B4-84EACCB95AA2): 14
LogDevObjectVersion:   Dev-Platform (6631380F-2D4D-43E0-8009-CF276956A95A): 0
LogDevObjectVersion:   Dev-Rendering (12F88B9F-8875-4AFC-A67C-D90C383ABD29): 45
LogDevObjectVersion:   Dev-Sequencer (7B5AE74C-D270-4C10-A958-57980B212A5A): 13
LogDevObjectVersion:   Dev-VR (D7296918-1DD6-4BDD-9DE2-64A83CC13884): 3
LogDevObjectVersion:   Dev-LoadTimes (C2A15278-BFE7-4AFE-6C17-90FF531DF755): 1
LogDevObjectVersion:   Private-Geometry (6EACA3D4-40EC-4CC1-B786-8BED09428FC5): 3
LogDevObjectVersion:   Dev-AnimPhys (29E575DD-E0A3-4627-9D10-D276232CDCEA): 17
LogDevObjectVersion:   Dev-Anim (AF43A65D-7FD3-4947-9873-3E8ED9C1BB05): 15
LogDevObjectVersion:   Dev-ReflectionCapture (6B266CEC-1EC7-4B8F-A30B-E4D90942FC07): 1
LogDevObjectVersion:   Dev-Automation (0DF73D61-A23F-47EA-B727-89E90C41499A): 1
LogDevObjectVersion:   FortniteMain (601D1886-AC64-4F84-AA16-D3DE0DEAC7D6): 47
LogDevObjectVersion:   FortniteRelease (E7086368-6B23-4C58-8439-1B7016265E91): 1
LogDevObjectVersion:   Dev-Enterprise (9DFFBCD6-494F-0158-E221-12823C92A888): 10
LogDevObjectVersion:   Dev-Niagara (F2AED0AC-9AFE-416F-8664-AA7FFA26D6FC): 1
LogDevObjectVersion:   Dev-Destruction (174F1F0B-B4C6-45A5-B13F-2EE8D0FB917D): 10
LogDevObjectVersion:   Dev-Physics-Ext (35F94A83-E258-406C-A318-09F59610247C): 41
LogDevObjectVersion:   Dev-PhysicsMaterial-Chaos (B68FC16E-8B1B-42E2-B453-215C058844FE): 1
LogDevObjectVersion:   Dev-CineCamera (B2E18506-4273-CFC2-A54E-F4BB758BBA07): 1
LogDevObjectVersion:   Dev-VirtualProduction (64F58936-FD1B-42BA-BA96-7289D5D0FA4E): 1
LogDevObjectVersion:   Dev-MediaFramework (6F0ED827-A609-4895-9C91-998D90180EA4): 2
LogInit: Presizing for max 25165824 objects, including 0 objects not considered by GC, pre-allocating 0 bytes for permanent pool.
LogConfig: Applying CVar settings from Section [/Script/Engine.StreamingSettings] File [C:/Users/rafael.anastácio/Documents/GitHub/Sorry/Saved/Config/Windows/Engine.ini]
LogConfig: Setting CVar [[s.MinBulkDataSizeForAsyncLoading:131072]]
LogConfig: Setting CVar [[s.AsyncLoadingThreadEnabled:0]]
LogConfig: Setting CVar [[s.EventDrivenLoaderEnabled:1]]
LogConfig: Setting CVar [[s.WarnIfTimeLimitExceeded:0]]
LogConfig: Setting CVar [[s.TimeLimitExceededMultiplier:1.5]]
LogConfig: Setting CVar [[s.TimeLimitExceededMinTime:0.005]]
LogConfig: Setting CVar [[s.UseBackgroundLevelStreaming:1]]
LogConfig: Setting CVar [[s.PriorityAsyncLoadingExtraTime:15.0]]
LogConfig: Setting CVar [[s.LevelStreamingActorsUpdateTimeLimit:5.0]]
LogConfig: Setting CVar [[s.PriorityLevelStreamingActorsUpdateExtraTime:5.0]]
LogConfig: Setting CVar [[s.LevelStreamingComponentsRegistrationGranularity:10]]
LogConfig: Setting CVar [[s.UnregisterComponentsTimeLimit:1.0]]
LogConfig: Setting CVar [[s.LevelStreamingComponentsUnregistrationGranularity:5]]
LogConfig: Setting CVar [[s.FlushStreamingOnExit:1]]
LogInit: Object subsystem initialized
LogConfig: Setting CVar [[con.DebugEarlyDefault:1]]
LogConfig: Setting CVar [[r.setres:1280x720]]
[2025.06.30-20.12.45:405][  0]LogConfig: Setting CVar [[r.VSync:0]]
[2025.06.30-20.12.45:405][  0]LogConfig: Setting CVar [[r.RHICmdBypass:0]]
[2025.06.30-20.12.45:405][  0]LogConfig: Applying CVar settings from Section [/Script/Engine.RendererSettings] File [C:/Users/rafael.anastácio/Documents/GitHub/Sorry/Saved/Config/Windows/Engine.ini]
[2025.06.30-20.12.45:405][  0]LogConfig: Setting CVar [[r.GPUCrashDebugging:0]]
[2025.06.30-20.12.45:406][  0]LogConfig: Applying CVar settings from Section [/Script/Engine.RendererOverrideSettings] File [C:/Users/rafael.anastácio/Documents/GitHub/Sorry/Saved/Config/Windows/Engine.ini]
[2025.06.30-20.12.45:406][  0]LogConfig: Applying CVar settings from Section [/Script/Engine.StreamingSettings] File [C:/Users/rafael.anastácio/Documents/GitHub/Sorry/Saved/Config/Windows/Engine.ini]
[2025.06.30-20.12.45:406][  0]LogConfig: Setting CVar [[s.MinBulkDataSizeForAsyncLoading:131072]]
[2025.06.30-20.12.45:406][  0]LogConfig: Setting CVar [[s.AsyncLoadingThreadEnabled:0]]
[2025.06.30-20.12.45:406][  0]LogConfig: Setting CVar [[s.EventDrivenLoaderEnabled:1]]
[2025.06.30-20.12.45:406][  0]LogConfig: Setting CVar [[s.WarnIfTimeLimitExceeded:0]]
[2025.06.30-20.12.45:406][  0]LogConfig: Setting CVar [[s.TimeLimitExceededMultiplier:1.5]]
[2025.06.30-20.12.45:406][  0]LogConfig: Setting CVar [[s.TimeLimitExceededMinTime:0.005]]
[2025.06.30-20.12.45:406][  0]LogConfig: Setting CVar [[s.UseBackgroundLevelStreaming:1]]
[2025.06.30-20.12.45:406][  0]LogConfig: Setting CVar [[s.PriorityAsyncLoadingExtraTime:15.0]]
[2025.06.30-20.12.45:406][  0]LogConfig: Setting CVar [[s.LevelStreamingActorsUpdateTimeLimit:5.0]]
[2025.06.30-20.12.45:406][  0]LogConfig: Setting CVar [[s.PriorityLevelStreamingActorsUpdateExtraTime:5.0]]
[2025.06.30-20.12.45:406][  0]LogConfig: Setting CVar [[s.LevelStreamingComponentsRegistrationGranularity:10]]
[2025.06.30-20.12.45:406][  0]LogConfig: Setting CVar [[s.UnregisterComponentsTimeLimit:1.0]]
[2025.06.30-20.12.45:406][  0]LogConfig: Setting CVar [[s.LevelStreamingComponentsUnregistrationGranularity:5]]
[2025.06.30-20.12.45:406][  0]LogConfig: Setting CVar [[s.FlushStreamingOnExit:1]]
[2025.06.30-20.12.45:406][  0]LogConfig: Applying CVar settings from Section [/Script/Engine.GarbageCollectionSettings] File [C:/Users/rafael.anastácio/Documents/GitHub/Sorry/Saved/Config/Windows/Engine.ini]
[2025.06.30-20.12.45:406][  0]LogConfig: Setting CVar [[gc.MaxObjectsNotConsideredByGC:1]]
[2025.06.30-20.12.45:406][  0]LogConfig: Setting CVar [[gc.SizeOfPermanentObjectPool:0]]
[2025.06.30-20.12.45:406][  0]LogConfig: Setting CVar [[gc.FlushStreamingOnGC:0]]
[2025.06.30-20.12.45:406][  0]LogConfig: Setting CVar [[gc.NumRetriesBeforeForcingGC:10]]
[2025.06.30-20.12.45:406][  0]LogConfig: Setting CVar [[gc.AllowParallelGC:1]]
[2025.06.30-20.12.45:406][  0]LogConfig: Setting CVar [[gc.TimeBetweenPurgingPendingKillObjects:61.1]]
[2025.06.30-20.12.45:406][  0]LogConfig: Setting CVar [[gc.MaxObjectsInEditor:25165824]]
[2025.06.30-20.12.45:406][  0]LogConfig: Setting CVar [[gc.IncrementalBeginDestroyEnabled:1]]
[2025.06.30-20.12.45:406][  0]LogConfig: Setting CVar [[gc.CreateGCClusters:1]]
[2025.06.30-20.12.45:406][  0]LogConfig: Setting CVar [[gc.MinGCClusterSize:5]]
[2025.06.30-20.12.45:406][  0]LogConfig: Setting CVar [[gc.ActorClusteringEnabled:0]]
[2025.06.30-20.12.45:406][  0]LogConfig: Setting CVar [[gc.BlueprintClusteringEnabled:0]]
[2025.06.30-20.12.45:406][  0]LogConfig: Setting CVar [[gc.UseDisregardForGCOnDedicatedServers:0]]
[2025.06.30-20.12.45:406][  0]LogConfig: Setting CVar [[gc.MultithreadedDestructionEnabled:1]]
[2025.06.30-20.12.45:406][  0]LogConfig: Applying CVar settings from Section [/Script/Engine.NetworkSettings] File [C:/Users/rafael.anastácio/Documents/GitHub/Sorry/Saved/Config/Windows/Engine.ini]
[2025.06.30-20.12.45:406][  0]LogConfig: Applying CVar settings from Section [/Script/UnrealEd.CookerSettings] File [C:/Users/rafael.anastácio/Documents/GitHub/Sorry/Saved/Config/Windows/Engine.ini]
[2025.06.30-20.12.45:419][  0]LogConfig: Applying CVar settings from Section [ViewDistanceQuality@3] File [C:/Users/rafael.anastácio/Documents/GitHub/Sorry/Saved/Config/Windows/Scalability.ini]
[2025.06.30-20.12.45:419][  0]LogConfig: Setting CVar [[r.SkeletalMeshLODBias:0]]
[2025.06.30-20.12.45:419][  0]LogConfig: Setting CVar [[r.ViewDistanceScale:1.0]]
[2025.06.30-20.12.45:419][  0]LogConfig: Applying CVar settings from Section [AntiAliasingQuality@3] File [C:/Users/rafael.anastácio/Documents/GitHub/Sorry/Saved/Config/Windows/Scalability.ini]
[2025.06.30-20.12.45:419][  0]LogConfig: Setting CVar [[r.PostProcessAAQuality:4]]
[2025.06.30-20.12.45:419][  0]LogConfig: Applying CVar settings from Section [ShadowQuality@3] File [C:/Users/rafael.anastácio/Documents/GitHub/Sorry/Saved/Config/Windows/Scalability.ini]
[2025.06.30-20.12.45:419][  0]LogConfig: Setting CVar [[r.LightFunctionQuality:1]]
[2025.06.30-20.12.45:419][  0]LogConfig: Setting CVar [[r.ShadowQuality:5]]
[2025.06.30-20.12.45:419][  0]LogConfig: Setting CVar [[r.Shadow.CSM.MaxCascades:10]]
[2025.06.30-20.12.45:419][  0]LogConfig: Setting CVar [[r.Shadow.MaxResolution:2048]]
[2025.06.30-20.12.45:419][  0]LogConfig: Setting CVar [[r.Shadow.MaxCSMResolution:2048]]
[2025.06.30-20.12.45:419][  0]LogConfig: Setting CVar [[r.Shadow.RadiusThreshold:0.01]]
[2025.06.30-20.12.45:419][  0]LogConfig: Setting CVar [[r.Shadow.DistanceScale:1.0]]
[2025.06.30-20.12.45:419][  0]LogConfig: Setting CVar [[r.Shadow.CSM.TransitionScale:1.0]]
[2025.06.30-20.12.45:419][  0]LogConfig: Setting CVar [[r.Shadow.PreShadowResolutionFactor:1.0]]
[2025.06.30-20.12.45:419][  0]LogConfig: Setting CVar [[r.DistanceFieldShadowing:1]]
[2025.06.30-20.12.45:419][  0]LogConfig: Setting CVar [[r.DistanceFieldAO:1]]
[2025.06.30-20.12.45:419][  0]LogConfig: Setting CVar [[r.AOQuality:2]]
[2025.06.30-20.12.45:419][  0]LogConfig: Setting CVar [[r.VolumetricFog:1]]
[2025.06.30-20.12.45:419][  0]LogConfig: Setting CVar [[r.VolumetricFog.GridPixelSize:8]]
[2025.06.30-20.12.45:420][  0]LogConfig: Setting CVar [[r.VolumetricFog.GridSizeZ:128]]
[2025.06.30-20.12.45:420][  0]LogConfig: Setting CVar [[r.VolumetricFog.HistoryMissSupersampleCount:4]]
[2025.06.30-20.12.45:420][  0]LogConfig: Setting CVar [[r.LightMaxDrawDistanceScale:1]]
[2025.06.30-20.12.45:420][  0]LogConfig: Setting CVar [[r.CapsuleShadows:1]]
[2025.06.30-20.12.45:420][  0]LogConfig: Applying CVar settings from Section [PostProcessQuality@3] File [C:/Users/rafael.anastácio/Documents/GitHub/Sorry/Saved/Config/Windows/Scalability.ini]
[2025.06.30-20.12.45:420][  0]LogConfig: Setting CVar [[r.MotionBlurQuality:4]]
[2025.06.30-20.12.45:420][  0]LogConfig: Setting CVar [[r.AmbientOcclusionMipLevelFactor:0.4]]
[2025.06.30-20.12.45:420][  0]LogConfig: Setting CVar [[r.AmbientOcclusionMaxQuality:100]]
[2025.06.30-20.12.45:420][  0]LogConfig: Setting CVar [[r.AmbientOcclusionLevels:-1]]
[2025.06.30-20.12.45:420][  0]LogConfig: Setting CVar [[r.AmbientOcclusionRadiusScale:1.0]]
[2025.06.30-20.12.45:420][  0]LogConfig: Setting CVar [[r.DepthOfFieldQuality:2]]
[2025.06.30-20.12.45:420][  0]LogConfig: Setting CVar [[r.RenderTargetPoolMin:400]]
[2025.06.30-20.12.45:420][  0]LogConfig: Setting CVar [[r.LensFlareQuality:2]]
[2025.06.30-20.12.45:420][  0]LogConfig: Setting CVar [[r.SceneColorFringeQuality:1]]
[2025.06.30-20.12.45:420][  0]LogConfig: Setting CVar [[r.EyeAdaptationQuality:2]]
[2025.06.30-20.12.45:420][  0]LogConfig: Setting CVar [[r.BloomQuality:5]]
[2025.06.30-20.12.45:420][  0]LogConfig: Setting CVar [[r.FastBlurThreshold:100]]
[2025.06.30-20.12.45:420][  0]LogConfig: Setting CVar [[r.Upscale.Quality:3]]
[2025.06.30-20.12.45:420][  0]LogConfig: Setting CVar [[r.Tonemapper.GrainQuantization:1]]
[2025.06.30-20.12.45:420][  0]LogConfig: Setting CVar [[r.LightShaftQuality:1]]
[2025.06.30-20.12.45:420][  0]LogConfig: Setting CVar [[r.Filter.SizeScale:1]]
[2025.06.30-20.12.45:420][  0]LogConfig: Setting CVar [[r.Tonemapper.Quality:5]]
[2025.06.30-20.12.45:420][  0]LogConfig: Setting CVar [[r.DOF.Gather.AccumulatorQuality:1        ; higher gathering accumulator quality]]
[2025.06.30-20.12.45:420][  0]LogConfig: Setting CVar [[r.DOF.Gather.PostfilterMethod:1          ; Median3x3 postfilering method]]
[2025.06.30-20.12.45:420][  0]LogConfig: Setting CVar [[r.DOF.Gather.EnableBokehSettings:0       ; no bokeh simulation when gathering]]
[2025.06.30-20.12.45:420][  0]LogConfig: Setting CVar [[r.DOF.Gather.RingCount:4                 ; medium number of samples when gathering]]
[2025.06.30-20.12.45:420][  0]LogConfig: Setting CVar [[r.DOF.Scatter.ForegroundCompositing:1    ; additive foreground scattering]]
[2025.06.30-20.12.45:420][  0]LogConfig: Setting CVar [[r.DOF.Scatter.BackgroundCompositing:2    ; additive background scattering]]
[2025.06.30-20.12.45:420][  0]LogConfig: Setting CVar [[r.DOF.Scatter.EnableBokehSettings:1      ; bokeh simulation when scattering]]
[2025.06.30-20.12.45:420][  0]LogConfig: Setting CVar [[r.DOF.Scatter.MaxSpriteRatio:0.1         ; only a maximum of 10% of scattered bokeh]]
[2025.06.30-20.12.45:420][  0]LogConfig: Setting CVar [[r.DOF.Recombine.Quality:1                ; cheap slight out of focus]]
[2025.06.30-20.12.45:420][  0]LogConfig: Setting CVar [[r.DOF.Recombine.EnableBokehSettings:0    ; no bokeh simulation on slight out of focus]]
[2025.06.30-20.12.45:420][  0]LogConfig: Setting CVar [[r.DOF.TemporalAAQuality:1                ; more stable temporal accumulation]]
[2025.06.30-20.12.45:420][  0]LogConfig: Setting CVar [[r.DOF.Kernel.MaxForegroundRadius:0.025]]
[2025.06.30-20.12.45:420][  0]LogConfig: Setting CVar [[r.DOF.Kernel.MaxBackgroundRadius:0.025]]
[2025.06.30-20.12.45:420][  0]LogConfig: Applying CVar settings from Section [TextureQuality@3] File [C:/Users/rafael.anastácio/Documents/GitHub/Sorry/Saved/Config/Windows/Scalability.ini]
[2025.06.30-20.12.45:420][  0]LogConfig: Setting CVar [[r.Streaming.MipBias:0]]
[2025.06.30-20.12.45:420][  0]LogConfig: Setting CVar [[r.Streaming.AmortizeCPUToGPUCopy:0]]
[2025.06.30-20.12.45:420][  0]LogConfig: Setting CVar [[r.Streaming.MaxNumTexturesToStreamPerFrame:0]]
[2025.06.30-20.12.45:420][  0]LogConfig: Setting CVar [[r.Streaming.Boost:1]]
[2025.06.30-20.12.45:420][  0]LogConfig: Setting CVar [[r.MaxAnisotropy:8]]
[2025.06.30-20.12.45:420][  0]LogConfig: Setting CVar [[r.VT.MaxAnisotropy:8]]
[2025.06.30-20.12.45:420][  0]LogConfig: Setting CVar [[r.Streaming.LimitPoolSizeToVRAM:0]]
[2025.06.30-20.12.45:420][  0]LogConfig: Setting CVar [[r.Streaming.PoolSize:1000]]
[2025.06.30-20.12.45:420][  0]LogConfig: Setting CVar [[r.Streaming.MaxEffectiveScreenSize:0]]
[2025.06.30-20.12.45:420][  0]LogConfig: Applying CVar settings from Section [EffectsQuality@3] File [C:/Users/rafael.anastácio/Documents/GitHub/Sorry/Saved/Config/Windows/Scalability.ini]
[2025.06.30-20.12.45:420][  0]LogConfig: Setting CVar [[r.TranslucencyLightingVolumeDim:64]]
[2025.06.30-20.12.45:420][  0]LogConfig: Setting CVar [[r.RefractionQuality:2]]
[2025.06.30-20.12.45:420][  0]LogConfig: Setting CVar [[r.SSR.Quality:3]]
[2025.06.30-20.12.45:420][  0]LogConfig: Setting CVar [[r.SSR.HalfResSceneColor:0]]
[2025.06.30-20.12.45:420][  0]LogConfig: Setting CVar [[r.SceneColorFormat:4]]
[2025.06.30-20.12.45:420][  0]LogConfig: Setting CVar [[r.DetailMode:2]]
[2025.06.30-20.12.45:420][  0]LogConfig: Setting CVar [[r.TranslucencyVolumeBlur:1]]
[2025.06.30-20.12.45:420][  0]LogConfig: Setting CVar [[r.MaterialQualityLevel:1 ; High quality]]
[2025.06.30-20.12.45:420][  0]LogConfig: Setting CVar [[r.AnisotropicMaterials:1]]
[2025.06.30-20.12.45:420][  0]LogConfig: Setting CVar [[r.SSS.Scale:1]]
[2025.06.30-20.12.45:420][  0]LogConfig: Setting CVar [[r.SSS.SampleSet:2]]
[2025.06.30-20.12.45:420][  0]LogConfig: Setting CVar [[r.SSS.Quality:1]]
[2025.06.30-20.12.45:420][  0]LogConfig: Setting CVar [[r.SSS.HalfRes:0]]
[2025.06.30-20.12.45:420][  0]LogConfig: Setting CVar [[r.SSGI.Quality:3]]
[2025.06.30-20.12.45:420][  0]LogConfig: Setting CVar [[r.EmitterSpawnRateScale:1.0]]
[2025.06.30-20.12.45:420][  0]LogConfig: Setting CVar [[r.ParticleLightQuality:2]]
[2025.06.30-20.12.45:420][  0]LogConfig: Setting CVar [[r.SkyAtmosphere.AerialPerspectiveLUT.FastApplyOnOpaque:1 ; Always have FastSkyLUT 1 in this case to avoid wrong sky]]
[2025.06.30-20.12.45:420][  0]LogConfig: Setting CVar [[r.SkyAtmosphere.AerialPerspectiveLUT.SampleCountMaxPerSlice:4]]
[2025.06.30-20.12.45:420][  0]LogConfig: Setting CVar [[r.SkyAtmosphere.AerialPerspectiveLUT.DepthResolution:16.0]]
[2025.06.30-20.12.45:420][  0]LogConfig: Setting CVar [[r.SkyAtmosphere.FastSkyLUT:1]]
[2025.06.30-20.12.45:420][  0]LogConfig: Setting CVar [[r.SkyAtmosphere.FastSkyLUT.SampleCountMin:4.0]]
[2025.06.30-20.12.45:420][  0]LogConfig: Setting CVar [[r.SkyAtmosphere.FastSkyLUT.SampleCountMax:128.0]]
[2025.06.30-20.12.45:420][  0]LogConfig: Setting CVar [[r.SkyAtmosphere.SampleCountMin:4.0]]
[2025.06.30-20.12.45:420][  0]LogConfig: Setting CVar [[r.SkyAtmosphere.SampleCountMax:128.0]]
[2025.06.30-20.12.45:420][  0]LogConfig: Setting CVar [[r.SkyAtmosphere.TransmittanceLUT.UseSmallFormat:0]]
[2025.06.30-20.12.45:420][  0]LogConfig: Setting CVar [[r.SkyAtmosphere.TransmittanceLUT.SampleCount:10.0]]
[2025.06.30-20.12.45:420][  0]LogConfig: Setting CVar [[r.SkyAtmosphere.MultiScatteringLUT.SampleCount:15.0]]
[2025.06.30-20.12.45:420][  0]LogConfig: Setting CVar [[r.SkyLight.RealTimeReflectionCapture:1]]
[2025.06.30-20.12.45:420][  0]LogConfig: Applying CVar settings from Section [FoliageQuality@3] File [C:/Users/rafael.anastácio/Documents/GitHub/Sorry/Saved/Config/Windows/Scalability.ini]
[2025.06.30-20.12.45:420][  0]LogConfig: Setting CVar [[foliage.DensityScale:1.0]]
[2025.06.30-20.12.45:420][  0]LogConfig: Setting CVar [[grass.DensityScale:1.0]]
[2025.06.30-20.12.45:420][  0]LogConfig: Applying CVar settings from Section [ShadingQuality@3] File [C:/Users/rafael.anastácio/Documents/GitHub/Sorry/Saved/Config/Windows/Scalability.ini]
[2025.06.30-20.12.45:420][  0]LogConfig: Setting CVar [[r.HairStrands.SkyLighting.IntegrationType:2]]
[2025.06.30-20.12.45:420][  0]LogConfig: Setting CVar [[r.HairStrands.SkyAO.SampleCount:4]]
[2025.06.30-20.12.45:420][  0]LogConfig: Setting CVar [[r.HairStrands.Visibility.MSAA.SamplePerPixel:4]]
[2025.06.30-20.12.45:420][  0]LogInit: Selected Device Profile: [Windows]
[2025.06.30-20.12.45:420][  0]LogInit: Applying CVar settings loaded from the selected device profile: [Windows]
[2025.06.30-20.12.45:420][  0]LogHAL: Display: Platform has ~ 16 GB [16949673984 / 17179869184 / 16], which maps to Larger [LargestMinGB=32, LargerMinGB=12, DefaultMinGB=8, SmallerMinGB=6, SmallestMinGB=0)
[2025.06.30-20.12.45:420][  0]LogInit: Going up to parent DeviceProfile []
[2025.06.30-20.12.45:421][  0]LogConfig: Applying CVar settings from Section [ViewDistanceQuality@3] File [C:/Users/rafael.anastácio/Documents/GitHub/Sorry/Saved/Config/Windows/Scalability.ini]
[2025.06.30-20.12.45:421][  0]LogConfig: Setting CVar [[r.SkeletalMeshLODBias:0]]
[2025.06.30-20.12.45:421][  0]LogConfig: Setting CVar [[r.ViewDistanceScale:1.0]]
[2025.06.30-20.12.45:421][  0]LogConfig: Applying CVar settings from Section [AntiAliasingQuality@3] File [C:/Users/rafael.anastácio/Documents/GitHub/Sorry/Saved/Config/Windows/Scalability.ini]
[2025.06.30-20.12.45:421][  0]LogConfig: Setting CVar [[r.PostProcessAAQuality:4]]
[2025.06.30-20.12.45:421][  0]LogConfig: Applying CVar settings from Section [ShadowQuality@3] File [C:/Users/rafael.anastácio/Documents/GitHub/Sorry/Saved/Config/Windows/Scalability.ini]
[2025.06.30-20.12.45:421][  0]LogConfig: Setting CVar [[r.LightFunctionQuality:1]]
[2025.06.30-20.12.45:421][  0]LogConfig: Setting CVar [[r.ShadowQuality:5]]
[2025.06.30-20.12.45:421][  0]LogConfig: Setting CVar [[r.Shadow.CSM.MaxCascades:10]]
[2025.06.30-20.12.45:421][  0]LogConfig: Setting CVar [[r.Shadow.MaxResolution:2048]]
[2025.06.30-20.12.45:421][  0]LogConfig: Setting CVar [[r.Shadow.MaxCSMResolution:2048]]
[2025.06.30-20.12.45:421][  0]LogConfig: Setting CVar [[r.Shadow.RadiusThreshold:0.01]]
[2025.06.30-20.12.45:421][  0]LogConfig: Setting CVar [[r.Shadow.DistanceScale:1.0]]
[2025.06.30-20.12.45:421][  0]LogConfig: Setting CVar [[r.Shadow.CSM.TransitionScale:1.0]]
[2025.06.30-20.12.45:421][  0]LogConfig: Setting CVar [[r.Shadow.PreShadowResolutionFactor:1.0]]
[2025.06.30-20.12.45:421][  0]LogConfig: Setting CVar [[r.DistanceFieldShadowing:1]]
[2025.06.30-20.12.45:421][  0]LogConfig: Setting CVar [[r.DistanceFieldAO:1]]
[2025.06.30-20.12.45:421][  0]LogConfig: Setting CVar [[r.AOQuality:2]]
[2025.06.30-20.12.45:421][  0]LogConfig: Setting CVar [[r.VolumetricFog:1]]
[2025.06.30-20.12.45:421][  0]LogConfig: Setting CVar [[r.VolumetricFog.GridPixelSize:8]]
[2025.06.30-20.12.45:421][  0]LogConfig: Setting CVar [[r.VolumetricFog.GridSizeZ:128]]
[2025.06.30-20.12.45:421][  0]LogConfig: Setting CVar [[r.VolumetricFog.HistoryMissSupersampleCount:4]]
[2025.06.30-20.12.45:421][  0]LogConfig: Setting CVar [[r.LightMaxDrawDistanceScale:1]]
[2025.06.30-20.12.45:421][  0]LogConfig: Setting CVar [[r.CapsuleShadows:1]]
[2025.06.30-20.12.45:421][  0]LogConfig: Applying CVar settings from Section [PostProcessQuality@3] File [C:/Users/rafael.anastácio/Documents/GitHub/Sorry/Saved/Config/Windows/Scalability.ini]
[2025.06.30-20.12.45:421][  0]LogConfig: Setting CVar [[r.MotionBlurQuality:4]]
[2025.06.30-20.12.45:421][  0]LogConfig: Setting CVar [[r.AmbientOcclusionMipLevelFactor:0.4]]
[2025.06.30-20.12.45:421][  0]LogConfig: Setting CVar [[r.AmbientOcclusionMaxQuality:100]]
[2025.06.30-20.12.45:421][  0]LogConfig: Setting CVar [[r.AmbientOcclusionLevels:-1]]
[2025.06.30-20.12.45:421][  0]LogConfig: Setting CVar [[r.AmbientOcclusionRadiusScale:1.0]]
[2025.06.30-20.12.45:421][  0]LogConfig: Setting CVar [[r.DepthOfFieldQuality:2]]
[2025.06.30-20.12.45:421][  0]LogConfig: Setting CVar [[r.RenderTargetPoolMin:400]]
[2025.06.30-20.12.45:421][  0]LogConfig: Setting CVar [[r.LensFlareQuality:2]]
[2025.06.30-20.12.45:421][  0]LogConfig: Setting CVar [[r.SceneColorFringeQuality:1]]
[2025.06.30-20.12.45:421][  0]LogConfig: Setting CVar [[r.EyeAdaptationQuality:2]]
[2025.06.30-20.12.45:421][  0]LogConfig: Setting CVar [[r.BloomQuality:5]]
[2025.06.30-20.12.45:421][  0]LogConfig: Setting CVar [[r.FastBlurThreshold:100]]
[2025.06.30-20.12.45:421][  0]LogConfig: Setting CVar [[r.Upscale.Quality:3]]
[2025.06.30-20.12.45:421][  0]LogConfig: Setting CVar [[r.Tonemapper.GrainQuantization:1]]
[2025.06.30-20.12.45:421][  0]LogConfig: Setting CVar [[r.LightShaftQuality:1]]
[2025.06.30-20.12.45:421][  0]LogConfig: Setting CVar [[r.Filter.SizeScale:1]]
[2025.06.30-20.12.45:421][  0]LogConfig: Setting CVar [[r.Tonemapper.Quality:5]]
[2025.06.30-20.12.45:421][  0]LogConfig: Setting CVar [[r.DOF.Gather.AccumulatorQuality:1        ; higher gathering accumulator quality]]
[2025.06.30-20.12.45:421][  0]LogConfig: Setting CVar [[r.DOF.Gather.PostfilterMethod:1          ; Median3x3 postfilering method]]
[2025.06.30-20.12.45:421][  0]LogConfig: Setting CVar [[r.DOF.Gather.EnableBokehSettings:0       ; no bokeh simulation when gathering]]
[2025.06.30-20.12.45:421][  0]LogConfig: Setting CVar [[r.DOF.Gather.RingCount:4                 ; medium number of samples when gathering]]
[2025.06.30-20.12.45:421][  0]LogConfig: Setting CVar [[r.DOF.Scatter.ForegroundCompositing:1    ; additive foreground scattering]]
[2025.06.30-20.12.45:421][  0]LogConfig: Setting CVar [[r.DOF.Scatter.BackgroundCompositing:2    ; additive background scattering]]
[2025.06.30-20.12.45:421][  0]LogConfig: Setting CVar [[r.DOF.Scatter.EnableBokehSettings:1      ; bokeh simulation when scattering]]
[2025.06.30-20.12.45:421][  0]LogConfig: Setting CVar [[r.DOF.Scatter.MaxSpriteRatio:0.1         ; only a maximum of 10% of scattered bokeh]]
[2025.06.30-20.12.45:421][  0]LogConfig: Setting CVar [[r.DOF.Recombine.Quality:1                ; cheap slight out of focus]]
[2025.06.30-20.12.45:421][  0]LogConfig: Setting CVar [[r.DOF.Recombine.EnableBokehSettings:0    ; no bokeh simulation on slight out of focus]]
[2025.06.30-20.12.45:421][  0]LogConfig: Setting CVar [[r.DOF.TemporalAAQuality:1                ; more stable temporal accumulation]]
[2025.06.30-20.12.45:421][  0]LogConfig: Setting CVar [[r.DOF.Kernel.MaxForegroundRadius:0.025]]
[2025.06.30-20.12.45:421][  0]LogConfig: Setting CVar [[r.DOF.Kernel.MaxBackgroundRadius:0.025]]
[2025.06.30-20.12.45:421][  0]LogConfig: Applying CVar settings from Section [TextureQuality@3] File [C:/Users/rafael.anastácio/Documents/GitHub/Sorry/Saved/Config/Windows/Scalability.ini]
[2025.06.30-20.12.45:421][  0]LogConfig: Setting CVar [[r.Streaming.MipBias:0]]
[2025.06.30-20.12.45:421][  0]LogConfig: Setting CVar [[r.Streaming.AmortizeCPUToGPUCopy:0]]
[2025.06.30-20.12.45:421][  0]LogConfig: Setting CVar [[r.Streaming.MaxNumTexturesToStreamPerFrame:0]]
[2025.06.30-20.12.45:421][  0]LogConfig: Setting CVar [[r.Streaming.Boost:1]]
[2025.06.30-20.12.45:421][  0]LogConfig: Setting CVar [[r.MaxAnisotropy:8]]
[2025.06.30-20.12.45:421][  0]LogConfig: Setting CVar [[r.VT.MaxAnisotropy:8]]
[2025.06.30-20.12.45:421][  0]LogConfig: Setting CVar [[r.Streaming.LimitPoolSizeToVRAM:0]]
[2025.06.30-20.12.45:421][  0]LogConfig: Setting CVar [[r.Streaming.PoolSize:1000]]
[2025.06.30-20.12.45:421][  0]LogConfig: Setting CVar [[r.Streaming.MaxEffectiveScreenSize:0]]
[2025.06.30-20.12.45:421][  0]LogConfig: Applying CVar settings from Section [EffectsQuality@3] File [C:/Users/rafael.anastácio/Documents/GitHub/Sorry/Saved/Config/Windows/Scalability.ini]
[2025.06.30-20.12.45:421][  0]LogConfig: Setting CVar [[r.TranslucencyLightingVolumeDim:64]]
[2025.06.30-20.12.45:421][  0]LogConfig: Setting CVar [[r.RefractionQuality:2]]
[2025.06.30-20.12.45:421][  0]LogConfig: Setting CVar [[r.SSR.Quality:3]]
[2025.06.30-20.12.45:421][  0]LogConfig: Setting CVar [[r.SSR.HalfResSceneColor:0]]
[2025.06.30-20.12.45:421][  0]LogConfig: Setting CVar [[r.SceneColorFormat:4]]
[2025.06.30-20.12.45:421][  0]LogConfig: Setting CVar [[r.DetailMode:2]]
[2025.06.30-20.12.45:421][  0]LogConfig: Setting CVar [[r.TranslucencyVolumeBlur:1]]
[2025.06.30-20.12.45:421][  0]LogConfig: Setting CVar [[r.MaterialQualityLevel:1 ; High quality]]
[2025.06.30-20.12.45:421][  0]LogConfig: Setting CVar [[r.AnisotropicMaterials:1]]
[2025.06.30-20.12.45:421][  0]LogConfig: Setting CVar [[r.SSS.Scale:1]]
[2025.06.30-20.12.45:421][  0]LogConfig: Setting CVar [[r.SSS.SampleSet:2]]
[2025.06.30-20.12.45:421][  0]LogConfig: Setting CVar [[r.SSS.Quality:1]]
[2025.06.30-20.12.45:421][  0]LogConfig: Setting CVar [[r.SSS.HalfRes:0]]
[2025.06.30-20.12.45:421][  0]LogConfig: Setting CVar [[r.SSGI.Quality:3]]
[2025.06.30-20.12.45:421][  0]LogConfig: Setting CVar [[r.EmitterSpawnRateScale:1.0]]
[2025.06.30-20.12.45:421][  0]LogConfig: Setting CVar [[r.ParticleLightQuality:2]]
[2025.06.30-20.12.45:421][  0]LogConfig: Setting CVar [[r.SkyAtmosphere.AerialPerspectiveLUT.FastApplyOnOpaque:1 ; Always have FastSkyLUT 1 in this case to avoid wrong sky]]
[2025.06.30-20.12.45:421][  0]LogConfig: Setting CVar [[r.SkyAtmosphere.AerialPerspectiveLUT.SampleCountMaxPerSlice:4]]
[2025.06.30-20.12.45:421][  0]LogConfig: Setting CVar [[r.SkyAtmosphere.AerialPerspectiveLUT.DepthResolution:16.0]]
[2025.06.30-20.12.45:421][  0]LogConfig: Setting CVar [[r.SkyAtmosphere.FastSkyLUT:1]]
[2025.06.30-20.12.45:421][  0]LogConfig: Setting CVar [[r.SkyAtmosphere.FastSkyLUT.SampleCountMin:4.0]]
[2025.06.30-20.12.45:422][  0]LogConfig: Setting CVar [[r.SkyAtmosphere.FastSkyLUT.SampleCountMax:128.0]]
[2025.06.30-20.12.45:422][  0]LogConfig: Setting CVar [[r.SkyAtmosphere.SampleCountMin:4.0]]
[2025.06.30-20.12.45:422][  0]LogConfig: Setting CVar [[r.SkyAtmosphere.SampleCountMax:128.0]]
[2025.06.30-20.12.45:422][  0]LogConfig: Setting CVar [[r.SkyAtmosphere.TransmittanceLUT.UseSmallFormat:0]]
[2025.06.30-20.12.45:422][  0]LogConfig: Setting CVar [[r.SkyAtmosphere.TransmittanceLUT.SampleCount:10.0]]
[2025.06.30-20.12.45:422][  0]LogConfig: Setting CVar [[r.SkyAtmosphere.MultiScatteringLUT.SampleCount:15.0]]
[2025.06.30-20.12.45:422][  0]LogConfig: Setting CVar [[r.SkyLight.RealTimeReflectionCapture:1]]
[2025.06.30-20.12.45:422][  0]LogConfig: Applying CVar settings from Section [FoliageQuality@3] File [C:/Users/rafael.anastácio/Documents/GitHub/Sorry/Saved/Config/Windows/Scalability.ini]
[2025.06.30-20.12.45:422][  0]LogConfig: Setting CVar [[foliage.DensityScale:1.0]]
[2025.06.30-20.12.45:422][  0]LogConfig: Setting CVar [[grass.DensityScale:1.0]]
[2025.06.30-20.12.45:422][  0]LogConfig: Applying CVar settings from Section [ShadingQuality@3] File [C:/Users/rafael.anastácio/Documents/GitHub/Sorry/Saved/Config/Windows/Scalability.ini]
[2025.06.30-20.12.45:422][  0]LogConfig: Setting CVar [[r.HairStrands.SkyLighting.IntegrationType:2]]
[2025.06.30-20.12.45:422][  0]LogConfig: Setting CVar [[r.HairStrands.SkyAO.SampleCount:4]]
[2025.06.30-20.12.45:422][  0]LogConfig: Setting CVar [[r.HairStrands.Visibility.MSAA.SamplePerPixel:4]]
[2025.06.30-20.12.45:422][  0]LogConfig: Applying CVar settings from Section [Startup] File [../../../Engine/Config/ConsoleVariables.ini]
[2025.06.30-20.12.45:422][  0]LogConfig: Setting CVar [[net.UseAdaptiveNetUpdateFrequency:0]]
[2025.06.30-20.12.45:422][  0]LogConfig: Setting CVar [[p.chaos.AllowCreatePhysxBodies:1]]
[2025.06.30-20.12.45:422][  0]LogConfig: Setting CVar [[fx.SkipVectorVMBackendOptimizations:1]]
[2025.06.30-20.12.45:422][  0]LogConfig: Applying CVar settings from Section [ConsoleVariables] File [C:/Users/rafael.anastácio/Documents/GitHub/Sorry/Saved/Config/Windows/Engine.ini]
[2025.06.30-20.12.45:422][  0]LogConfig: Applying CVar settings from Section [ConsoleVariables] File [C:/Users/rafael.anastácio/Documents/GitHub/Sorry/Saved/Config/Windows/Editor.ini]
[2025.06.30-20.12.45:422][  0]LogInit: Computer: SGS1-D01
[2025.06.30-20.12.45:422][  0]LogInit: User: rafaelanastácio
[2025.06.30-20.12.45:422][  0]LogInit: CPU Page size=4096, Cores=6
[2025.06.30-20.12.45:422][  0]LogInit: High frequency timer resolution =10.000000 MHz
[2025.06.30-20.12.45:422][  0]LogMemory: Memory total: Physical=15.8GB (16GB approx)
[2025.06.30-20.12.45:422][  0]LogMemory: Platform Memory Stats for Windows
[2025.06.30-20.12.45:422][  0]LogMemory: Process Physical Memory: 144.25 MB used, 144.25 MB peak
[2025.06.30-20.12.45:422][  0]LogMemory: Process Virtual Memory: 129.77 MB used, 129.77 MB peak
[2025.06.30-20.12.45:422][  0]LogMemory: Physical Memory: 7444.42 MB used,  8720.05 MB free, 16164.47 MB total
[2025.06.30-20.12.45:422][  0]LogMemory: Virtual Memory: 134207144.00 MB used,  10584.58 MB free, 134217728.00 MB total
[2025.06.30-20.12.45:426][  0]LogWindows: WindowsPlatformFeatures enabled
[2025.06.30-20.12.45:441][  0]LogInit: Physics initialised using underlying interface: PhysX
[2025.06.30-20.12.45:442][  0]LogInit: Using OS detected language (pt-BR).
[2025.06.30-20.12.45:442][  0]LogInit: Using OS detected locale (pt-BR).
[2025.06.30-20.12.45:461][  0]LogTextLocalizationResource: LocRes '../../../Engine/Content/Localization/Editor/pt/Editor.locres' could not be opened for reading!
[2025.06.30-20.12.45:461][  0]LogTextLocalizationResource: LocRes '../../../Engine/Content/Localization/EditorTutorials/pt/EditorTutorials.locres' could not be opened for reading!
[2025.06.30-20.12.45:462][  0]LogTextLocalizationResource: LocRes '../../../Engine/Content/Localization/Keywords/pt/Keywords.locres' could not be opened for reading!
[2025.06.30-20.12.45:462][  0]LogTextLocalizationResource: LocRes '../../../Engine/Content/Localization/Category/pt/Category.locres' could not be opened for reading!
[2025.06.30-20.12.45:462][  0]LogTextLocalizationResource: LocRes '../../../Engine/Content/Localization/ToolTips/pt/ToolTips.locres' could not be opened for reading!
[2025.06.30-20.12.45:462][  0]LogTextLocalizationResource: LocRes '../../../Engine/Content/Localization/PropertyNames/pt/PropertyNames.locres' could not be opened for reading!
[2025.06.30-20.12.45:462][  0]LogTextLocalizationResource: LocRes '../../../Engine/Content/Localization/Engine/pt/Engine.locres' could not be opened for reading!
[2025.06.30-20.12.45:462][  0]LogTextLocalizationResource: LocRes '../../../Engine/Plugins/Online/OnlineSubsystem/Content/Localization/OnlineSubsystem/pt/OnlineSubsystem.locres' could not be opened for reading!
[2025.06.30-20.12.45:462][  0]LogTextLocalizationResource: LocRes '../../../Engine/Plugins/Online/OnlineSubsystemUtils/Content/Localization/OnlineSubsystemUtils/pt/OnlineSubsystemUtils.locres' could not be opened for reading!
[2025.06.30-20.12.45:462][  0]LogTextLocalizationResource: LocRes '../../../Engine/Plugins/Online/Android/OnlineSubsystemGooglePlay/Content/Localization/OnlineSubsystemGooglePlay/pt/OnlineSubsystemGooglePlay.locres' could not be opened for reading!
[2025.06.30-20.12.45:462][  0]LogTextLocalizationResource: LocRes '../../../Engine/Plugins/Online/IOS/OnlineSubsystemIOS/Content/Localization/OnlineSubsystemIOS/pt/OnlineSubsystemIOS.locres' could not be opened for reading!
[2025.06.30-20.12.45:470][  0]LogInit: Setting process to per monitor DPI aware
[2025.06.30-20.12.45:480][  0]LogWindowsTextInputMethodSystem: Display: IME system deactivated.
[2025.06.30-20.12.45:490][  0]LogSlate: New Slate User Created.  User Index 0, Is Virtual User: 0
[2025.06.30-20.12.45:491][  0]LogSlate: Slate User Registered.  User Index 0, Is Virtual User: 0
[2025.06.30-20.12.45:600][  0]LogD3D11RHI: Loaded GFSDK_Aftermath_Lib.x64.dll
[2025.06.30-20.12.45:602][  0]LogHMD: Failed to initialize OpenVR with code 110
[2025.06.30-20.12.45:602][  0]LogD3D11RHI: D3D11 min allowed feature level: 11_0
[2025.06.30-20.12.45:602][  0]LogD3D11RHI: D3D11 max allowed feature level: 11_0
[2025.06.30-20.12.45:602][  0]LogD3D11RHI: D3D11 adapters:
[2025.06.30-20.12.45:652][  0]LogD3D11RHI:    0. 'Intel(R) UHD Graphics 630' (Feature Level 11_0)
[2025.06.30-20.12.45:652][  0]LogD3D11RHI:       128/0/8082 MB DedicatedVideo/DedicatedSystem/SharedSystem, Outputs:1, VendorId:0x8086
[2025.06.30-20.12.45:654][  0]LogD3D11RHI:    1. 'Microsoft Basic Render Driver' (Feature Level 11_0)
[2025.06.30-20.12.45:654][  0]LogD3D11RHI:       0/0/8082 MB DedicatedVideo/DedicatedSystem/SharedSystem, Outputs:0, VendorId:0x1414
[2025.06.30-20.12.45:654][  0]LogD3D11RHI: Chosen D3D11 Adapter:
[2025.06.30-20.12.45:654][  0]LogD3D11RHI:     Description : Intel(R) UHD Graphics 630
[2025.06.30-20.12.45:654][  0]LogD3D11RHI:     VendorId    : 8086
[2025.06.30-20.12.45:654][  0]LogD3D11RHI:     DeviceId    : 9bc8
[2025.06.30-20.12.45:654][  0]LogD3D11RHI:     SubSysId    : 86941043
[2025.06.30-20.12.45:654][  0]LogD3D11RHI:     Revision    : 0003
[2025.06.30-20.12.45:654][  0]LogD3D11RHI:     DedicatedVideoMemory : 134217728 bytes
[2025.06.30-20.12.45:654][  0]LogD3D11RHI:     DedicatedSystemMemory : 0 bytes
[2025.06.30-20.12.45:654][  0]LogD3D11RHI:     SharedSystemMemory : 8474836992 bytes
[2025.06.30-20.12.45:654][  0]LogD3D11RHI:     AdapterLuid : 0 46191
[2025.06.30-20.12.45:658][  0]LogD3D11RHI: Creating new Direct3DDevice
[2025.06.30-20.12.45:658][  0]LogD3D11RHI:     GPU DeviceId: 0x9bc8 (for the marketing name, search the web for "GPU Device Id")
[2025.06.30-20.12.45:658][  0]LogWindows: EnumDisplayDevices:
[2025.06.30-20.12.45:658][  0]LogWindows:    0. 'Intel(R) UHD Graphics 630' (P:1 D:1)
[2025.06.30-20.12.45:658][  0]LogWindows:    1. 'Intel(R) UHD Graphics 630' (P:0 D:0)
[2025.06.30-20.12.45:659][  0]LogWindows: DebugString: FoundDriverCount:2 
[2025.06.30-20.12.45:659][  0]LogD3D11RHI:     Adapter Name: Intel(R) UHD Graphics 630
[2025.06.30-20.12.45:659][  0]LogD3D11RHI:   Driver Version: 31.0.101.2111 (internal:31.0.101.2111, unified:31.0.101.2111)
[2025.06.30-20.12.45:659][  0]LogD3D11RHI:      Driver Date: 7-19-2022
[2025.06.30-20.12.45:659][  0]LogRHI: Texture pool is 1523 MB (70% of 2176 MB)
[2025.06.30-20.12.45:664][  0]LogD3D11RHI: Creating D3DDevice using adapter:
[2025.06.30-20.12.45:664][  0]LogD3D11RHI:     Description : Intel(R) UHD Graphics 630
[2025.06.30-20.12.45:664][  0]LogD3D11RHI:     VendorId    : 8086
[2025.06.30-20.12.45:664][  0]LogD3D11RHI:     DeviceId    : 9bc8
[2025.06.30-20.12.45:665][  0]LogD3D11RHI:     SubSysId    : 86941043
[2025.06.30-20.12.45:665][  0]LogD3D11RHI:     Revision    : 0003
[2025.06.30-20.12.45:665][  0]LogD3D11RHI:     DedicatedVideoMemory : 134217728 bytes
[2025.06.30-20.12.45:665][  0]LogD3D11RHI:     DedicatedSystemMemory : 0 bytes
[2025.06.30-20.12.45:665][  0]LogD3D11RHI:     SharedSystemMemory : 8474836992 bytes
[2025.06.30-20.12.45:665][  0]LogD3D11RHI:     AdapterLuid : 0 46191
[2025.06.30-20.12.45:703][  0]LogD3D11RHI: RHI does not have support for 64 bit atomics
[2025.06.30-20.12.45:725][  0]LogD3D11RHI: Intel Extensions support version Full=16777216, Major=1, Minor=0, Revision=0
[2025.06.30-20.12.45:725][  0]LogD3D11RHI: Intel Extensions support version Full=16777217, Major=1, Minor=0, Revision=1
[2025.06.30-20.12.45:725][  0]LogD3D11RHI: Intel Extensions Framework enabled
[2025.06.30-20.12.45:725][  0]LogD3D11RHI: [IntelMetricsDiscovery] Started
[2025.06.30-20.12.45:725][  0]LogD3D11RHI: Async texture creation enabled
[2025.06.30-20.12.45:725][  0]LogD3D11RHI: Array index from any shader is supported
[2025.06.30-20.12.45:731][  0]LogD3D11RHI: GPU Timing Frequency: 12.000048 (Debug: 2 0)
[2025.06.30-20.12.45:972][  0]LogTargetPlatformManager: Display: Loaded TargetPlatform 'AllDesktop'
[2025.06.30-20.12.45:989][  0]LogTargetPlatformManager: Display: Loaded TargetPlatform 'Android'
[2025.06.30-20.12.45:989][  0]LogTargetPlatformManager: Display: Loaded TargetPlatform 'Android_ASTC'
[2025.06.30-20.12.45:989][  0]LogTargetPlatformManager: Display: Loaded TargetPlatform 'Android_DXT'
[2025.06.30-20.12.45:989][  0]LogTargetPlatformManager: Display: Loaded TargetPlatform 'Android_ETC2'
[2025.06.30-20.12.45:989][  0]LogTargetPlatformManager: Display: Loaded TargetPlatform 'AndroidClient'
[2025.06.30-20.12.45:989][  0]LogTargetPlatformManager: Display: Loaded TargetPlatform 'Android_ASTCClient'
[2025.06.30-20.12.45:989][  0]LogTargetPlatformManager: Display: Loaded TargetPlatform 'Android_DXTClient'
[2025.06.30-20.12.45:989][  0]LogTargetPlatformManager: Display: Loaded TargetPlatform 'Android_ETC2Client'
[2025.06.30-20.12.45:989][  0]LogTargetPlatformManager: Display: Loaded TargetPlatform 'Android_Multi'
[2025.06.30-20.12.45:989][  0]LogTargetPlatformManager: Display: Loaded TargetPlatform 'Android_MultiClient'
[2025.06.30-20.12.46:005][  0]LogTargetPlatformManager: Display: Loaded TargetPlatform 'IOSClient'
[2025.06.30-20.12.46:005][  0]LogTargetPlatformManager: Display: Loaded TargetPlatform 'IOS'
[2025.06.30-20.12.46:013][  0]LogTargetPlatformManager: Display: Loaded TargetPlatform 'Linux'
[2025.06.30-20.12.46:017][  0]LogTargetPlatformManager: Display: Loaded TargetPlatform 'LinuxNoEditor'
[2025.06.30-20.12.46:020][  0]LogTargetPlatformManager: Display: Loaded TargetPlatform 'LinuxClient'
[2025.06.30-20.12.46:023][  0]LogTargetPlatformManager: Display: Loaded TargetPlatform 'LinuxServer'
[2025.06.30-20.12.46:031][  0]LogTargetPlatformManager: Display: Loaded TargetPlatform 'LinuxAArch64NoEditor'
[2025.06.30-20.12.46:034][  0]LogTargetPlatformManager: Display: Loaded TargetPlatform 'LinuxAArch64Client'
[2025.06.30-20.12.46:037][  0]LogTargetPlatformManager: Display: Loaded TargetPlatform 'LinuxAArch64Server'
[2025.06.30-20.12.46:056][  0]LogTargetPlatformManager: Display: Loaded TargetPlatform 'Lumin'
[2025.06.30-20.12.46:056][  0]LogTargetPlatformManager: Display: Loaded TargetPlatform 'LuminClient'
[2025.06.30-20.12.46:063][  0]LogTargetPlatformManager: Display: Loaded TargetPlatform 'MacNoEditor'
[2025.06.30-20.12.46:066][  0]LogTargetPlatformManager: Display: Loaded TargetPlatform 'Mac'
[2025.06.30-20.12.46:069][  0]LogTargetPlatformManager: Display: Loaded TargetPlatform 'MacClient'
[2025.06.30-20.12.46:073][  0]LogTargetPlatformManager: Display: Loaded TargetPlatform 'MacServer'
[2025.06.30-20.12.46:081][  0]LogTargetPlatformManager: Display: Loaded TargetPlatform 'TVOSClient'
[2025.06.30-20.12.46:081][  0]LogTargetPlatformManager: Display: Loaded TargetPlatform 'TVOS'
[2025.06.30-20.12.46:088][  0]LogTargetPlatformManager: Display: Loaded TargetPlatform 'WindowsNoEditor'
[2025.06.30-20.12.46:091][  0]LogTargetPlatformManager: Display: Loaded TargetPlatform 'Windows'
[2025.06.30-20.12.46:095][  0]LogTargetPlatformManager: Display: Loaded TargetPlatform 'WindowsClient'
[2025.06.30-20.12.46:098][  0]LogTargetPlatformManager: Display: Loaded TargetPlatform 'WindowsServer'
[2025.06.30-20.12.46:098][  0]LogTargetPlatformManager: Display: Building Assets For Windows
[2025.06.30-20.12.46:103][  0]LogAudioDebug: Display: Lib vorbis DLL was dynamically loaded.
[2025.06.30-20.12.46:127][  0]LogTextureFormatOodle: Display: Oodle Texture 2.9.0 init RDO Off
[2025.06.30-20.12.46:150][  0]LogRendererCore: Ray tracing is disabled. Reason: r.RayTracing=0.
[2025.06.30-20.12.46:151][  0]LogShaderCompilers: Guid format shader working directory is -6 characters bigger than the processId version (../../../../../../Users/rafael.anastácio/Documents/GitHub/Sorry/Intermediate/Shaders/WorkingDirectory/1080/).
[2025.06.30-20.12.46:151][  0]LogShaderCompilers: Cleaned the shader compiler working directory 'C:/Users/rafael.anastácio/AppData/Local/Temp/UnrealShaderWorkingDir/1F71BCA542DF3EF5D14CC08289647185/'.
[2025.06.30-20.12.46:151][  0]LogXGEController: Cannot use XGE Controller as Incredibuild is not installed on this machine.
[2025.06.30-20.12.46:151][  0]LogShaderCompilers: Cannot use XGE Shader Compiler as Incredibuild is not installed on this machine.
[2025.06.30-20.12.46:151][  0]LogShaderCompilers: Display: Using Local Shader Compiler.
[2025.06.30-20.12.46:817][  0]LogDerivedDataCache: Display: Max Cache Size: 512 MB
[2025.06.30-20.12.46:865][  0]LogDerivedDataCache: Loaded boot cache 0.05s 94MB C:/Users/rafael.anastácio/AppData/Local/UnrealEngine/4.27/DerivedDataCache/Boot.ddc.
[2025.06.30-20.12.46:865][  0]LogDerivedDataCache: Display: Loaded Boot cache: C:/Users/rafael.anastácio/AppData/Local/UnrealEngine/4.27/DerivedDataCache/Boot.ddc
[2025.06.30-20.12.46:865][  0]LogDerivedDataCache: FDerivedDataBackendGraph:  Pak pak cache file ../../../../../../Users/rafael.anastácio/Documents/GitHub/Sorry/DerivedDataCache/DDC.ddp not found, will not use a pak cache.
[2025.06.30-20.12.46:865][  0]LogDerivedDataCache: Unable to find inner node Pak for hierarchical cache Hierarchy.
[2025.06.30-20.12.46:865][  0]LogDerivedDataCache: FDerivedDataBackendGraph:  CompressedPak pak cache file ../../../../../../Users/rafael.anastácio/Documents/GitHub/Sorry/DerivedDataCache/Compressed.ddp not found, will not use a pak cache.
[2025.06.30-20.12.46:865][  0]LogDerivedDataCache: Unable to find inner node CompressedPak for hierarchical cache Hierarchy.
[2025.06.30-20.12.46:880][  0]LogDerivedDataCache: Display: Pak cache opened for reading ../../../Engine/DerivedDataCache/Compressed.ddp.
[2025.06.30-20.12.46:880][  0]LogDerivedDataCache: FDerivedDataBackendGraph:  EnterprisePak pak cache file ../../../Enterprise/DerivedDataCache/Compressed.ddp not found, will not use a pak cache.
[2025.06.30-20.12.46:880][  0]LogDerivedDataCache: Unable to find inner node EnterprisePak for hierarchical cache Hierarchy.
[2025.06.30-20.12.46:886][  0]LogDerivedDataCache: Speed tests for C:/Users/rafael.anastácio/AppData/Local/UnrealEngine/Common/DerivedDataCache took 0.01 seconds
[2025.06.30-20.12.46:886][  0]LogDerivedDataCache: Display: Performance to C:/Users/rafael.anastácio/AppData/Local/UnrealEngine/Common/DerivedDataCache: Latency=0.02ms. RandomReadSpeed=1310.34MBs, RandomWriteSpeed=184.70MBs. Assigned SpeedClass 'Local'
[2025.06.30-20.12.46:887][  0]LogDerivedDataCache: Using Local data cache path C:/Users/rafael.anastácio/AppData/Local/UnrealEngine/Common/DerivedDataCache: Writable
[2025.06.30-20.12.46:887][  0]LogDerivedDataCache: Shared data cache path not found in *engine.ini, will not use an Shared cache.
[2025.06.30-20.12.46:887][  0]LogDerivedDataCache: Unable to find inner node Shared for hierarchical cache Hierarchy.
[2025.06.30-20.12.46:931][  0]LogSlate: Using FreeType 2.10.0
[2025.06.30-20.12.46:932][  0]LogSlate: SlateFontServices - WITH_FREETYPE: 1, WITH_HARFBUZZ: 1
[2025.06.30-20.12.46:953][  0]LogAssetRegistry: FAssetRegistry took 0.0022 seconds to start up
[2025.06.30-20.12.47:161][  0]LogInit: Selected Device Profile: [Windows]
[2025.06.30-20.12.47:161][  0]LogInit: Active device profile: [0000020F67234700][0000020F67C8B580 49] Windows
[2025.06.30-20.12.47:161][  0]LogInit: Profiles: [0000020F67234700][0000020F67C8B580 49] Windows, [0000020F671F7700][0000020F6807F700 49] WindowsNoEditor, [0000020F67237300][0000020F68083880 49] WindowsServer, [0000020F671F4F00][0000020F68087A00 49] WindowsClient, [0000020F67237500][0000020F6808BB80 49] IOS, [0000020F671C7F00][0000020F6808E180 49] iPadAir, [0000020F671F7B00][0000020F68092300 49] iPadAir2, [0000020F67190500][0000020F6809A5C0 49] IPadPro, [0000020F67190600][0000020F68096600 49] iPadAir3, [0000020F671C4100][0000020F6807A740 49] iPadAir4, [0000020F67192C00][0000020F67C0A880 49] iPadMini2, [0000020F671C6500][0000020F67C0E9C0 49] iPadMini3, [0000020F67193400][0000020F67C16B00 49] iPadMini4, [0000020F671C4F00][0000020F67C1EC80 49] iPadMini5, [0000020F67173E00][0000020F67C2AF40 49] iPhone6, [0000020F67173F00][0000020F67C26F80 49] iPodTouch6, [0000020F67237900][0000020F6435D240 49] iPhone7, [0000020F67236100][0000020F66679280 49] iPodTouch7, [0000020F67170400][0000020F64361400 49] iPhone5S, [0000020F67193D00][0000020F64365580 49] iPhone6Plus, [0000020F67237400][0000020F67C13700 49] iPhone6S, [0000020F67192000][0000020F67C23880 49] iPhone6SPlus, [0000020F67234900][0000020F64375A00 49] iPhone7Plus, [0000020F67190E00][0000020F64379B80 49] iPhoneSE, [0000020F67234200][0000020F66692180 49] iPhone8, [0000020F67192400][0000020F66696300 49] iPhone8Plus, [0000020F67235E00][0000020F6438E480 49] iPhoneX, [0000020F67193E00][0000020F6687C600 49] iPhoneXS, [0000020F67235600][0000020F66636780 49] iPhoneXSMax, [0000020F67192500][0000020F6669A900 49] iPhoneXR, [0000020F67236A00][0000020F67C1AA40 49] iPhone11, [0000020F67193A00][0000020F6669EB80 49] iPhone11Pro, [0000020F67234F00][0000020F666A2CC0 49] iPhone11ProMax, [0000020F67192300][0000020F666AAE40 49] iPhoneSE2, [0000020F67236700][0000020F666AEFC0 49] iPhone12Mini, [0000020F67190700][0000020F666B3140 49] iPhone12, [0000020F67237100][0000020F666B72C0 49] iPhone12Pro, [0000020F67193500][0000020F64309440 49] iPhone12ProMax, [0000020F67234800][0000020F6430D5C0 49] iPadPro105, [0000020F67191C00][0000020F64311740 49] iPadPro129, [0000020F67234300][0000020F643158C0 49] iPadPro97, [0000020F67191D00][0000020F64319A40 49] iPadPro2_129, [0000020F67234C00][0000020F6431DBC0 49] iPad5, [0000020F67193000][0000020F643201C0 49] iPad6, [0000020F67236C00][0000020F64324340 49] iPad7, [0000020F67192E00][0000020F643284C0 49] iPad8, [0000020F67235800][0000020F6432C640 49] iPadPro11, [0000020F67191B00][0000020F678FC7C0 49] iPadPro2_11, [0000020F67235500][0000020F67900940 49] iPadPro3_129, [0000020F67192700][0000020F67904AC0 49] iPadPro4_129, [0000020F67234100][0000020F666A6C00 49] AppleTV, [0000020F67192B00][0000020F67908D40 49] AppleTV4K, [0000020F67235B00][0000020F6790CE80 49] TVOS, [0000020F67190900][0000020F67910FC0 49] Mac, [0000020F67235700][0000020F67919140 49] MacClient, [0000020F67192F00][0000020F6791D2C0 49] MacNoEditor, [0000020F67234D00][0000020F67921440 49] MacServer, [0000020F67190300][0000020F679255C0 49] Linux, [0000020F67236E00][0000020F67929740 49] LinuxAArch64, [0000020F67191500][0000020F6792D8C0 49] LinuxNoEditor, [0000020F67236400][0000020F67931A40 49] LinuxAArch64NoEditor, [0000020F67190200][0000020F67935BC0 49] LinuxClient, [0000020F67236D00][0000020F679381C0 49] LinuxAArch64Client, [0000020F67190C00][0000020F6793C340 49] LinuxServer, [0000020F67234400][0000020F679404C0 49] LinuxAArch64Server, [0000020F67191000][0000020F67944640 49] Android, [0000020F671C7900][0000020F679487C0 49] Android_Low, [0000020F67171B00][0000020F6794C940 49] Android_Mid, [0000020F671C7000][0000020F67950AC0 49] Android_High, [0000020F67172300][0000020F67954C40 49] Android_Default, [0000020F671C6000][0000020F67914D80 49] Android_Adreno4xx, [0000020F67170100][0000020F67958EC0 49] Android_Adreno5xx_Low, [0000020F671C4B00][0000020F67973000 49] Android_Adreno5xx, [0000020F67171800][0000020F67977140 49] Android_Adreno6xx, [0000020F671C5100][0000020F6797F2C0 49] Android_Adreno6xx_Vulkan, [0000020F67170800][0000020F67983440 49] Android_Mali_T6xx, [0000020F671C7600][0000020F679875C0 49] Android_Mali_T7xx, [0000020F67170D00][0000020F6798B740 49] Android_Mali_T8xx, [0000020F671C7C00][0000020F6798F8C0 49] Android_Mali_G71, [0000020F67171500][0000020F67993A40 49] Android_Mali_G72, [0000020F671C7E00][0000020F67997BC0 49] Android_Mali_G72_Vulkan, [0000020F67173D00][0000020F6799A1C0 49] Android_Mali_G76, [0000020F671C7A00][0000020F6799E340 49] Android_Mali_G76_Vulkan, [0000020F67173600][0000020F679A24C0 49] Android_Mali_G77, [0000020F671C6200][0000020F679A6640 49] Android_Mali_G77_Vulkan, [0000020F67171200][0000020F679AA7C0 49] Android_Mali_G78, [0000020F671C4A00][0000020F679AE940 49] Android_Mali_G78_Vulkan, [0000020F67173000][0000020F679B2AC0 49] Android_Mali_G710, [0000020F671C5400][0000020F679B6C40 49] Android_Mali_G710_Vulkan, [0000020F67170700][0000020F679BADC0 49] Android_Vulkan_SM5, [0000020F671C5800][0000020F679BEF40 49] Android_PowerVR_G6xxx, [0000020F67170E00][0000020F6797B080 49] Android_PowerVR_GT7xxx, [0000020F671C4200][0000020F679C31C0 49] Android_PowerVR_GE8xxx, [0000020F67170600][0000020F679C7300 49] Android_PowerVR_GM9xxx, [0000020F671C6600][0000020F679CF480 49] Android_PowerVR_GM9xxx_Vulkan, [0000020F67190F00][0000020F679D3600 49] Android_TegraK1, [0000020F671C6A00][0000020F679D7780 49] Android_Unknown_Vulkan, [0000020F67190D00][0000020F679DB900 49] Lumin, [0000020F671C5200][0000020F679DFA80 49] Lumin_Desktop, [0000020F67190B00][0000020F67EE9C00 49] HoloLens, 
[2025.06.30-20.12.47:265][  0]LogMeshReduction: Using QuadricMeshReduction for automatic static mesh reduction
[2025.06.30-20.12.47:265][  0]LogMeshReduction: Using SimplygonMeshReduction for automatic skeletal mesh reduction
[2025.06.30-20.12.47:265][  0]LogMeshReduction: Using ProxyLODMeshReduction for automatic mesh merging
[2025.06.30-20.12.47:265][  0]LogMeshReduction: No distributed automatic mesh merging module available
[2025.06.30-20.12.47:265][  0]LogMeshMerging: No distributed automatic mesh merging module available
[2025.06.30-20.12.47:276][  0]LogNetVersion: Sorry 1.0.0, NetCL: 17155196, EngineNetVer: 17, GameNetVer: 0 (Checksum: 3363201869)
[2025.06.30-20.12.47:591][  0]LogTexture: Default maximum texture size for cubemaps generated from long-lat sources has been changed from 512 to unlimited. In order to preserve old behaiour for '/Engine/MapTemplates/Sky/DaylightAmbientCubemap.DaylightAmbientCubemap', its maximum texture size has been explicitly set to 512.
[2025.06.30-20.12.47:634][  0]LogHMD: PokeAHoleMaterial loaded successfully
[2025.06.30-20.12.47:639][  0]LogUObjectArray: 17178 objects as part of root set at end of initial load.
[2025.06.30-20.12.47:639][  0]LogUObjectAllocator: 4302048 out of 0 bytes used by permanent object pool.
[2025.06.30-20.12.47:639][  0]LogUObjectArray: CloseDisregardForGC: 0/0 objects in disregard for GC pool
[2025.06.30-20.12.47:903][  0]LogPython: Using Python 3.7.7
[2025.06.30-20.12.48:345][  0]LogNiagaraDebuggerClient: Niagara Debugger Client Initialized | Session: 1F12F7784D24567A5E94AEA10F633D8C | Instance: B350740F4D48A1A483A8C9866D7B1260 (SGS1-D01-1080).
[2025.06.30-20.12.48:391][  0]LogTcpMessaging: Initializing TcpMessaging bridge
[2025.06.30-20.12.48:395][  0]LogUdpMessaging: Initializing bridge on interface 0.0.0.0:0 to multicast group 230.0.0.1:6666.
[2025.06.30-20.12.48:508][  0]SourceControl: Controle de origem desativado
[2025.06.30-20.12.48:508][  0]SourceControl: Controle de origem desativado
[2025.06.30-20.12.48:511][  0]SourceControl: Controle de origem desativado
[2025.06.30-20.12.48:513][  0]SourceControl: Controle de origem desativado
[2025.06.30-20.12.48:520][  0]SourceControl: Controle de origem desativado
[2025.06.30-20.12.48:535][  0]LogUProjectInfo: Found projects:
[2025.06.30-20.12.48:693][  0]LogOpenImageDenoise: OIDN starting up
[2025.06.30-20.12.48:723][  0]LogAndroidPermission: UAndroidPermissionCallbackProxy::GetInstance
[2025.06.30-20.12.48:741][  0]LogAudioCaptureCore: Display: No Audio Capture implementations found. Audio input will be silent.
[2025.06.30-20.12.48:741][  0]LogAudioCaptureCore: Display: No Audio Capture implementations found. Audio input will be silent.
[2025.06.30-20.12.48:835][  0]LogCollectionManager: Loaded 0 collections in 0.001216 seconds
[2025.06.30-20.12.48:854][  0]LogFileCache: Scanning file cache for directory 'C:/Users/rafael.anastácio/Documents/GitHub/Sorry/Saved/Collections/' took 0.00s
[2025.06.30-20.12.48:854][  0]LogFileCache: Scanning file cache for directory 'C:/Users/rafael.anastácio/Documents/GitHub/Sorry/Content/Developers/rafaelanastácio/Collections/' took 0.00s
[2025.06.30-20.12.48:854][  0]LogFileCache: Scanning file cache for directory 'C:/Users/rafael.anastácio/Documents/GitHub/Sorry/Content/Collections/' took 0.00s
[2025.06.30-20.12.48:854][  0]LogOcInput: OculusInput pre-init called
[2025.06.30-20.12.49:042][  0]LogEngine: Initializing Engine...
[2025.06.30-20.12.49:044][  0]LogHMD: Failed to enumerate extensions. Please check that you have a valid OpenXR runtime installed.
[2025.06.30-20.12.49:044][  0]LogHMD: Failed to initialize OpenVR with code 110
[2025.06.30-20.12.49:044][  0]LogMagicLeap: Warning: VR disabled because ZI is not enabled.  To enable, in the editor, Edit -> Project Settings -> Plugins -> Magic Leap Plugin -> Enable Zero Iteration
[2025.06.30-20.12.49:045][  0]LogStats: UGameplayTagsManager::InitializeManager -  0.000 s
[2025.06.30-20.12.49:146][  0]LogInit: Initializing FReadOnlyCVARCache
[2025.06.30-20.12.49:154][  0]LogAIModule: Creating AISystem for world Untitled
[2025.06.30-20.12.49:185][  0]LogAudio: Display: Initializing Audio Device Manager...
[2025.06.30-20.12.49:188][  0]LogAudio: Display: Loading Default Audio Settings Objects...
[2025.06.30-20.12.49:189][  0]LogAudio: Display: No default SoundConcurrencyObject specified (or failed to load).
[2025.06.30-20.12.49:189][  0]LogAudio: Display: Audio Device Manager Initialized
[2025.06.30-20.12.49:189][  0]LogAudio: Display: Creating Audio Device:                 Id: 1, Scope: Shared, Realtime: True
[2025.06.30-20.12.49:189][  0]LogAudioMixer: Display: Audio Mixer Platform Settings:
[2025.06.30-20.12.49:189][  0]LogAudioMixer: Display: 	Sample Rate:						  48000
[2025.06.30-20.12.49:189][  0]LogAudioMixer: Display: 	Callback Buffer Frame Size Requested: 1024
[2025.06.30-20.12.49:189][  0]LogAudioMixer: Display: 	Callback Buffer Frame Size To Use:	  1024
[2025.06.30-20.12.49:189][  0]LogAudioMixer: Display: 	Number of buffers to queue:			  2
[2025.06.30-20.12.49:189][  0]LogAudioMixer: Display: 	Max Channels (voices):				  32
[2025.06.30-20.12.49:189][  0]LogAudioMixer: Display: 	Number of Async Source Workers:		  0
[2025.06.30-20.12.49:189][  0]LogAudio: Display: AudioDevice MaxSources: 32
[2025.06.30-20.12.49:190][  0]LogAudio: Display: Audio Spatialization Plugin: None (built-in).
[2025.06.30-20.12.49:190][  0]LogAudio: Display: Audio Reverb Plugin: None (built-in).
[2025.06.30-20.12.49:190][  0]LogAudio: Display: Audio Occlusion Plugin: None (built-in).
[2025.06.30-20.12.49:190][  0]LogAudioMixer: Display: Initializing audio mixer.
[2025.06.30-20.12.49:200][  0]LogAudioMixer: Display: 0: FrontLeft
[2025.06.30-20.12.49:200][  0]LogAudioMixer: Display: 1: FrontRight
[2025.06.30-20.12.49:218][  0]LogAudioMixer: Display: Using Audio Device 22B1WG5 (Áudio Intel(R) para telas)
[2025.06.30-20.12.49:219][  0]LogAudioMixer: Display: Initializing Sound Submixes...
[2025.06.30-20.12.49:220][  0]LogAudioMixer: Display: Creating Master Submix 'MasterSubmixDefault'
[2025.06.30-20.12.49:220][  0]LogAudioMixer: Display: Creating Master Submix 'MasterReverbSubmixDefault'
[2025.06.30-20.12.49:221][  0]LogAudioMixer: Display: Creating Master Submix 'MasterEQSubmixDefault'
[2025.06.30-20.12.49:221][  0]LogAudioMixer: FMixerPlatformXAudio2::StartAudioStream() called
[2025.06.30-20.12.49:221][  0]LogAudioMixer: Display: Output buffers initialized: Frames=1024, Channels=2, Samples=2048
[2025.06.30-20.12.49:222][  0]LogAudioMixer: Display: Starting AudioMixerPlatformInterface::RunInternal()
[2025.06.30-20.12.49:222][  0]LogAudioMixer: Display: FMixerPlatformXAudio2::SubmitBuffer() called for the first time
[2025.06.30-20.12.49:222][  0]LogInit: FAudioDevice initialized.
[2025.06.30-20.12.49:222][  0]LogAudio: Display: Audio Device (ID: 1) registered with world 'Untitled'.
[2025.06.30-20.12.49:222][  0]LogNetVersion: Set ProjectVersion to 1.0.0.0. Version Checksum will be recalculated on next use.
[2025.06.30-20.12.49:266][  0]LogDerivedDataCache: Saved boot cache 0.04s 94MB C:/Users/rafael.anastácio/AppData/Local/UnrealEngine/4.27/DerivedDataCache/Boot.ddc.
[2025.06.30-20.12.49:266][  0]LogInit: Texture streaming: Enabled
[2025.06.30-20.12.49:275][  0]LogAnalytics: Display: [UEEditor.Rocket.Release] APIServer = https://datarouter.ol.epicgames.com/. AppVersion = 4.27.2-18319896+++UE4+Release-4.27
[2025.06.30-20.12.49:278][  0]LogEngineSessionManager: EngineSessionManager initialized
[2025.06.30-20.12.49:278][  0]LogEditorSessionSummary: Verbose: Initializing EditorSessionSummaryWriter for editor session tracking
[2025.06.30-20.12.49:280][  0]LogEditorSessionSummary: EditorSessionSummaryWriter initialized
[2025.06.30-20.12.49:297][  0]LogInit: Transaction tracking system initialized
[2025.06.30-20.12.49:313][  0]BlueprintLog: New page: Carregar Editor
[2025.06.30-20.12.49:358][  0]LocalizationService: Localization service is disabled
[2025.06.30-20.12.49:375][  0]TimingProfiler: Initialize
[2025.06.30-20.12.49:375][  0]TimingProfiler: OnSessionChanged
[2025.06.30-20.12.49:375][  0]LoadingProfiler: Initialize
[2025.06.30-20.12.49:375][  0]LoadingProfiler: OnSessionChanged
[2025.06.30-20.12.49:375][  0]NetworkingProfiler: Initialize
[2025.06.30-20.12.49:375][  0]NetworkingProfiler: OnSessionChanged
[2025.06.30-20.12.49:375][  0]MemoryProfiler: Initialize
[2025.06.30-20.12.49:375][  0]MemoryProfiler: OnSessionChanged
[2025.06.30-20.12.49:488][  0]LogCook: Display: CookSettings for Memory: MemoryMaxUsedVirtual 0MiB, MemoryMaxUsedPhysical 16384MiB, MemoryMinFreeVirtual 0MiB, MemoryMinFreePhysical 1024MiB
[2025.06.30-20.12.49:488][  0]LogCook: Display: Mobile HDR setting 1
[2025.06.30-20.12.49:632][  0]LogFileCache: Scanning file cache for directory 'C:/Users/rafael.anastácio/Documents/GitHub/Sorry/Content/' took 0.00s
[2025.06.30-20.12.49:777][  0]LogInit: Display: Engine is initialized. Leaving FEngineLoop::Init()
[2025.06.30-20.12.49:780][  0]SourceControl: Controle de origem desativado
[2025.06.30-20.12.49:780][  0]LogUnrealEdMisc: Loading editor; pre map load, took 5.183
[2025.06.30-20.12.49:780][  0]Cmd: MAP LOAD FILE="../../../../../../Users/rafael.anastácio/Documents/GitHub/Sorry/Content/StarterContent/Maps/Minimal_Default.umap" TEMPLATE=0 SHOWPROGRESS=1 FEATURELEVEL=3
[2025.06.30-20.12.49:780][  0]LightingResults: New page: Compilação de Iluminação
[2025.06.30-20.12.49:781][  0]LogWorld: UWorld::CleanupWorld for Untitled, bSessionEnded=true, bCleanupResources=true
[2025.06.30-20.12.49:781][  0]LogSlate: InvalidateAllWidgets triggered.  All widgets were invalidated
[2025.06.30-20.12.49:781][  0]MapCheck: New page: Verificação de Mapa
[2025.06.30-20.12.49:781][  0]LightingResults: New page: Compilação de Iluminação
[2025.06.30-20.12.49:785][  0]LogAudio: Display: Audio Device unregistered from world 'None'.
[2025.06.30-20.12.49:788][  0]LogUObjectHash: Compacting FUObjectHashTables data took   0.71ms
[2025.06.30-20.12.49:894][  0]LogAudio: Display: Audio Device (ID: 1) registered with world 'Minimal_Default'.
[2025.06.30-20.12.49:895][  0]LogAIModule: Creating AISystem for world Minimal_Default
[2025.06.30-20.12.49:899][  0]LogEditorServer: Finished looking for orphan Actors (0.000 secs)
[2025.06.30-20.12.49:914][  0]LogUObjectHash: Compacting FUObjectHashTables data took   0.72ms
[2025.06.30-20.12.49:915][  0]Cmd: MAP CHECKDEP NOCLEARLOG
[2025.06.30-20.12.49:915][  0]MapCheck: Map check complete: 0 Error(s), 0 Warning(s), took 0,126ms to complete.
[2025.06.30-20.12.49:915][  0]LogFileHelpers: Loading map 'Minimal_Default' took 0.135
[2025.06.30-20.12.49:916][  0]LogUnrealEdMisc: Total Editor Startup Time, took 5.319
[2025.06.30-20.12.50:029][  0]LogSlate: Updating window title bar state: overlay mode, drag disabled, window buttons hidden, title bar hidden
[2025.06.30-20.12.50:034][  0]LogSlate: Updating window title bar state: overlay mode, drag disabled, window buttons hidden, title bar hidden
[2025.06.30-20.12.50:039][  0]LogSlate: Updating window title bar state: overlay mode, drag disabled, window buttons hidden, title bar hidden
[2025.06.30-20.12.50:044][  0]LogSlate: Updating window title bar state: overlay mode, drag disabled, window buttons hidden, title bar hidden
[2025.06.30-20.12.50:056][  0]LogNativeClassHierarchy: Verbose: Native class hierarchy populated in 0.0082 seconds. Added 3822 classes and 928 folders.
[2025.06.30-20.12.50:058][  0]LogNativeClassHierarchy: Verbose: Native class hierarchy updated for 'WidgetCarousel' in 0.0002 seconds. Added 0 classes and 0 folders.
[2025.06.30-20.12.50:059][  0]LogPakFile: PakFile PrimaryIndexSize=187
[2025.06.30-20.12.50:059][  0]LogPakFile: PakFile PathHashIndexSize=101
[2025.06.30-20.12.50:059][  0]LogPakFile: PakFile FullDirectoryIndexSize=148
[2025.06.30-20.12.50:059][  0]LogShaderLibrary: Display: ShaderCodeLibraryPakFileMountedCallback: PakFile 'C:/Program Files/Epic Games/UE_4.27/FeaturePacks/FP_FirstPerson.upack' (chunk index -1, root 'root:/') mounted
[2025.06.30-20.12.50:059][  0]LogShaderLibrary: Display: ShaderCodeLibraryPakFileMountedCallback: pending pak file info (ChunkID:-1 Root:root:/ File:C:/Program Files/Epic Games/UE_4.27/FeaturePacks/FP_FirstPerson.upack)
[2025.06.30-20.12.50:059][  0]LogPakFile: OnPakFileMounted2Time == 0.000061
[2025.06.30-20.12.50:060][  0]LogPakFile: PakFile PrimaryIndexSize=189
[2025.06.30-20.12.50:060][  0]LogPakFile: PakFile PathHashIndexSize=101
[2025.06.30-20.12.50:060][  0]LogPakFile: PakFile FullDirectoryIndexSize=152
[2025.06.30-20.12.50:060][  0]LogShaderLibrary: Display: ShaderCodeLibraryPakFileMountedCallback: PakFile 'C:/Program Files/Epic Games/UE_4.27/FeaturePacks/FP_FirstPersonBP.upack' (chunk index -1, root 'root:/') mounted
[2025.06.30-20.12.50:060][  0]LogShaderLibrary: Display: ShaderCodeLibraryPakFileMountedCallback: pending pak file info (ChunkID:-1 Root:root:/ File:C:/Program Files/Epic Games/UE_4.27/FeaturePacks/FP_FirstPersonBP.upack)
[2025.06.30-20.12.50:060][  0]LogPakFile: OnPakFileMounted2Time == 0.000040
[2025.06.30-20.12.50:060][  0]LogPakFile: PakFile PrimaryIndexSize=191
[2025.06.30-20.12.50:060][  0]LogPakFile: PakFile PathHashIndexSize=101
[2025.06.30-20.12.50:060][  0]LogPakFile: PakFile FullDirectoryIndexSize=160
[2025.06.30-20.12.50:060][  0]LogShaderLibrary: Display: ShaderCodeLibraryPakFileMountedCallback: PakFile 'C:/Program Files/Epic Games/UE_4.27/FeaturePacks/MobileStarterContent.upack' (chunk index -1, root 'root:/') mounted
[2025.06.30-20.12.50:060][  0]LogShaderLibrary: Display: ShaderCodeLibraryPakFileMountedCallback: pending pak file info (ChunkID:-1 Root:root:/ File:C:/Program Files/Epic Games/UE_4.27/FeaturePacks/MobileStarterContent.upack)
[2025.06.30-20.12.50:060][  0]LogPakFile: OnPakFileMounted2Time == 0.000031
[2025.06.30-20.12.50:061][  0]LogPakFile: PakFile PrimaryIndexSize=185
[2025.06.30-20.12.50:061][  0]LogPakFile: PakFile PathHashIndexSize=101
[2025.06.30-20.12.50:061][  0]LogPakFile: PakFile FullDirectoryIndexSize=148
[2025.06.30-20.12.50:061][  0]LogShaderLibrary: Display: ShaderCodeLibraryPakFileMountedCallback: PakFile 'C:/Program Files/Epic Games/UE_4.27/FeaturePacks/StarterContent.upack' (chunk index -1, root 'root:/') mounted
[2025.06.30-20.12.50:061][  0]LogShaderLibrary: Display: ShaderCodeLibraryPakFileMountedCallback: pending pak file info (ChunkID:-1 Root:root:/ File:C:/Program Files/Epic Games/UE_4.27/FeaturePacks/StarterContent.upack)
[2025.06.30-20.12.50:061][  0]LogPakFile: OnPakFileMounted2Time == 0.000038
[2025.06.30-20.12.50:061][  0]LogPakFile: PakFile PrimaryIndexSize=190
[2025.06.30-20.12.50:061][  0]LogPakFile: PakFile PathHashIndexSize=101
[2025.06.30-20.12.50:061][  0]LogPakFile: PakFile FullDirectoryIndexSize=154
[2025.06.30-20.12.50:061][  0]LogShaderLibrary: Display: ShaderCodeLibraryPakFileMountedCallback: PakFile 'C:/Program Files/Epic Games/UE_4.27/FeaturePacks/TP_2DSideScroller.upack' (chunk index -1, root 'root:/') mounted
[2025.06.30-20.12.50:061][  0]LogShaderLibrary: Display: ShaderCodeLibraryPakFileMountedCallback: pending pak file info (ChunkID:-1 Root:root:/ File:C:/Program Files/Epic Games/UE_4.27/FeaturePacks/TP_2DSideScroller.upack)
[2025.06.30-20.12.50:061][  0]LogPakFile: OnPakFileMounted2Time == 0.000033
[2025.06.30-20.12.50:062][  0]LogPakFile: PakFile PrimaryIndexSize=192
[2025.06.30-20.12.50:062][  0]LogPakFile: PakFile PathHashIndexSize=101
[2025.06.30-20.12.50:062][  0]LogPakFile: PakFile FullDirectoryIndexSize=158
[2025.06.30-20.12.50:062][  0]LogShaderLibrary: Display: ShaderCodeLibraryPakFileMountedCallback: PakFile 'C:/Program Files/Epic Games/UE_4.27/FeaturePacks/TP_2DSideScrollerBP.upack' (chunk index -1, root 'root:/') mounted
[2025.06.30-20.12.50:062][  0]LogShaderLibrary: Display: ShaderCodeLibraryPakFileMountedCallback: pending pak file info (ChunkID:-1 Root:root:/ File:C:/Program Files/Epic Games/UE_4.27/FeaturePacks/TP_2DSideScrollerBP.upack)
[2025.06.30-20.12.50:062][  0]LogPakFile: OnPakFileMounted2Time == 0.000030
[2025.06.30-20.12.50:062][  0]LogPakFile: PakFile PrimaryIndexSize=182
[2025.06.30-20.12.50:062][  0]LogPakFile: PakFile PathHashIndexSize=101
[2025.06.30-20.12.50:062][  0]LogPakFile: PakFile FullDirectoryIndexSize=138
[2025.06.30-20.12.50:062][  0]LogShaderLibrary: Display: ShaderCodeLibraryPakFileMountedCallback: PakFile 'C:/Program Files/Epic Games/UE_4.27/FeaturePacks/TP_Flying.upack' (chunk index -1, root 'root:/') mounted
[2025.06.30-20.12.50:062][  0]LogShaderLibrary: Display: ShaderCodeLibraryPakFileMountedCallback: pending pak file info (ChunkID:-1 Root:root:/ File:C:/Program Files/Epic Games/UE_4.27/FeaturePacks/TP_Flying.upack)
[2025.06.30-20.12.50:062][  0]LogPakFile: OnPakFileMounted2Time == 0.000034
[2025.06.30-20.12.50:062][  0]LogPakFile: PakFile PrimaryIndexSize=184
[2025.06.30-20.12.50:062][  0]LogPakFile: PakFile PathHashIndexSize=101
[2025.06.30-20.12.50:062][  0]LogPakFile: PakFile FullDirectoryIndexSize=142
[2025.06.30-20.12.50:063][  0]LogShaderLibrary: Display: ShaderCodeLibraryPakFileMountedCallback: PakFile 'C:/Program Files/Epic Games/UE_4.27/FeaturePacks/TP_FlyingBP.upack' (chunk index -1, root 'root:/') mounted
[2025.06.30-20.12.50:063][  0]LogShaderLibrary: Display: ShaderCodeLibraryPakFileMountedCallback: pending pak file info (ChunkID:-1 Root:root:/ File:C:/Program Files/Epic Games/UE_4.27/FeaturePacks/TP_FlyingBP.upack)
[2025.06.30-20.12.50:063][  0]LogPakFile: OnPakFileMounted2Time == 0.000030
[2025.06.30-20.12.50:063][  0]LogPakFile: PakFile PrimaryIndexSize=188
[2025.06.30-20.12.50:063][  0]LogPakFile: PakFile PathHashIndexSize=101
[2025.06.30-20.12.50:063][  0]LogPakFile: PakFile FullDirectoryIndexSize=150
[2025.06.30-20.12.50:063][  0]LogShaderLibrary: Display: ShaderCodeLibraryPakFileMountedCallback: PakFile 'C:/Program Files/Epic Games/UE_4.27/FeaturePacks/TP_HandheldARBP.upack' (chunk index -1, root 'root:/') mounted
[2025.06.30-20.12.50:063][  0]LogShaderLibrary: Display: ShaderCodeLibraryPakFileMountedCallback: pending pak file info (ChunkID:-1 Root:root:/ File:C:/Program Files/Epic Games/UE_4.27/FeaturePacks/TP_HandheldARBP.upack)
[2025.06.30-20.12.50:063][  0]LogPakFile: OnPakFileMounted2Time == 0.000030
[2025.06.30-20.12.50:064][  0]LogPakFile: PakFile PrimaryIndexSize=182
[2025.06.30-20.12.50:064][  0]LogPakFile: PakFile PathHashIndexSize=101
[2025.06.30-20.12.50:064][  0]LogPakFile: PakFile FullDirectoryIndexSize=138
[2025.06.30-20.12.50:064][  0]LogShaderLibrary: Display: ShaderCodeLibraryPakFileMountedCallback: PakFile 'C:/Program Files/Epic Games/UE_4.27/FeaturePacks/TP_Puzzle.upack' (chunk index -1, root 'root:/') mounted
[2025.06.30-20.12.50:064][  0]LogShaderLibrary: Display: ShaderCodeLibraryPakFileMountedCallback: pending pak file info (ChunkID:-1 Root:root:/ File:C:/Program Files/Epic Games/UE_4.27/FeaturePacks/TP_Puzzle.upack)
[2025.06.30-20.12.50:064][  0]LogPakFile: OnPakFileMounted2Time == 0.000031
[2025.06.30-20.12.50:064][  0]LogPakFile: PakFile PrimaryIndexSize=184
[2025.06.30-20.12.50:064][  0]LogPakFile: PakFile PathHashIndexSize=101
[2025.06.30-20.12.50:064][  0]LogPakFile: PakFile FullDirectoryIndexSize=142
[2025.06.30-20.12.50:064][  0]LogShaderLibrary: Display: ShaderCodeLibraryPakFileMountedCallback: PakFile 'C:/Program Files/Epic Games/UE_4.27/FeaturePacks/TP_PuzzleBP.upack' (chunk index -1, root 'root:/') mounted
[2025.06.30-20.12.50:064][  0]LogShaderLibrary: Display: ShaderCodeLibraryPakFileMountedCallback: pending pak file info (ChunkID:-1 Root:root:/ File:C:/Program Files/Epic Games/UE_4.27/FeaturePacks/TP_PuzzleBP.upack)
[2025.06.30-20.12.50:064][  0]LogPakFile: OnPakFileMounted2Time == 0.000030
[2025.06.30-20.12.50:064][  0]LogPakFile: PakFile PrimaryIndexSize=183
[2025.06.30-20.12.50:064][  0]LogPakFile: PakFile PathHashIndexSize=101
[2025.06.30-20.12.50:064][  0]LogPakFile: PakFile FullDirectoryIndexSize=140
[2025.06.30-20.12.50:065][  0]LogShaderLibrary: Display: ShaderCodeLibraryPakFileMountedCallback: PakFile 'C:/Program Files/Epic Games/UE_4.27/FeaturePacks/TP_Rolling.upack' (chunk index -1, root 'root:/') mounted
[2025.06.30-20.12.50:065][  0]LogShaderLibrary: Display: ShaderCodeLibraryPakFileMountedCallback: pending pak file info (ChunkID:-1 Root:root:/ File:C:/Program Files/Epic Games/UE_4.27/FeaturePacks/TP_Rolling.upack)
[2025.06.30-20.12.50:065][  0]LogPakFile: OnPakFileMounted2Time == 0.000036
[2025.06.30-20.12.50:065][  0]LogPakFile: PakFile PrimaryIndexSize=185
[2025.06.30-20.12.50:065][  0]LogPakFile: PakFile PathHashIndexSize=101
[2025.06.30-20.12.50:065][  0]LogPakFile: PakFile FullDirectoryIndexSize=144
[2025.06.30-20.12.50:065][  0]LogShaderLibrary: Display: ShaderCodeLibraryPakFileMountedCallback: PakFile 'C:/Program Files/Epic Games/UE_4.27/FeaturePacks/TP_RollingBP.upack' (chunk index -1, root 'root:/') mounted
[2025.06.30-20.12.50:065][  0]LogShaderLibrary: Display: ShaderCodeLibraryPakFileMountedCallback: pending pak file info (ChunkID:-1 Root:root:/ File:C:/Program Files/Epic Games/UE_4.27/FeaturePacks/TP_RollingBP.upack)
[2025.06.30-20.12.50:065][  0]LogPakFile: OnPakFileMounted2Time == 0.000032
[2025.06.30-20.12.50:065][  0]LogPakFile: PakFile PrimaryIndexSize=188
[2025.06.30-20.12.50:065][  0]LogPakFile: PakFile PathHashIndexSize=101
[2025.06.30-20.12.50:065][  0]LogPakFile: PakFile FullDirectoryIndexSize=150
[2025.06.30-20.12.50:065][  0]LogShaderLibrary: Display: ShaderCodeLibraryPakFileMountedCallback: PakFile 'C:/Program Files/Epic Games/UE_4.27/FeaturePacks/TP_SideScroller.upack' (chunk index -1, root 'root:/') mounted
[2025.06.30-20.12.50:065][  0]LogShaderLibrary: Display: ShaderCodeLibraryPakFileMountedCallback: pending pak file info (ChunkID:-1 Root:root:/ File:C:/Program Files/Epic Games/UE_4.27/FeaturePacks/TP_SideScroller.upack)
[2025.06.30-20.12.50:065][  0]LogPakFile: OnPakFileMounted2Time == 0.000033
[2025.06.30-20.12.50:066][  0]LogPakFile: PakFile PrimaryIndexSize=190
[2025.06.30-20.12.50:066][  0]LogPakFile: PakFile PathHashIndexSize=101
[2025.06.30-20.12.50:066][  0]LogPakFile: PakFile FullDirectoryIndexSize=154
[2025.06.30-20.12.50:066][  0]LogShaderLibrary: Display: ShaderCodeLibraryPakFileMountedCallback: PakFile 'C:/Program Files/Epic Games/UE_4.27/FeaturePacks/TP_SideScrollerBP.upack' (chunk index -1, root 'root:/') mounted
[2025.06.30-20.12.50:066][  0]LogShaderLibrary: Display: ShaderCodeLibraryPakFileMountedCallback: pending pak file info (ChunkID:-1 Root:root:/ File:C:/Program Files/Epic Games/UE_4.27/FeaturePacks/TP_SideScrollerBP.upack)
[2025.06.30-20.12.50:066][  0]LogPakFile: OnPakFileMounted2Time == 0.000033
[2025.06.30-20.12.50:066][  0]LogPakFile: PakFile PrimaryIndexSize=187
[2025.06.30-20.12.50:066][  0]LogPakFile: PakFile PathHashIndexSize=101
[2025.06.30-20.12.50:066][  0]LogPakFile: PakFile FullDirectoryIndexSize=148
[2025.06.30-20.12.50:066][  0]LogShaderLibrary: Display: ShaderCodeLibraryPakFileMountedCallback: PakFile 'C:/Program Files/Epic Games/UE_4.27/FeaturePacks/TP_ThirdPerson.upack' (chunk index -1, root 'root:/') mounted
[2025.06.30-20.12.50:066][  0]LogShaderLibrary: Display: ShaderCodeLibraryPakFileMountedCallback: pending pak file info (ChunkID:-1 Root:root:/ File:C:/Program Files/Epic Games/UE_4.27/FeaturePacks/TP_ThirdPerson.upack)
[2025.06.30-20.12.50:066][  0]LogPakFile: OnPakFileMounted2Time == 0.000031
[2025.06.30-20.12.50:067][  0]LogPakFile: PakFile PrimaryIndexSize=189
[2025.06.30-20.12.50:067][  0]LogPakFile: PakFile PathHashIndexSize=101
[2025.06.30-20.12.50:067][  0]LogPakFile: PakFile FullDirectoryIndexSize=152
[2025.06.30-20.12.50:067][  0]LogShaderLibrary: Display: ShaderCodeLibraryPakFileMountedCallback: PakFile 'C:/Program Files/Epic Games/UE_4.27/FeaturePacks/TP_ThirdPersonBP.upack' (chunk index -1, root 'root:/') mounted
[2025.06.30-20.12.50:067][  0]LogShaderLibrary: Display: ShaderCodeLibraryPakFileMountedCallback: pending pak file info (ChunkID:-1 Root:root:/ File:C:/Program Files/Epic Games/UE_4.27/FeaturePacks/TP_ThirdPersonBP.upack)
[2025.06.30-20.12.50:067][  0]LogPakFile: OnPakFileMounted2Time == 0.000034
[2025.06.30-20.12.50:067][  0]LogPakFile: PakFile PrimaryIndexSize=183
[2025.06.30-20.12.50:067][  0]LogPakFile: PakFile PathHashIndexSize=101
[2025.06.30-20.12.50:067][  0]LogPakFile: PakFile FullDirectoryIndexSize=140
[2025.06.30-20.12.50:067][  0]LogShaderLibrary: Display: ShaderCodeLibraryPakFileMountedCallback: PakFile 'C:/Program Files/Epic Games/UE_4.27/FeaturePacks/TP_TopDown.upack' (chunk index -1, root 'root:/') mounted
[2025.06.30-20.12.50:067][  0]LogShaderLibrary: Display: ShaderCodeLibraryPakFileMountedCallback: pending pak file info (ChunkID:-1 Root:root:/ File:C:/Program Files/Epic Games/UE_4.27/FeaturePacks/TP_TopDown.upack)
[2025.06.30-20.12.50:067][  0]LogPakFile: OnPakFileMounted2Time == 0.000036
[2025.06.30-20.12.50:068][  0]LogPakFile: PakFile PrimaryIndexSize=185
[2025.06.30-20.12.50:068][  0]LogPakFile: PakFile PathHashIndexSize=101
[2025.06.30-20.12.50:068][  0]LogPakFile: PakFile FullDirectoryIndexSize=144
[2025.06.30-20.12.50:068][  0]LogShaderLibrary: Display: ShaderCodeLibraryPakFileMountedCallback: PakFile 'C:/Program Files/Epic Games/UE_4.27/FeaturePacks/TP_TopDownBP.upack' (chunk index -1, root 'root:/') mounted
[2025.06.30-20.12.50:068][  0]LogShaderLibrary: Display: ShaderCodeLibraryPakFileMountedCallback: pending pak file info (ChunkID:-1 Root:root:/ File:C:/Program Files/Epic Games/UE_4.27/FeaturePacks/TP_TopDownBP.upack)
[2025.06.30-20.12.50:068][  0]LogPakFile: OnPakFileMounted2Time == 0.000035
[2025.06.30-20.12.50:068][  0]LogPakFile: PakFile PrimaryIndexSize=185
[2025.06.30-20.12.50:068][  0]LogPakFile: PakFile PathHashIndexSize=101
[2025.06.30-20.12.50:068][  0]LogPakFile: PakFile FullDirectoryIndexSize=144
[2025.06.30-20.12.50:068][  0]LogShaderLibrary: Display: ShaderCodeLibraryPakFileMountedCallback: PakFile 'C:/Program Files/Epic Games/UE_4.27/FeaturePacks/TP_TwinStick.upack' (chunk index -1, root 'root:/') mounted
[2025.06.30-20.12.50:068][  0]LogShaderLibrary: Display: ShaderCodeLibraryPakFileMountedCallback: pending pak file info (ChunkID:-1 Root:root:/ File:C:/Program Files/Epic Games/UE_4.27/FeaturePacks/TP_TwinStick.upack)
[2025.06.30-20.12.50:068][  0]LogPakFile: OnPakFileMounted2Time == 0.000031
[2025.06.30-20.12.50:069][  0]LogPakFile: PakFile PrimaryIndexSize=187
[2025.06.30-20.12.50:069][  0]LogPakFile: PakFile PathHashIndexSize=101
[2025.06.30-20.12.50:069][  0]LogPakFile: PakFile FullDirectoryIndexSize=148
[2025.06.30-20.12.50:069][  0]LogShaderLibrary: Display: ShaderCodeLibraryPakFileMountedCallback: PakFile 'C:/Program Files/Epic Games/UE_4.27/FeaturePacks/TP_TwinStickBP.upack' (chunk index -1, root 'root:/') mounted
[2025.06.30-20.12.50:069][  0]LogShaderLibrary: Display: ShaderCodeLibraryPakFileMountedCallback: pending pak file info (ChunkID:-1 Root:root:/ File:C:/Program Files/Epic Games/UE_4.27/FeaturePacks/TP_TwinStickBP.upack)
[2025.06.30-20.12.50:069][  0]LogPakFile: OnPakFileMounted2Time == 0.000031
[2025.06.30-20.12.50:069][  0]LogPakFile: PakFile PrimaryIndexSize=183
[2025.06.30-20.12.50:069][  0]LogPakFile: PakFile PathHashIndexSize=101
[2025.06.30-20.12.50:069][  0]LogPakFile: PakFile FullDirectoryIndexSize=140
[2025.06.30-20.12.50:069][  0]LogShaderLibrary: Display: ShaderCodeLibraryPakFileMountedCallback: PakFile 'C:/Program Files/Epic Games/UE_4.27/FeaturePacks/TP_Vehicle.upack' (chunk index -1, root 'root:/') mounted
[2025.06.30-20.12.50:069][  0]LogShaderLibrary: Display: ShaderCodeLibraryPakFileMountedCallback: pending pak file info (ChunkID:-1 Root:root:/ File:C:/Program Files/Epic Games/UE_4.27/FeaturePacks/TP_Vehicle.upack)
[2025.06.30-20.12.50:069][  0]LogPakFile: OnPakFileMounted2Time == 0.000034
[2025.06.30-20.12.50:070][  0]LogPakFile: PakFile PrimaryIndexSize=186
[2025.06.30-20.12.50:070][  0]LogPakFile: PakFile PathHashIndexSize=101
[2025.06.30-20.12.50:070][  0]LogPakFile: PakFile FullDirectoryIndexSize=146
[2025.06.30-20.12.50:070][  0]LogShaderLibrary: Display: ShaderCodeLibraryPakFileMountedCallback: PakFile 'C:/Program Files/Epic Games/UE_4.27/FeaturePacks/TP_VehicleAdv.upack' (chunk index -1, root 'root:/') mounted
[2025.06.30-20.12.50:070][  0]LogShaderLibrary: Display: ShaderCodeLibraryPakFileMountedCallback: pending pak file info (ChunkID:-1 Root:root:/ File:C:/Program Files/Epic Games/UE_4.27/FeaturePacks/TP_VehicleAdv.upack)
[2025.06.30-20.12.50:070][  0]LogPakFile: OnPakFileMounted2Time == 0.000031
[2025.06.30-20.12.50:070][  0]LogPakFile: PakFile PrimaryIndexSize=188
[2025.06.30-20.12.50:070][  0]LogPakFile: PakFile PathHashIndexSize=101
[2025.06.30-20.12.50:070][  0]LogPakFile: PakFile FullDirectoryIndexSize=150
[2025.06.30-20.12.50:070][  0]LogShaderLibrary: Display: ShaderCodeLibraryPakFileMountedCallback: PakFile 'C:/Program Files/Epic Games/UE_4.27/FeaturePacks/TP_VehicleAdvBP.upack' (chunk index -1, root 'root:/') mounted
[2025.06.30-20.12.50:070][  0]LogShaderLibrary: Display: ShaderCodeLibraryPakFileMountedCallback: pending pak file info (ChunkID:-1 Root:root:/ File:C:/Program Files/Epic Games/UE_4.27/FeaturePacks/TP_VehicleAdvBP.upack)
[2025.06.30-20.12.50:070][  0]LogPakFile: OnPakFileMounted2Time == 0.000031
[2025.06.30-20.12.50:071][  0]LogPakFile: PakFile PrimaryIndexSize=185
[2025.06.30-20.12.50:071][  0]LogPakFile: PakFile PathHashIndexSize=101
[2025.06.30-20.12.50:071][  0]LogPakFile: PakFile FullDirectoryIndexSize=144
[2025.06.30-20.12.50:071][  0]LogShaderLibrary: Display: ShaderCodeLibraryPakFileMountedCallback: PakFile 'C:/Program Files/Epic Games/UE_4.27/FeaturePacks/TP_VehicleBP.upack' (chunk index -1, root 'root:/') mounted
[2025.06.30-20.12.50:071][  0]LogShaderLibrary: Display: ShaderCodeLibraryPakFileMountedCallback: pending pak file info (ChunkID:-1 Root:root:/ File:C:/Program Files/Epic Games/UE_4.27/FeaturePacks/TP_VehicleBP.upack)
[2025.06.30-20.12.50:071][  0]LogPakFile: OnPakFileMounted2Time == 0.000031
[2025.06.30-20.12.50:071][  0]LogPakFile: PakFile PrimaryIndexSize=192
[2025.06.30-20.12.50:071][  0]LogPakFile: PakFile PathHashIndexSize=101
[2025.06.30-20.12.50:071][  0]LogPakFile: PakFile FullDirectoryIndexSize=158
[2025.06.30-20.12.50:071][  0]LogShaderLibrary: Display: ShaderCodeLibraryPakFileMountedCallback: PakFile 'C:/Program Files/Epic Games/UE_4.27/FeaturePacks/TP_VirtualRealityBP.upack' (chunk index -1, root 'root:/') mounted
[2025.06.30-20.12.50:071][  0]LogShaderLibrary: Display: ShaderCodeLibraryPakFileMountedCallback: pending pak file info (ChunkID:-1 Root:root:/ File:C:/Program Files/Epic Games/UE_4.27/FeaturePacks/TP_VirtualRealityBP.upack)
[2025.06.30-20.12.50:071][  0]LogPakFile: OnPakFileMounted2Time == 0.000033
[2025.06.30-20.12.50:103][  0]LogNativeClassHierarchy: Verbose: Native class hierarchy updated for 'AddContentDialog' in 0.0002 seconds. Added 0 classes and 0 folders.
[2025.06.30-20.12.50:104][  0]LogNativeClassHierarchy: Verbose: Native class hierarchy updated for 'SceneOutliner' in 0.0002 seconds. Added 2 classes and 0 folders.
[2025.06.30-20.12.50:141][  0]LogSlate: Took 0.000420 seconds to synchronously load lazily loaded font '../../../Engine/Content/Slate/Fonts/Roboto-Regular.ttf' (155K)
[2025.06.30-20.12.50:144][  0]LogSlate: Took 0.000406 seconds to synchronously load lazily loaded font '../../../Engine/Content/Editor/Slate/Fonts/FontAwesome.ttf' (139K)
[2025.06.30-20.12.50:148][  0]LogSlate: Took 0.000349 seconds to synchronously load lazily loaded font '../../../Engine/Content/Slate/Fonts/Roboto-Bold.ttf' (160K)
[2025.06.30-20.12.50:235][  0]LogRenderer: Reallocating scene render targets to support 1208x500 Format 10 NumSamples 1 (Frame:1).
[2025.06.30-20.12.50:304][  0]LogNativeClassHierarchy: Verbose: Native class hierarchy updated for 'HierarchicalLODOutliner' in 0.0002 seconds. Added 0 classes and 0 folders.
[2025.06.30-20.12.50:304][  0]LogLoad: (Engine Initialization) Total time: 5.71 seconds
[2025.06.30-20.12.50:304][  0]LogLoad: (Engine Initialization) Total Blueprint compile time: 0.00 seconds
[2025.06.30-20.12.50:341][  0]LogAssetRegistry: Asset discovery search completed in 3.3903 seconds
[2025.06.30-20.12.50:346][  0]LogCollectionManager: Fixed up redirectors for 0 collections in 0.000003 seconds (updated 0 objects)
[2025.06.30-20.12.50:347][  0]LogContentStreaming: Texture pool size now 1000 MB
[2025.06.30-20.12.50:683][  3]LogSlate: Took 0.000179 seconds to synchronously load lazily loaded font '../../../Engine/Content/Slate/Fonts/Roboto-Light.ttf' (167K)
[2025.06.30-20.13.00:357][386]LogUObjectHash: Compacting FUObjectHashTables data took   0.70ms
[2025.06.30-20.13.00:415][386]LogSlate: Took 0.000136 seconds to synchronously load lazily loaded font '../../../Engine/Content/Slate/Fonts/Roboto-Light.ttf' (167K)
[2025.06.30-20.13.00:436][386]LogAssetEditorSubsystem: Opening Asset editor for World /Game/Cenas/Rafael.Rafael
[2025.06.30-20.13.00:436][386]Cmd: MAP LOAD FILE="../../../../../../Users/rafael.anastácio/Documents/GitHub/Sorry/Content/Cenas/Rafael.umap" TEMPLATE=0 SHOWPROGRESS=1 FEATURELEVEL=3
[2025.06.30-20.13.00:436][386]LightingResults: New page: Compilação de Iluminação
[2025.06.30-20.13.00:436][386]LoadErrors: New page: Carregando mapa: Rafael.umap
[2025.06.30-20.13.00:437][386]LogWorld: UWorld::CleanupWorld for Minimal_Default, bSessionEnded=true, bCleanupResources=true
[2025.06.30-20.13.00:437][386]LogSlate: InvalidateAllWidgets triggered.  All widgets were invalidated
[2025.06.30-20.13.00:437][386]MapCheck: New page: Verificação de Mapa
[2025.06.30-20.13.00:438][386]LightingResults: New page: Compilação de Iluminação
[2025.06.30-20.13.00:442][386]LogAudio: Display: Audio Device unregistered from world 'None'.
[2025.06.30-20.13.00:443][386]LogUObjectHash: Compacting FUObjectHashTables data took   0.69ms
[2025.06.30-20.13.00:444][386]LogAudio: Display: Audio Device (ID: 1) registered with world 'Rafael'.
[2025.06.30-20.13.00:445][386]LogEditorServer: Finished looking for orphan Actors (0.000 secs)
[2025.06.30-20.13.00:445][386]LogAIModule: Creating AISystem for world Rafael
[2025.06.30-20.13.00:451][386]LogUObjectHash: Compacting FUObjectHashTables data took   0.87ms
[2025.06.30-20.13.00:461][386]Cmd: MAP CHECKDEP NOCLEARLOG
[2025.06.30-20.13.00:461][386]MapCheck: Map check complete: 0 Error(s), 0 Warning(s), took 0,108ms to complete.
[2025.06.30-20.13.00:461][386]LogFileHelpers: Loading map 'Rafael' took 0.026
[2025.06.30-20.13.26:428][322]LogActorFactory: Actor Factory created SM_TableRound
[2025.06.30-20.13.29:938][488]LogActorFactory: Actor Factory created SM_TableRound
[2025.06.30-20.13.32:693][591]LogActorFactory: Actor Factory created SM_TableRound
[2025.06.30-20.13.35:013][704]LogActorFactory: Actor Factory created SM_TableRound
[2025.06.30-20.13.36:565][760]LogActorFactory: Actor Factory created SM_TableRound
[2025.06.30-20.13.38:173][834]LogActorFactory: Actor Factory created SM_TableRound
[2025.06.30-20.13.39:691][891]LogEditorViewport: Clicking Background
[2025.06.30-20.13.41:713][965]Cmd: OBJ SAVEPACKAGE PACKAGE="/Game/Cenas/Rafael" FILE="../../../../../../Users/rafael.anastácio/Documents/GitHub/Sorry/Content/Cenas/Rafael.umap" SILENT=true AUTOSAVING=false KEEPDIRTY=false
[2025.06.30-20.13.41:718][965]LogUObjectHash: Compacting FUObjectHashTables data took   0.57ms
[2025.06.30-20.13.41:726][965]LogSavePackage: Moving '../../../../../../Users/rafael.anastácio/Documents/GitHub/Sorry/Saved/Rafael7BFF07974C4FAAB0C74DCFBD54CB3685.tmp' to '../../../../../../Users/rafael.anastácio/Documents/GitHub/Sorry/Content/Cenas/Rafael.umap'
[2025.06.30-20.13.41:745][965]AssetCheck: New page: Asset Save: Rafael
[2025.06.30-20.13.41:745][965]LogContentValidation: Display: Validating World /Game/Cenas/Rafael.Rafael
[2025.06.30-20.13.58:527][565]LogActorFactory: Actor Factory created SM_TableRound
[2025.06.30-20.14.00:644][666]LogActorFactory: Actor Factory created SM_TableRound
[2025.06.30-20.14.43:375][196]LogEditorViewport: Clicking on Actor (LMB): StaticMeshActor (Plane)
[2025.06.30-20.14.52:717][511]LogActorFactory: Actor Factory created SM_Chair
[2025.06.30-20.14.55:828][664]LogActorFactory: Actor Factory created SM_Chair
[2025.06.30-20.14.56:485][689]LogEditorViewport: Clicking Background
[2025.06.30-20.15.11:664][279]LogActorFactory: Actor Factory created Cube
[2025.06.30-20.15.15:039][430]LogActorFactory: Actor Factory created Cube
[2025.06.30-20.15.45:731][636]LogEditorViewport: Clicking Background
[2025.06.30-20.16.31:085][352]LogActorFactory: Actor Factory created Cube
[2025.06.30-20.16.36:052][584]LogActorFactory: Actor Factory created Cube
[2025.06.30-20.17.05:553][698]LogEditorViewport: Clicking Background
[2025.06.30-20.17.07:631][778]LogEditorViewport: Clicking on Actor (LMB): StaticMeshActor (Cube3)
[2025.06.30-20.17.11:608][926]Cmd: DELETE
[2025.06.30-20.17.11:608][926]Cmd: ACTOR DELETE
[2025.06.30-20.17.11:610][926]LogEditorActor: Deleted Actor: StaticMeshActor
[2025.06.30-20.17.11:635][926]LogUObjectHash: Compacting FUObjectHashTables data took   0.88ms
[2025.06.30-20.17.11:636][926]LogEditorActor: Deleted 1 Actors (0.028 secs)
[2025.06.30-20.17.13:305][993]LogEditorViewport: Clicking on Actor (LMB): StaticMeshActor (Cube2)
[2025.06.30-20.17.14:767][ 49]Cmd: DELETE
[2025.06.30-20.17.14:767][ 49]Cmd: ACTOR DELETE
[2025.06.30-20.17.14:768][ 49]LogEditorActor: Deleted Actor: StaticMeshActor
[2025.06.30-20.17.14:774][ 49]LogUObjectHash: Compacting FUObjectHashTables data took   0.26ms
[2025.06.30-20.17.14:775][ 49]LogEditorActor: Deleted 1 Actors (0.007 secs)
[2025.06.30-20.17.18:059][178]Cmd: OBJ SAVEPACKAGE PACKAGE="/Game/Cenas/Rafael" FILE="../../../../../../Users/rafael.anastácio/Documents/GitHub/Sorry/Content/Cenas/Rafael.umap" SILENT=true AUTOSAVING=false KEEPDIRTY=false
[2025.06.30-20.17.18:063][178]LogUObjectHash: Compacting FUObjectHashTables data took   0.22ms
[2025.06.30-20.17.18:071][178]LogSavePackage: Moving '../../../../../../Users/rafael.anastácio/Documents/GitHub/Sorry/Saved/RafaelB28E40E74C2CADDCC731CA9BD11188CE.tmp' to '../../../../../../Users/rafael.anastácio/Documents/GitHub/Sorry/Content/Cenas/Rafael.umap'
[2025.06.30-20.17.18:093][178]AssetCheck: New page: Asset Save: Rafael
[2025.06.30-20.17.18:093][178]LogContentValidation: Display: Validating World /Game/Cenas/Rafael.Rafael
[2025.06.30-20.17.30:025][577]LogActorFactory: Actor Factory created SM_TableRound
[2025.06.30-20.17.32:137][676]LogActorFactory: Actor Factory created SM_TableRound
[2025.06.30-20.17.33:730][735]LogEditorViewport: Clicking Background
[2025.06.30-20.17.39:484][860]LogActorFactory: Actor Factory created SM_Statue
[2025.06.30-20.17.43:520][ 61]LogActorFactory: Actor Factory created SM_Statue
[2025.06.30-20.17.55:039][472]LogD3D11RHI: Timed out while waiting for GPU to catch up. (0.5 s) (ErrorCode 00000001) (00000000)
